2025-11-06 10:21:27,872 - [INFO] - base_api.py:16 - 请求接口为：https://qyapi.weixin.qq.com/cgi-bin/gettoken?corpid=ww779187ee7c9f7085&corpsecret=AAR4FC_5E6m4mbvKWepNrLt7qPFdIHXrjrK77sQcNqE
2025-11-06 10:21:28,436 - [INFO] - base_api.py:18 - 接口响应为：{"errcode":0,"errmsg":"ok","access_token":"Ufy-tFDWjzpfUuCDL5f5DD09hb_7Ujy7jjTByJhonOzT0tiZkqen-e_GAt6E9sJ0d6KHizE0WPwZisd1n43jHC_Z0gi5WoyVK0C4PfHFgMdeJzv7rnJazD6xSTyI7acp5JihzTrjJrE9BvbWqWtC4DFPqzA2Zy4ZgLjRi-G1CzgDV_HmZCu8kbktEHp7g7tQBxMj3o1vrE35HTajDpmJaA","expires_in":7200}
2025-11-06 10:47:29,870 - [INFO] - base_api.py:16 - 请求接口为：https://qyapi.weixin.qq.com/cgi-bin/gettoken?corpid=ww779187ee7c9f7085&corpsecret=AAR4FC_5E6m4mbvKWepNrLt7qPFdIHXrjrK77sQcNqE
2025-11-06 10:47:30,376 - [INFO] - base_api.py:18 - 接口响应为：{"errcode":0,"errmsg":"ok","access_token":"Ufy-tFDWjzpfUuCDL5f5DD09hb_7Ujy7jjTByJhonOzT0tiZkqen-e_GAt6E9sJ0d6KHizE0WPwZisd1n43jHC_Z0gi5WoyVK0C4PfHFgMdeJzv7rnJazD6xSTyI7acp5JihzTrjJrE9BvbWqWtC4DFPqzA2Zy4ZgLjRi-G1CzgDV_HmZCu8kbktEHp7g7tQBxMj3o1vrE35HTajDpmJaA","expires_in":7200}
2025-11-06 10:47:30,378 - [INFO] - tags.py:18 - 创建标签请求体: {'tagname': '临时标签'}
2025-11-06 10:47:30,379 - [INFO] - base_api.py:16 - 请求接口为：https://qyapi.weixin.qq.com/cgi-bin/tag/create
2025-11-06 10:47:30,979 - [INFO] - base_api.py:18 - 接口响应为：{"errcode":0,"errmsg":"created","tagid":1}
2025-11-06 10:47:31,039 - [INFO] - base_api.py:16 - 请求接口为：https://qyapi.weixin.qq.com/cgi-bin/tag/delete
2025-11-06 10:47:31,573 - [INFO] - base_api.py:18 - 接口响应为：{"errcode":0,"errmsg":"deleted"}
2025-11-06 10:47:31,576 - [INFO] - base_api.py:16 - 请求接口为：https://qyapi.weixin.qq.com/cgi-bin/gettoken?corpid=ww779187ee7c9f7085&corpsecret=AAR4FC_5E6m4mbvKWepNrLt7qPFdIHXrjrK77sQcNqE
2025-11-06 10:47:32,024 - [INFO] - base_api.py:18 - 接口响应为：{"errcode":0,"errmsg":"ok","access_token":"Ufy-tFDWjzpfUuCDL5f5DD09hb_7Ujy7jjTByJhonOzT0tiZkqen-e_GAt6E9sJ0d6KHizE0WPwZisd1n43jHC_Z0gi5WoyVK0C4PfHFgMdeJzv7rnJazD6xSTyI7acp5JihzTrjJrE9BvbWqWtC4DFPqzA2Zy4ZgLjRi-G1CzgDV_HmZCu8kbktEHp7g7tQBxMj3o1vrE35HTajDpmJaA","expires_in":7200}
2025-11-06 10:47:32,025 - [INFO] - tags.py:18 - 创建标签请求体: {'tagname': '临时标签'}
2025-11-06 10:47:32,025 - [INFO] - base_api.py:16 - 请求接口为：https://qyapi.weixin.qq.com/cgi-bin/tag/create
2025-11-06 10:47:32,597 - [INFO] - base_api.py:18 - 接口响应为：{"errcode":0,"errmsg":"created","tagid":1}
2025-11-06 10:47:32,604 - [INFO] - base_api.py:16 - 请求接口为：https://qyapi.weixin.qq.com/cgi-bin/tag/delete
2025-11-06 10:47:34,002 - [INFO] - base_api.py:18 - 接口响应为：{"errcode":0,"errmsg":"deleted"}
2025-11-06 10:48:51,446 - [INFO] - base_api.py:16 - 请求接口为：https://qyapi.weixin.qq.com/cgi-bin/gettoken?corpid=ww779187ee7c9f7085&corpsecret=AAR4FC_5E6m4mbvKWepNrLt7qPFdIHXrjrK77sQcNqE
2025-11-06 10:48:51,933 - [INFO] - base_api.py:18 - 接口响应为：{"errcode":0,"errmsg":"ok","access_token":"Ufy-tFDWjzpfUuCDL5f5DD09hb_7Ujy7jjTByJhonOzT0tiZkqen-e_GAt6E9sJ0d6KHizE0WPwZisd1n43jHC_Z0gi5WoyVK0C4PfHFgMdeJzv7rnJazD6xSTyI7acp5JihzTrjJrE9BvbWqWtC4DFPqzA2Zy4ZgLjRi-G1CzgDV_HmZCu8kbktEHp7g7tQBxMj3o1vrE35HTajDpmJaA","expires_in":7200}
2025-11-06 10:48:51,934 - [INFO] - tags.py:18 - 创建标签请求体: {'tagname': '临时标签'}
2025-11-06 10:48:51,936 - [INFO] - base_api.py:16 - 请求接口为：https://qyapi.weixin.qq.com/cgi-bin/tag/create
2025-11-06 10:48:53,419 - [INFO] - base_api.py:18 - 接口响应为：{"errcode":0,"errmsg":"created","tagid":1}
2025-11-06 10:48:53,465 - [INFO] - base_api.py:16 - 请求接口为：https://qyapi.weixin.qq.com/cgi-bin/tag/delete
2025-11-06 10:48:53,890 - [INFO] - base_api.py:18 - 接口响应为：{"errcode":0,"errmsg":"deleted"}
2025-11-06 10:48:53,894 - [INFO] - base_api.py:16 - 请求接口为：https://qyapi.weixin.qq.com/cgi-bin/gettoken?corpid=ww779187ee7c9f7085&corpsecret=AAR4FC_5E6m4mbvKWepNrLt7qPFdIHXrjrK77sQcNqE
2025-11-06 10:48:54,325 - [INFO] - base_api.py:18 - 接口响应为：{"errcode":0,"errmsg":"ok","access_token":"Ufy-tFDWjzpfUuCDL5f5DD09hb_7Ujy7jjTByJhonOzT0tiZkqen-e_GAt6E9sJ0d6KHizE0WPwZisd1n43jHC_Z0gi5WoyVK0C4PfHFgMdeJzv7rnJazD6xSTyI7acp5JihzTrjJrE9BvbWqWtC4DFPqzA2Zy4ZgLjRi-G1CzgDV_HmZCu8kbktEHp7g7tQBxMj3o1vrE35HTajDpmJaA","expires_in":7200}
2025-11-06 10:48:54,328 - [INFO] - tags.py:18 - 创建标签请求体: {'tagname': '临时标签'}
2025-11-06 10:48:54,328 - [INFO] - base_api.py:16 - 请求接口为：https://qyapi.weixin.qq.com/cgi-bin/tag/create
2025-11-06 10:48:54,831 - [INFO] - base_api.py:18 - 接口响应为：{"errcode":0,"errmsg":"created","tagid":1}
2025-11-06 10:48:54,840 - [INFO] - base_api.py:16 - 请求接口为：https://qyapi.weixin.qq.com/cgi-bin/tag/delete
2025-11-06 10:48:56,146 - [INFO] - base_api.py:18 - 接口响应为：{"errcode":0,"errmsg":"deleted"}
2025-11-06 10:51:06,991 - [INFO] - base_api.py:16 - 请求接口为：https://qyapi.weixin.qq.com/cgi-bin/gettoken?corpid=ww779187ee7c9f7085&corpsecret=AAR4FC_5E6m4mbvKWepNrLt7qPFdIHXrjrK77sQcNqE
2025-11-06 10:51:07,430 - [INFO] - base_api.py:18 - 接口响应为：{"errcode":0,"errmsg":"ok","access_token":"Ufy-tFDWjzpfUuCDL5f5DD09hb_7Ujy7jjTByJhonOzT0tiZkqen-e_GAt6E9sJ0d6KHizE0WPwZisd1n43jHC_Z0gi5WoyVK0C4PfHFgMdeJzv7rnJazD6xSTyI7acp5JihzTrjJrE9BvbWqWtC4DFPqzA2Zy4ZgLjRi-G1CzgDV_HmZCu8kbktEHp7g7tQBxMj3o1vrE35HTajDpmJaA","expires_in":7200}
2025-11-06 10:51:07,432 - [INFO] - tags.py:18 - 创建标签请求体: {'tagname': '临时标签'}
2025-11-06 10:51:07,441 - [INFO] - base_api.py:16 - 请求接口为：https://qyapi.weixin.qq.com/cgi-bin/tag/create
2025-11-06 10:51:08,152 - [INFO] - base_api.py:18 - 接口响应为：{"errcode":0,"errmsg":"created","tagid":1}
2025-11-06 10:51:08,154 - [INFO] - base_api.py:16 - 请求接口为：https://qyapi.weixin.qq.com/cgi-bin/tag/update
2025-11-06 10:51:08,513 - [INFO] - base_api.py:18 - 接口响应为：{"errcode":40068,"errmsg":"invalid tagid/groupid, hint: [1762397469038293027892554], from ip: 218.24.198.37, more info at https://open.work.weixin.qq.com/devtool/query?e=40068"}
2025-11-06 10:51:08,514 - [ERROR] - assertions.py:31 - 
❌ JSONPath 断言失败：$.errcode
期望值: 0
实际值: 40068

2025-11-06 10:51:08,557 - [INFO] - base_api.py:16 - 请求接口为：https://qyapi.weixin.qq.com/cgi-bin/tag/delete
2025-11-06 10:51:09,036 - [INFO] - base_api.py:18 - 接口响应为：{"errcode":0,"errmsg":"deleted"}
2025-11-06 10:51:09,039 - [INFO] - base_api.py:16 - 请求接口为：https://qyapi.weixin.qq.com/cgi-bin/gettoken?corpid=ww779187ee7c9f7085&corpsecret=AAR4FC_5E6m4mbvKWepNrLt7qPFdIHXrjrK77sQcNqE
2025-11-06 10:51:10,399 - [INFO] - base_api.py:18 - 接口响应为：{"errcode":0,"errmsg":"ok","access_token":"Ufy-tFDWjzpfUuCDL5f5DD09hb_7Ujy7jjTByJhonOzT0tiZkqen-e_GAt6E9sJ0d6KHizE0WPwZisd1n43jHC_Z0gi5WoyVK0C4PfHFgMdeJzv7rnJazD6xSTyI7acp5JihzTrjJrE9BvbWqWtC4DFPqzA2Zy4ZgLjRi-G1CzgDV_HmZCu8kbktEHp7g7tQBxMj3o1vrE35HTajDpmJaA","expires_in":7200}
2025-11-06 10:51:10,400 - [INFO] - tags.py:18 - 创建标签请求体: {'tagname': '临时标签'}
2025-11-06 10:51:10,401 - [INFO] - base_api.py:16 - 请求接口为：https://qyapi.weixin.qq.com/cgi-bin/tag/create
2025-11-06 10:51:10,863 - [INFO] - base_api.py:18 - 接口响应为：{"errcode":0,"errmsg":"created","tagid":1}
2025-11-06 10:51:10,865 - [INFO] - base_api.py:16 - 请求接口为：https://qyapi.weixin.qq.com/cgi-bin/tag/update
2025-11-06 10:51:11,276 - [INFO] - base_api.py:18 - 接口响应为：{"errcode":40068,"errmsg":"invalid tagid/groupid, hint: [1762397472035890011518829], from ip: 218.24.198.29, more info at https://open.work.weixin.qq.com/devtool/query?e=40068"}
2025-11-06 10:51:11,277 - [ERROR] - assertions.py:31 - 
❌ JSONPath 断言失败：$.errcode
期望值: 0
实际值: 40068

2025-11-06 10:51:11,281 - [INFO] - base_api.py:16 - 请求接口为：https://qyapi.weixin.qq.com/cgi-bin/tag/delete
2025-11-06 10:51:11,676 - [INFO] - base_api.py:18 - 接口响应为：{"errcode":0,"errmsg":"deleted"}
2025-11-06 10:52:57,136 - [INFO] - base_api.py:16 - 请求接口为：https://qyapi.weixin.qq.com/cgi-bin/gettoken?corpid=ww779187ee7c9f7085&corpsecret=AAR4FC_5E6m4mbvKWepNrLt7qPFdIHXrjrK77sQcNqE
2025-11-06 10:52:57,616 - [INFO] - base_api.py:18 - 接口响应为：{"errcode":0,"errmsg":"ok","access_token":"Ufy-tFDWjzpfUuCDL5f5DD09hb_7Ujy7jjTByJhonOzT0tiZkqen-e_GAt6E9sJ0d6KHizE0WPwZisd1n43jHC_Z0gi5WoyVK0C4PfHFgMdeJzv7rnJazD6xSTyI7acp5JihzTrjJrE9BvbWqWtC4DFPqzA2Zy4ZgLjRi-G1CzgDV_HmZCu8kbktEHp7g7tQBxMj3o1vrE35HTajDpmJaA","expires_in":7200}
2025-11-06 10:52:57,618 - [INFO] - tags.py:18 - 创建标签请求体: {'tagname': '临时标签'}
2025-11-06 10:52:57,627 - [INFO] - base_api.py:16 - 请求接口为：https://qyapi.weixin.qq.com/cgi-bin/tag/create
2025-11-06 10:52:58,251 - [INFO] - base_api.py:18 - 接口响应为：{"errcode":0,"errmsg":"created","tagid":1}
2025-11-06 10:52:58,254 - [INFO] - base_api.py:16 - 请求接口为：https://qyapi.weixin.qq.com/cgi-bin/tag/delete
2025-11-06 10:52:58,638 - [INFO] - base_api.py:18 - 接口响应为：{"errcode":0,"errmsg":"deleted"}
2025-11-06 10:52:58,639 - [INFO] - assertions.py:29 - ✅ JSONPath 断言成功：$.errcode = 0
2025-11-06 10:52:58,643 - [INFO] - schema.py:24 - ✅ JSON Schema 校验通过
2025-11-06 10:52:58,645 - [INFO] - base_api.py:16 - 请求接口为：https://qyapi.weixin.qq.com/cgi-bin/tag/delete
2025-11-06 10:52:58,986 - [INFO] - base_api.py:18 - 接口响应为：{"errcode":40068,"errmsg":"invalid tagid/groupid, hint: [1762397580197391347596820], from ip: 218.24.198.37, more info at https://open.work.weixin.qq.com/devtool/query?e=40068"}
2025-11-06 10:52:58,992 - [INFO] - base_api.py:16 - 请求接口为：https://qyapi.weixin.qq.com/cgi-bin/gettoken?corpid=ww779187ee7c9f7085&corpsecret=AAR4FC_5E6m4mbvKWepNrLt7qPFdIHXrjrK77sQcNqE
2025-11-06 10:52:59,422 - [INFO] - base_api.py:18 - 接口响应为：{"errcode":0,"errmsg":"ok","access_token":"Ufy-tFDWjzpfUuCDL5f5DD09hb_7Ujy7jjTByJhonOzT0tiZkqen-e_GAt6E9sJ0d6KHizE0WPwZisd1n43jHC_Z0gi5WoyVK0C4PfHFgMdeJzv7rnJazD6xSTyI7acp5JihzTrjJrE9BvbWqWtC4DFPqzA2Zy4ZgLjRi-G1CzgDV_HmZCu8kbktEHp7g7tQBxMj3o1vrE35HTajDpmJaA","expires_in":7200}
2025-11-06 10:52:59,424 - [INFO] - tags.py:18 - 创建标签请求体: {'tagname': '临时标签'}
2025-11-06 10:52:59,424 - [INFO] - base_api.py:16 - 请求接口为：https://qyapi.weixin.qq.com/cgi-bin/tag/create
2025-11-06 10:52:59,961 - [INFO] - base_api.py:18 - 接口响应为：{"errcode":0,"errmsg":"created","tagid":1}
2025-11-06 10:52:59,962 - [INFO] - base_api.py:16 - 请求接口为：https://qyapi.weixin.qq.com/cgi-bin/tag/delete
2025-11-06 10:53:00,411 - [INFO] - base_api.py:18 - 接口响应为：{"errcode":0,"errmsg":"deleted"}
2025-11-06 10:53:00,411 - [INFO] - assertions.py:29 - ✅ JSONPath 断言成功：$.errcode = 0
2025-11-06 10:53:00,413 - [INFO] - schema.py:24 - ✅ JSON Schema 校验通过
2025-11-06 10:53:00,415 - [INFO] - base_api.py:16 - 请求接口为：https://qyapi.weixin.qq.com/cgi-bin/tag/delete
2025-11-06 10:53:00,799 - [INFO] - base_api.py:18 - 接口响应为：{"errcode":40068,"errmsg":"invalid tagid/groupid, hint: [1762397581614780168167148], from ip: 218.24.198.37, more info at https://open.work.weixin.qq.com/devtool/query?e=40068"}
2025-11-06 10:53:50,293 - [INFO] - base_api.py:16 - 请求接口为：https://qyapi.weixin.qq.com/cgi-bin/gettoken?corpid=ww779187ee7c9f7085&corpsecret=AAR4FC_5E6m4mbvKWepNrLt7qPFdIHXrjrK77sQcNqE
2025-11-06 10:53:50,789 - [INFO] - base_api.py:18 - 接口响应为：{"errcode":0,"errmsg":"ok","access_token":"Ufy-tFDWjzpfUuCDL5f5DD09hb_7Ujy7jjTByJhonOzT0tiZkqen-e_GAt6E9sJ0d6KHizE0WPwZisd1n43jHC_Z0gi5WoyVK0C4PfHFgMdeJzv7rnJazD6xSTyI7acp5JihzTrjJrE9BvbWqWtC4DFPqzA2Zy4ZgLjRi-G1CzgDV_HmZCu8kbktEHp7g7tQBxMj3o1vrE35HTajDpmJaA","expires_in":7200}
2025-11-06 10:53:50,791 - [INFO] - tags.py:18 - 创建标签请求体: {'tagname': '临时标签'}
2025-11-06 10:53:50,800 - [INFO] - base_api.py:16 - 请求接口为：https://qyapi.weixin.qq.com/cgi-bin/tag/create
2025-11-06 10:53:51,390 - [INFO] - base_api.py:18 - 接口响应为：{"errcode":0,"errmsg":"created","tagid":1}
2025-11-06 10:53:51,439 - [INFO] - base_api.py:16 - 请求接口为：https://qyapi.weixin.qq.com/cgi-bin/tag/delete
2025-11-06 10:53:52,816 - [INFO] - base_api.py:18 - 接口响应为：{"errcode":0,"errmsg":"deleted"}
2025-11-06 10:53:52,819 - [INFO] - base_api.py:16 - 请求接口为：https://qyapi.weixin.qq.com/cgi-bin/gettoken?corpid=ww779187ee7c9f7085&corpsecret=AAR4FC_5E6m4mbvKWepNrLt7qPFdIHXrjrK77sQcNqE
2025-11-06 10:53:53,328 - [INFO] - base_api.py:18 - 接口响应为：{"errcode":0,"errmsg":"ok","access_token":"Ufy-tFDWjzpfUuCDL5f5DD09hb_7Ujy7jjTByJhonOzT0tiZkqen-e_GAt6E9sJ0d6KHizE0WPwZisd1n43jHC_Z0gi5WoyVK0C4PfHFgMdeJzv7rnJazD6xSTyI7acp5JihzTrjJrE9BvbWqWtC4DFPqzA2Zy4ZgLjRi-G1CzgDV_HmZCu8kbktEHp7g7tQBxMj3o1vrE35HTajDpmJaA","expires_in":7200}
2025-11-06 10:53:53,330 - [INFO] - tags.py:18 - 创建标签请求体: {'tagname': '临时标签'}
2025-11-06 10:53:53,330 - [INFO] - base_api.py:16 - 请求接口为：https://qyapi.weixin.qq.com/cgi-bin/tag/create
2025-11-06 10:53:53,835 - [INFO] - base_api.py:18 - 接口响应为：{"errcode":0,"errmsg":"created","tagid":1}
2025-11-06 10:53:53,841 - [INFO] - base_api.py:16 - 请求接口为：https://qyapi.weixin.qq.com/cgi-bin/tag/delete
2025-11-06 10:53:54,315 - [INFO] - base_api.py:18 - 接口响应为：{"errcode":0,"errmsg":"deleted"}
2025-11-06 10:54:29,625 - [INFO] - base_api.py:16 - 请求接口为：https://qyapi.weixin.qq.com/cgi-bin/gettoken?corpid=ww779187ee7c9f7085&corpsecret=AAR4FC_5E6m4mbvKWepNrLt7qPFdIHXrjrK77sQcNqE
2025-11-06 10:54:30,150 - [INFO] - base_api.py:18 - 接口响应为：{"errcode":0,"errmsg":"ok","access_token":"Ufy-tFDWjzpfUuCDL5f5DD09hb_7Ujy7jjTByJhonOzT0tiZkqen-e_GAt6E9sJ0d6KHizE0WPwZisd1n43jHC_Z0gi5WoyVK0C4PfHFgMdeJzv7rnJazD6xSTyI7acp5JihzTrjJrE9BvbWqWtC4DFPqzA2Zy4ZgLjRi-G1CzgDV_HmZCu8kbktEHp7g7tQBxMj3o1vrE35HTajDpmJaA","expires_in":7200}
2025-11-06 10:54:30,151 - [INFO] - tags.py:18 - 创建标签请求体: {'tagname': '临时标签'}
2025-11-06 10:54:30,160 - [INFO] - base_api.py:16 - 请求接口为：https://qyapi.weixin.qq.com/cgi-bin/tag/create
2025-11-06 10:54:30,885 - [INFO] - base_api.py:18 - 接口响应为：{"errcode":0,"errmsg":"created","tagid":1}
2025-11-06 10:54:30,887 - [INFO] - base_api.py:16 - 请求接口为：https://qyapi.weixin.qq.com/cgi-bin/tag/get
2025-11-06 10:54:31,422 - [INFO] - base_api.py:18 - 接口响应为：{"errcode":0,"errmsg":"ok","userlist":[],"partylist":[],"tagname":"临时标签"}
2025-11-06 10:54:31,424 - [INFO] - assertions.py:29 - ✅ JSONPath 断言成功：$.errcode = 0
2025-11-06 10:54:31,426 - [INFO] - schema.py:24 - ✅ JSON Schema 校验通过
2025-11-06 10:54:31,429 - [INFO] - base_api.py:16 - 请求接口为：https://qyapi.weixin.qq.com/cgi-bin/tag/delete
2025-11-06 10:54:31,831 - [INFO] - base_api.py:18 - 接口响应为：{"errcode":0,"errmsg":"deleted"}
2025-11-06 10:56:29,089 - [INFO] - base_api.py:16 - 请求接口为：https://qyapi.weixin.qq.com/cgi-bin/gettoken?corpid=ww779187ee7c9f7085&corpsecret=AAR4FC_5E6m4mbvKWepNrLt7qPFdIHXrjrK77sQcNqE
2025-11-06 10:56:29,569 - [INFO] - base_api.py:18 - 接口响应为：{"errcode":0,"errmsg":"ok","access_token":"Ufy-tFDWjzpfUuCDL5f5DD09hb_7Ujy7jjTByJhonOzT0tiZkqen-e_GAt6E9sJ0d6KHizE0WPwZisd1n43jHC_Z0gi5WoyVK0C4PfHFgMdeJzv7rnJazD6xSTyI7acp5JihzTrjJrE9BvbWqWtC4DFPqzA2Zy4ZgLjRi-G1CzgDV_HmZCu8kbktEHp7g7tQBxMj3o1vrE35HTajDpmJaA","expires_in":7200}
2025-11-06 10:56:29,571 - [INFO] - tags.py:18 - 创建标签请求体: {'tagname': '临时标签'}
2025-11-06 10:56:29,572 - [INFO] - base_api.py:16 - 请求接口为：https://qyapi.weixin.qq.com/cgi-bin/tag/create
2025-11-06 10:56:30,116 - [INFO] - base_api.py:18 - 接口响应为：{"errcode":0,"errmsg":"created","tagid":1}
2025-11-06 10:56:30,118 - [INFO] - base_api.py:16 - 请求接口为：https://qyapi.weixin.qq.com/cgi-bin/tag/delete
2025-11-06 10:56:30,525 - [INFO] - base_api.py:18 - 接口响应为：{"errcode":0,"errmsg":"deleted"}
2025-11-06 10:56:30,526 - [INFO] - assertions.py:29 - ✅ JSONPath 断言成功：$.errcode = 0
2025-11-06 10:56:30,528 - [INFO] - schema.py:24 - ✅ JSON Schema 校验通过
2025-11-06 10:56:30,531 - [INFO] - base_api.py:16 - 请求接口为：https://qyapi.weixin.qq.com/cgi-bin/tag/delete
2025-11-06 10:56:30,914 - [INFO] - base_api.py:18 - 接口响应为：{"errcode":40068,"errmsg":"invalid tagid/groupid, hint: [1762397792614782052420890], from ip: 218.24.198.29, more info at https://open.work.weixin.qq.com/devtool/query?e=40068"}
2025-11-06 10:56:30,919 - [INFO] - base_api.py:16 - 请求接口为：https://qyapi.weixin.qq.com/cgi-bin/gettoken?corpid=ww779187ee7c9f7085&corpsecret=AAR4FC_5E6m4mbvKWepNrLt7qPFdIHXrjrK77sQcNqE
2025-11-06 10:56:31,367 - [INFO] - base_api.py:18 - 接口响应为：{"errcode":0,"errmsg":"ok","access_token":"Ufy-tFDWjzpfUuCDL5f5DD09hb_7Ujy7jjTByJhonOzT0tiZkqen-e_GAt6E9sJ0d6KHizE0WPwZisd1n43jHC_Z0gi5WoyVK0C4PfHFgMdeJzv7rnJazD6xSTyI7acp5JihzTrjJrE9BvbWqWtC4DFPqzA2Zy4ZgLjRi-G1CzgDV_HmZCu8kbktEHp7g7tQBxMj3o1vrE35HTajDpmJaA","expires_in":7200}
2025-11-06 10:56:31,368 - [INFO] - tags.py:18 - 创建标签请求体: {'tagname': '临时标签'}
2025-11-06 10:56:31,368 - [INFO] - base_api.py:16 - 请求接口为：https://qyapi.weixin.qq.com/cgi-bin/tag/create
2025-11-06 10:56:31,859 - [INFO] - base_api.py:18 - 接口响应为：{"errcode":0,"errmsg":"created","tagid":1}
2025-11-06 10:56:31,860 - [INFO] - base_api.py:16 - 请求接口为：https://qyapi.weixin.qq.com/cgi-bin/tag/delete
2025-11-06 10:56:32,270 - [INFO] - base_api.py:18 - 接口响应为：{"errcode":0,"errmsg":"deleted"}
2025-11-06 10:56:32,270 - [INFO] - assertions.py:29 - ✅ JSONPath 断言成功：$.errcode = 0
2025-11-06 10:56:32,271 - [INFO] - schema.py:24 - ✅ JSON Schema 校验通过
2025-11-06 10:56:32,273 - [INFO] - base_api.py:16 - 请求接口为：https://qyapi.weixin.qq.com/cgi-bin/tag/delete
2025-11-06 10:56:32,643 - [INFO] - base_api.py:18 - 接口响应为：{"errcode":40068,"errmsg":"invalid tagid/groupid, hint: [1762397793555212662585777], from ip: 218.24.198.37, more info at https://open.work.weixin.qq.com/devtool/query?e=40068"}
2025-11-06 10:57:14,422 - [INFO] - base_api.py:16 - 请求接口为：https://qyapi.weixin.qq.com/cgi-bin/gettoken?corpid=ww779187ee7c9f7085&corpsecret=AAR4FC_5E6m4mbvKWepNrLt7qPFdIHXrjrK77sQcNqE
2025-11-06 10:57:15,749 - [INFO] - base_api.py:18 - 接口响应为：{"errcode":0,"errmsg":"ok","access_token":"Ufy-tFDWjzpfUuCDL5f5DD09hb_7Ujy7jjTByJhonOzT0tiZkqen-e_GAt6E9sJ0d6KHizE0WPwZisd1n43jHC_Z0gi5WoyVK0C4PfHFgMdeJzv7rnJazD6xSTyI7acp5JihzTrjJrE9BvbWqWtC4DFPqzA2Zy4ZgLjRi-G1CzgDV_HmZCu8kbktEHp7g7tQBxMj3o1vrE35HTajDpmJaA","expires_in":7200}
2025-11-06 10:57:15,750 - [INFO] - tags.py:18 - 创建标签请求体: {'tagname': '临时标签'}
2025-11-06 10:57:15,752 - [INFO] - base_api.py:16 - 请求接口为：https://qyapi.weixin.qq.com/cgi-bin/tag/create
2025-11-06 10:57:16,266 - [INFO] - base_api.py:18 - 接口响应为：{"errcode":0,"errmsg":"created","tagid":1}
2025-11-06 10:57:16,320 - [INFO] - base_api.py:16 - 请求接口为：https://qyapi.weixin.qq.com/cgi-bin/tag/delete
2025-11-06 10:57:17,649 - [INFO] - base_api.py:18 - 接口响应为：{"errcode":0,"errmsg":"deleted"}
2025-11-06 10:57:17,653 - [INFO] - base_api.py:16 - 请求接口为：https://qyapi.weixin.qq.com/cgi-bin/gettoken?corpid=ww779187ee7c9f7085&corpsecret=AAR4FC_5E6m4mbvKWepNrLt7qPFdIHXrjrK77sQcNqE
2025-11-06 10:57:18,131 - [INFO] - base_api.py:18 - 接口响应为：{"errcode":0,"errmsg":"ok","access_token":"Ufy-tFDWjzpfUuCDL5f5DD09hb_7Ujy7jjTByJhonOzT0tiZkqen-e_GAt6E9sJ0d6KHizE0WPwZisd1n43jHC_Z0gi5WoyVK0C4PfHFgMdeJzv7rnJazD6xSTyI7acp5JihzTrjJrE9BvbWqWtC4DFPqzA2Zy4ZgLjRi-G1CzgDV_HmZCu8kbktEHp7g7tQBxMj3o1vrE35HTajDpmJaA","expires_in":7200}
2025-11-06 10:57:18,132 - [INFO] - tags.py:18 - 创建标签请求体: {'tagname': '临时标签'}
2025-11-06 10:57:18,132 - [INFO] - base_api.py:16 - 请求接口为：https://qyapi.weixin.qq.com/cgi-bin/tag/create
2025-11-06 10:57:19,507 - [INFO] - base_api.py:18 - 接口响应为：{"errcode":0,"errmsg":"created","tagid":1}
2025-11-06 10:57:19,515 - [INFO] - base_api.py:16 - 请求接口为：https://qyapi.weixin.qq.com/cgi-bin/tag/delete
2025-11-06 10:57:19,974 - [INFO] - base_api.py:18 - 接口响应为：{"errcode":0,"errmsg":"deleted"}
2025-11-06 10:58:38,361 - [INFO] - base_api.py:16 - 请求接口为：https://qyapi.weixin.qq.com/cgi-bin/gettoken?corpid=ww779187ee7c9f7085&corpsecret=AAR4FC_5E6m4mbvKWepNrLt7qPFdIHXrjrK77sQcNqE
2025-11-06 10:58:39,718 - [INFO] - base_api.py:18 - 接口响应为：{"errcode":0,"errmsg":"ok","access_token":"Ufy-tFDWjzpfUuCDL5f5DD09hb_7Ujy7jjTByJhonOzT0tiZkqen-e_GAt6E9sJ0d6KHizE0WPwZisd1n43jHC_Z0gi5WoyVK0C4PfHFgMdeJzv7rnJazD6xSTyI7acp5JihzTrjJrE9BvbWqWtC4DFPqzA2Zy4ZgLjRi-G1CzgDV_HmZCu8kbktEHp7g7tQBxMj3o1vrE35HTajDpmJaA","expires_in":7200}
2025-11-06 10:58:39,719 - [INFO] - tags.py:18 - 创建标签请求体: {'tagname': '临时标签'}
2025-11-06 10:58:39,728 - [INFO] - base_api.py:16 - 请求接口为：https://qyapi.weixin.qq.com/cgi-bin/tag/create
2025-11-06 10:58:40,332 - [INFO] - base_api.py:18 - 接口响应为：{"errcode":0,"errmsg":"created","tagid":1}
2025-11-06 10:58:40,334 - [INFO] - base_api.py:16 - 请求接口为：https://qyapi.weixin.qq.com/cgi-bin/tag/update
2025-11-06 10:58:40,842 - [INFO] - base_api.py:18 - 接口响应为：{"errcode":0,"errmsg":"updated"}
2025-11-06 10:58:40,843 - [INFO] - assertions.py:29 - ✅ JSONPath 断言成功：$.errcode = 0
2025-11-06 10:58:40,844 - [INFO] - schema.py:24 - ✅ JSON Schema 校验通过
2025-11-06 10:58:40,846 - [INFO] - base_api.py:16 - 请求接口为：https://qyapi.weixin.qq.com/cgi-bin/tag/delete
2025-11-06 10:58:41,323 - [INFO] - base_api.py:18 - 接口响应为：{"errcode":0,"errmsg":"deleted"}
2025-11-06 10:58:41,327 - [INFO] - base_api.py:16 - 请求接口为：https://qyapi.weixin.qq.com/cgi-bin/gettoken?corpid=ww779187ee7c9f7085&corpsecret=AAR4FC_5E6m4mbvKWepNrLt7qPFdIHXrjrK77sQcNqE
2025-11-06 10:58:42,684 - [INFO] - base_api.py:18 - 接口响应为：{"errcode":0,"errmsg":"ok","access_token":"Ufy-tFDWjzpfUuCDL5f5DD09hb_7Ujy7jjTByJhonOzT0tiZkqen-e_GAt6E9sJ0d6KHizE0WPwZisd1n43jHC_Z0gi5WoyVK0C4PfHFgMdeJzv7rnJazD6xSTyI7acp5JihzTrjJrE9BvbWqWtC4DFPqzA2Zy4ZgLjRi-G1CzgDV_HmZCu8kbktEHp7g7tQBxMj3o1vrE35HTajDpmJaA","expires_in":7200}
2025-11-06 10:58:42,686 - [INFO] - tags.py:18 - 创建标签请求体: {'tagname': '临时标签'}
2025-11-06 10:58:42,686 - [INFO] - base_api.py:16 - 请求接口为：https://qyapi.weixin.qq.com/cgi-bin/tag/create
2025-11-06 10:58:44,071 - [INFO] - base_api.py:18 - 接口响应为：{"errcode":0,"errmsg":"created","tagid":1}
2025-11-06 10:58:44,073 - [INFO] - base_api.py:16 - 请求接口为：https://qyapi.weixin.qq.com/cgi-bin/tag/update
2025-11-06 10:58:44,481 - [INFO] - base_api.py:18 - 接口响应为：{"errcode":0,"errmsg":"updated"}
2025-11-06 10:58:44,481 - [INFO] - assertions.py:29 - ✅ JSONPath 断言成功：$.errcode = 0
2025-11-06 10:58:44,484 - [INFO] - schema.py:24 - ✅ JSON Schema 校验通过
2025-11-06 10:58:44,487 - [INFO] - base_api.py:16 - 请求接口为：https://qyapi.weixin.qq.com/cgi-bin/tag/delete
2025-11-06 10:58:44,868 - [INFO] - base_api.py:18 - 接口响应为：{"errcode":0,"errmsg":"deleted"}
2025-11-06 10:59:57,103 - [INFO] - base_api.py:16 - 请求接口为：https://qyapi.weixin.qq.com/cgi-bin/gettoken?corpid=ww779187ee7c9f7085&corpsecret=AAR4FC_5E6m4mbvKWepNrLt7qPFdIHXrjrK77sQcNqE
2025-11-06 10:59:57,594 - [INFO] - base_api.py:18 - 接口响应为：{"errcode":0,"errmsg":"ok","access_token":"Ufy-tFDWjzpfUuCDL5f5DD09hb_7Ujy7jjTByJhonOzT0tiZkqen-e_GAt6E9sJ0d6KHizE0WPwZisd1n43jHC_Z0gi5WoyVK0C4PfHFgMdeJzv7rnJazD6xSTyI7acp5JihzTrjJrE9BvbWqWtC4DFPqzA2Zy4ZgLjRi-G1CzgDV_HmZCu8kbktEHp7g7tQBxMj3o1vrE35HTajDpmJaA","expires_in":7200}
2025-11-06 10:59:57,598 - [INFO] - tags.py:18 - 创建标签请求体: {'tagname': '测试标签A'}
2025-11-06 10:59:57,598 - [INFO] - base_api.py:16 - 请求接口为：https://qyapi.weixin.qq.com/cgi-bin/tag/create
2025-11-06 10:59:58,216 - [INFO] - base_api.py:18 - 接口响应为：{"errcode":0,"errmsg":"created","tagid":1}
2025-11-06 10:59:58,216 - [INFO] - assertions.py:29 - ✅ JSONPath 断言成功：$.errcode = 0
2025-11-06 10:59:58,218 - [INFO] - schema.py:24 - ✅ JSON Schema 校验通过
2025-11-06 10:59:58,220 - [INFO] - base_api.py:16 - 请求接口为：https://qyapi.weixin.qq.com/cgi-bin/gettoken?corpid=ww779187ee7c9f7085&corpsecret=AAR4FC_5E6m4mbvKWepNrLt7qPFdIHXrjrK77sQcNqE
2025-11-06 10:59:58,774 - [INFO] - base_api.py:18 - 接口响应为：{"errcode":0,"errmsg":"ok","access_token":"Ufy-tFDWjzpfUuCDL5f5DD09hb_7Ujy7jjTByJhonOzT0tiZkqen-e_GAt6E9sJ0d6KHizE0WPwZisd1n43jHC_Z0gi5WoyVK0C4PfHFgMdeJzv7rnJazD6xSTyI7acp5JihzTrjJrE9BvbWqWtC4DFPqzA2Zy4ZgLjRi-G1CzgDV_HmZCu8kbktEHp7g7tQBxMj3o1vrE35HTajDpmJaA","expires_in":7200}
2025-11-06 10:59:58,776 - [INFO] - tags.py:18 - 创建标签请求体: {'tagname': 'Tag_English'}
2025-11-06 10:59:58,776 - [INFO] - base_api.py:16 - 请求接口为：https://qyapi.weixin.qq.com/cgi-bin/tag/create
2025-11-06 11:00:00,214 - [INFO] - base_api.py:18 - 接口响应为：{"errcode":0,"errmsg":"created","tagid":2}
2025-11-06 11:00:00,215 - [INFO] - assertions.py:29 - ✅ JSONPath 断言成功：$.errcode = 0
2025-11-06 11:00:00,217 - [INFO] - schema.py:24 - ✅ JSON Schema 校验通过
2025-11-06 11:00:00,220 - [INFO] - base_api.py:16 - 请求接口为：https://qyapi.weixin.qq.com/cgi-bin/gettoken?corpid=ww779187ee7c9f7085&corpsecret=AAR4FC_5E6m4mbvKWepNrLt7qPFdIHXrjrK77sQcNqE
2025-11-06 11:00:00,653 - [INFO] - base_api.py:18 - 接口响应为：{"errcode":0,"errmsg":"ok","access_token":"Ufy-tFDWjzpfUuCDL5f5DD09hb_7Ujy7jjTByJhonOzT0tiZkqen-e_GAt6E9sJ0d6KHizE0WPwZisd1n43jHC_Z0gi5WoyVK0C4PfHFgMdeJzv7rnJazD6xSTyI7acp5JihzTrjJrE9BvbWqWtC4DFPqzA2Zy4ZgLjRi-G1CzgDV_HmZCu8kbktEHp7g7tQBxMj3o1vrE35HTajDpmJaA","expires_in":7200}
2025-11-06 11:00:00,656 - [INFO] - tags.py:18 - 创建标签请求体: {'tagname': '测试标签A'}
2025-11-06 11:00:00,656 - [INFO] - base_api.py:16 - 请求接口为：https://qyapi.weixin.qq.com/cgi-bin/tag/create
2025-11-06 11:00:01,091 - [INFO] - base_api.py:18 - 接口响应为：{"errcode":40071,"errmsg":"UserTag Name Already Exist, hint: [1762398002494182986427358], from ip: 218.24.198.37, more info at https://open.work.weixin.qq.com/devtool/query?e=40071"}
2025-11-06 11:00:01,091 - [ERROR] - assertions.py:31 - 
❌ JSONPath 断言失败：$.errcode
期望值: 40068
实际值: 40071

2025-11-06 11:00:01,135 - [INFO] - base_api.py:16 - 请求接口为：https://qyapi.weixin.qq.com/cgi-bin/gettoken?corpid=ww779187ee7c9f7085&corpsecret=AAR4FC_5E6m4mbvKWepNrLt7qPFdIHXrjrK77sQcNqE
2025-11-06 11:00:01,621 - [INFO] - base_api.py:18 - 接口响应为：{"errcode":0,"errmsg":"ok","access_token":"Ufy-tFDWjzpfUuCDL5f5DD09hb_7Ujy7jjTByJhonOzT0tiZkqen-e_GAt6E9sJ0d6KHizE0WPwZisd1n43jHC_Z0gi5WoyVK0C4PfHFgMdeJzv7rnJazD6xSTyI7acp5JihzTrjJrE9BvbWqWtC4DFPqzA2Zy4ZgLjRi-G1CzgDV_HmZCu8kbktEHp7g7tQBxMj3o1vrE35HTajDpmJaA","expires_in":7200}
2025-11-06 11:00:01,623 - [INFO] - tags.py:18 - 创建标签请求体: {'tagname': '标签标签标签标签标签标签标签标签标签标签标签标签标签标签标签标签 标签标签标签标签标签标签标签标签标签标签标签标签标签标签标签标签 标签标签标签标签标签标签标签标签标签标签标签标签标签标签标签标签\n'}
2025-11-06 11:00:01,623 - [INFO] - base_api.py:16 - 请求接口为：https://qyapi.weixin.qq.com/cgi-bin/tag/create
2025-11-06 11:00:02,016 - [INFO] - base_api.py:18 - 接口响应为：{"errcode":40058,"errmsg":"tagname exceed max utf8 words 32. invalid Request Parameter, hint: [1762398003345570402408261], from ip: 218.24.198.37, more info at https://open.work.weixin.qq.com/devtool/query?e=40058"}
2025-11-06 11:00:02,025 - [INFO] - assertions.py:29 - ✅ JSONPath 断言成功：$.errcode = 40058
2025-11-06 11:00:02,026 - [INFO] - schema.py:24 - ✅ JSON Schema 校验通过
2025-11-06 11:00:02,028 - [INFO] - base_api.py:16 - 请求接口为：https://qyapi.weixin.qq.com/cgi-bin/gettoken?corpid=ww779187ee7c9f7085&corpsecret=AAR4FC_5E6m4mbvKWepNrLt7qPFdIHXrjrK77sQcNqE
2025-11-06 11:00:02,587 - [INFO] - base_api.py:18 - 接口响应为：{"errcode":0,"errmsg":"ok","access_token":"Ufy-tFDWjzpfUuCDL5f5DD09hb_7Ujy7jjTByJhonOzT0tiZkqen-e_GAt6E9sJ0d6KHizE0WPwZisd1n43jHC_Z0gi5WoyVK0C4PfHFgMdeJzv7rnJazD6xSTyI7acp5JihzTrjJrE9BvbWqWtC4DFPqzA2Zy4ZgLjRi-G1CzgDV_HmZCu8kbktEHp7g7tQBxMj3o1vrE35HTajDpmJaA","expires_in":7200}
2025-11-06 11:00:02,589 - [INFO] - tags.py:18 - 创建标签请求体: {'tagname': '@@@标签'}
2025-11-06 11:00:02,589 - [INFO] - base_api.py:16 - 请求接口为：https://qyapi.weixin.qq.com/cgi-bin/tag/create
2025-11-06 11:00:03,157 - [INFO] - base_api.py:18 - 接口响应为：{"errcode":0,"errmsg":"created","tagid":3}
2025-11-06 11:00:03,157 - [ERROR] - assertions.py:31 - 
❌ JSONPath 断言失败：$.errcode
期望值: 40058
实际值: 0

2025-11-06 11:00:03,162 - [INFO] - base_api.py:16 - 请求接口为：https://qyapi.weixin.qq.com/cgi-bin/gettoken?corpid=ww779187ee7c9f7085&corpsecret=AAR4FC_5E6m4mbvKWepNrLt7qPFdIHXrjrK77sQcNqE
2025-11-06 11:00:03,624 - [INFO] - base_api.py:18 - 接口响应为：{"errcode":0,"errmsg":"ok","access_token":"Ufy-tFDWjzpfUuCDL5f5DD09hb_7Ujy7jjTByJhonOzT0tiZkqen-e_GAt6E9sJ0d6KHizE0WPwZisd1n43jHC_Z0gi5WoyVK0C4PfHFgMdeJzv7rnJazD6xSTyI7acp5JihzTrjJrE9BvbWqWtC4DFPqzA2Zy4ZgLjRi-G1CzgDV_HmZCu8kbktEHp7g7tQBxMj3o1vrE35HTajDpmJaA","expires_in":7200}
2025-11-06 11:00:03,626 - [INFO] - tags.py:18 - 创建标签请求体: {'tagname': ''}
2025-11-06 11:00:03,626 - [INFO] - base_api.py:16 - 请求接口为：https://qyapi.weixin.qq.com/cgi-bin/tag/create
2025-11-06 11:00:04,060 - [INFO] - base_api.py:18 - 接口响应为：{"errcode":40072,"errmsg":"unknow error, hint: [1762398005499301036770141], from ip: 218.24.198.37, more info at https://open.work.weixin.qq.com/devtool/query?e=40072"}
2025-11-06 11:00:04,061 - [ERROR] - assertions.py:31 - 
❌ JSONPath 断言失败：$.errcode
期望值: 40058
实际值: 40072

2025-11-06 20:58:59,175 - [INFO] - base_api.py:16 - 请求接口为：https://qyapi.weixin.qq.com/cgi-bin/gettoken?corpid=ww779187ee7c9f7085&corpsecret=AAR4FC_5E6m4mbvKWepNrLt7qPFdIHXrjrK77sQcNqE
2025-11-06 20:58:59,682 - [INFO] - base_api.py:18 - 接口响应为：{"errcode":0,"errmsg":"ok","access_token":"aYceRi6PkF8wYvFG_-z_icSm9BWuZJgRddvQRIQNvSQXfy3V82MSLHkgtvyPlseqM0JDUMsgxI8rX8gnt94LPKrV5m_Cg0ZakshoRBWeD7Rqv3MKb6OQvFKgKKaVXuvZ5hzOv_UKiSHFI98Lalw-pHTyxihLDc9hFmZD4a1L8uBkn7BFedMG_luszW3kmqm1Wio9LXmss-cD1bRm-ozoBA","expires_in":7200}
2025-11-06 20:58:59,685 - [INFO] - tags.py:18 - 创建标签请求体: {'tagname': '测试标签A'}
2025-11-06 20:58:59,685 - [INFO] - base_api.py:16 - 请求接口为：https://qyapi.weixin.qq.com/cgi-bin/tag/create
2025-11-06 20:59:04,855 - [INFO] - base_api.py:16 - 请求接口为：https://qyapi.weixin.qq.com/cgi-bin/gettoken?corpid=ww779187ee7c9f7085&corpsecret=AAR4FC_5E6m4mbvKWepNrLt7qPFdIHXrjrK77sQcNqE
2025-11-06 20:59:05,688 - [INFO] - base_api.py:18 - 接口响应为：{"errcode":0,"errmsg":"ok","access_token":"aYceRi6PkF8wYvFG_-z_icSm9BWuZJgRddvQRIQNvSQXfy3V82MSLHkgtvyPlseqM0JDUMsgxI8rX8gnt94LPKrV5m_Cg0ZakshoRBWeD7Rqv3MKb6OQvFKgKKaVXuvZ5hzOv_UKiSHFI98Lalw-pHTyxihLDc9hFmZD4a1L8uBkn7BFedMG_luszW3kmqm1Wio9LXmss-cD1bRm-ozoBA","expires_in":7200}
2025-11-06 20:59:05,690 - [INFO] - tags.py:18 - 创建标签请求体: {'tagname': 'Tag_English'}
2025-11-06 20:59:05,690 - [INFO] - base_api.py:16 - 请求接口为：https://qyapi.weixin.qq.com/cgi-bin/tag/create
2025-11-06 20:59:06,147 - [INFO] - base_api.py:18 - 接口响应为：{"errcode":40071,"errmsg":"UserTag Name Already Exist, hint: [1762433947204410118262351], from ip: 218.24.198.29, more info at https://open.work.weixin.qq.com/devtool/query?e=40071"}
2025-11-06 20:59:06,148 - [ERROR] - assertions.py:31 - 
❌ JSONPath 断言失败：$.errcode
期望值: 0
实际值: 40071

2025-11-06 20:59:06,158 - [INFO] - base_api.py:16 - 请求接口为：https://qyapi.weixin.qq.com/cgi-bin/gettoken?corpid=ww779187ee7c9f7085&corpsecret=AAR4FC_5E6m4mbvKWepNrLt7qPFdIHXrjrK77sQcNqE
2025-11-06 20:59:06,601 - [INFO] - base_api.py:18 - 接口响应为：{"errcode":0,"errmsg":"ok","access_token":"aYceRi6PkF8wYvFG_-z_icSm9BWuZJgRddvQRIQNvSQXfy3V82MSLHkgtvyPlseqM0JDUMsgxI8rX8gnt94LPKrV5m_Cg0ZakshoRBWeD7Rqv3MKb6OQvFKgKKaVXuvZ5hzOv_UKiSHFI98Lalw-pHTyxihLDc9hFmZD4a1L8uBkn7BFedMG_luszW3kmqm1Wio9LXmss-cD1bRm-ozoBA","expires_in":7200}
2025-11-06 20:59:06,603 - [INFO] - tags.py:18 - 创建标签请求体: {'tagname': '测试标签A'}
2025-11-06 20:59:06,603 - [INFO] - base_api.py:16 - 请求接口为：https://qyapi.weixin.qq.com/cgi-bin/tag/create
2025-11-06 20:59:07,096 - [INFO] - base_api.py:18 - 接口响应为：{"errcode":40071,"errmsg":"UserTag Name Already Exist, hint: [1762433948182031420439324], from ip: 218.24.198.29, more info at https://open.work.weixin.qq.com/devtool/query?e=40071"}
2025-11-06 20:59:07,097 - [ERROR] - assertions.py:31 - 
❌ JSONPath 断言失败：$.errcode
期望值: 40068
实际值: 40071

2025-11-06 20:59:07,104 - [INFO] - base_api.py:16 - 请求接口为：https://qyapi.weixin.qq.com/cgi-bin/gettoken?corpid=ww779187ee7c9f7085&corpsecret=AAR4FC_5E6m4mbvKWepNrLt7qPFdIHXrjrK77sQcNqE
2025-11-06 20:59:08,471 - [INFO] - base_api.py:18 - 接口响应为：{"errcode":0,"errmsg":"ok","access_token":"aYceRi6PkF8wYvFG_-z_icSm9BWuZJgRddvQRIQNvSQXfy3V82MSLHkgtvyPlseqM0JDUMsgxI8rX8gnt94LPKrV5m_Cg0ZakshoRBWeD7Rqv3MKb6OQvFKgKKaVXuvZ5hzOv_UKiSHFI98Lalw-pHTyxihLDc9hFmZD4a1L8uBkn7BFedMG_luszW3kmqm1Wio9LXmss-cD1bRm-ozoBA","expires_in":7200}
2025-11-06 20:59:08,474 - [INFO] - tags.py:18 - 创建标签请求体: {'tagname': '标签标签标签标签标签标签标签标签标签标签标签标签标签标签标签标签 标签标签标签标签标签标签标签标签标签标签标签标签标签标签标签标签 标签标签标签标签标签标签标签标签标签标签标签标签标签标签标签标签\n'}
2025-11-06 20:59:08,474 - [INFO] - base_api.py:16 - 请求接口为：https://qyapi.weixin.qq.com/cgi-bin/tag/create
2025-11-06 20:59:09,205 - [INFO] - base_api.py:18 - 接口响应为：{"errcode":40058,"errmsg":"tagname exceed max utf8 words 32. invalid Request Parameter, hint: [1762433950448151606263788], from ip: 218.24.198.29, more info at https://open.work.weixin.qq.com/devtool/query?e=40058"}
2025-11-06 20:59:09,207 - [INFO] - assertions.py:29 - ✅ JSONPath 断言成功：$.errcode = 40058
2025-11-06 20:59:09,211 - [INFO] - schema.py:24 - ✅ JSON Schema 校验通过
2025-11-06 20:59:09,214 - [INFO] - base_api.py:16 - 请求接口为：https://qyapi.weixin.qq.com/cgi-bin/gettoken?corpid=ww779187ee7c9f7085&corpsecret=AAR4FC_5E6m4mbvKWepNrLt7qPFdIHXrjrK77sQcNqE
2025-11-06 20:59:12,632 - [INFO] - base_api.py:18 - 接口响应为：{"errcode":0,"errmsg":"ok","access_token":"aYceRi6PkF8wYvFG_-z_icSm9BWuZJgRddvQRIQNvSQXfy3V82MSLHkgtvyPlseqM0JDUMsgxI8rX8gnt94LPKrV5m_Cg0ZakshoRBWeD7Rqv3MKb6OQvFKgKKaVXuvZ5hzOv_UKiSHFI98Lalw-pHTyxihLDc9hFmZD4a1L8uBkn7BFedMG_luszW3kmqm1Wio9LXmss-cD1bRm-ozoBA","expires_in":7200}
2025-11-06 20:59:12,634 - [INFO] - tags.py:18 - 创建标签请求体: {'tagname': '@@@标签'}
2025-11-06 20:59:12,634 - [INFO] - base_api.py:16 - 请求接口为：https://qyapi.weixin.qq.com/cgi-bin/tag/create
2025-11-06 20:59:14,032 - [INFO] - base_api.py:18 - 接口响应为：{"errcode":40071,"errmsg":"UserTag Name Already Exist, hint: [1762433955552652451966225], from ip: 218.24.198.29, more info at https://open.work.weixin.qq.com/devtool/query?e=40071"}
2025-11-06 20:59:14,032 - [ERROR] - assertions.py:31 - 
❌ JSONPath 断言失败：$.errcode
期望值: 40058
实际值: 40071

2025-11-06 20:59:14,044 - [INFO] - base_api.py:16 - 请求接口为：https://qyapi.weixin.qq.com/cgi-bin/gettoken?corpid=ww779187ee7c9f7085&corpsecret=AAR4FC_5E6m4mbvKWepNrLt7qPFdIHXrjrK77sQcNqE
2025-11-06 20:59:15,416 - [INFO] - base_api.py:18 - 接口响应为：{"errcode":0,"errmsg":"ok","access_token":"aYceRi6PkF8wYvFG_-z_icSm9BWuZJgRddvQRIQNvSQXfy3V82MSLHkgtvyPlseqM0JDUMsgxI8rX8gnt94LPKrV5m_Cg0ZakshoRBWeD7Rqv3MKb6OQvFKgKKaVXuvZ5hzOv_UKiSHFI98Lalw-pHTyxihLDc9hFmZD4a1L8uBkn7BFedMG_luszW3kmqm1Wio9LXmss-cD1bRm-ozoBA","expires_in":7200}
2025-11-06 20:59:15,420 - [INFO] - tags.py:18 - 创建标签请求体: {'tagname': ''}
2025-11-06 20:59:15,420 - [INFO] - base_api.py:16 - 请求接口为：https://qyapi.weixin.qq.com/cgi-bin/tag/create
2025-11-06 20:59:18,734 - [INFO] - base_api.py:18 - 接口响应为：{"errcode":40072,"errmsg":"unknow error, hint: [1762433960445413984051226], from ip: 218.24.198.37, more info at https://open.work.weixin.qq.com/devtool/query?e=40072"}
2025-11-06 20:59:18,734 - [ERROR] - assertions.py:31 - 
❌ JSONPath 断言失败：$.errcode
期望值: 40058
实际值: 40072

2025-11-06 20:59:39,485 - [INFO] - base_api.py:16 - 请求接口为：https://qyapi.weixin.qq.com/cgi-bin/gettoken?corpid=ww779187ee7c9f7085&corpsecret=AAR4FC_5E6m4mbvKWepNrLt7qPFdIHXrjrK77sQcNqE
2025-11-06 20:59:40,881 - [INFO] - base_api.py:18 - 接口响应为：{"errcode":0,"errmsg":"ok","access_token":"aYceRi6PkF8wYvFG_-z_icSm9BWuZJgRddvQRIQNvSQXfy3V82MSLHkgtvyPlseqM0JDUMsgxI8rX8gnt94LPKrV5m_Cg0ZakshoRBWeD7Rqv3MKb6OQvFKgKKaVXuvZ5hzOv_UKiSHFI98Lalw-pHTyxihLDc9hFmZD4a1L8uBkn7BFedMG_luszW3kmqm1Wio9LXmss-cD1bRm-ozoBA","expires_in":7200}
2025-11-06 20:59:40,883 - [INFO] - tags.py:18 - 创建标签请求体: {'tagname': '测试标签A'}
2025-11-06 20:59:40,883 - [INFO] - base_api.py:16 - 请求接口为：https://qyapi.weixin.qq.com/cgi-bin/tag/create
2025-11-06 20:59:42,876 - [INFO] - base_api.py:18 - 接口响应为：{"errcode":0,"errmsg":"created","tagid":1}
2025-11-06 20:59:42,877 - [INFO] - assertions.py:29 - ✅ JSONPath 断言成功：$.errcode = 0
2025-11-06 20:59:42,878 - [INFO] - schema.py:24 - ✅ JSON Schema 校验通过
2025-11-06 20:59:42,880 - [INFO] - base_api.py:16 - 请求接口为：https://qyapi.weixin.qq.com/cgi-bin/gettoken?corpid=ww779187ee7c9f7085&corpsecret=AAR4FC_5E6m4mbvKWepNrLt7qPFdIHXrjrK77sQcNqE
2025-11-06 20:59:43,397 - [INFO] - base_api.py:18 - 接口响应为：{"errcode":0,"errmsg":"ok","access_token":"aYceRi6PkF8wYvFG_-z_icSm9BWuZJgRddvQRIQNvSQXfy3V82MSLHkgtvyPlseqM0JDUMsgxI8rX8gnt94LPKrV5m_Cg0ZakshoRBWeD7Rqv3MKb6OQvFKgKKaVXuvZ5hzOv_UKiSHFI98Lalw-pHTyxihLDc9hFmZD4a1L8uBkn7BFedMG_luszW3kmqm1Wio9LXmss-cD1bRm-ozoBA","expires_in":7200}
2025-11-06 20:59:43,400 - [INFO] - tags.py:18 - 创建标签请求体: {'tagname': 'Tag_English'}
2025-11-06 20:59:43,400 - [INFO] - base_api.py:16 - 请求接口为：https://qyapi.weixin.qq.com/cgi-bin/tag/create
2025-11-06 20:59:43,920 - [INFO] - base_api.py:18 - 接口响应为：{"errcode":0,"errmsg":"created","tagid":2}
2025-11-06 20:59:43,921 - [INFO] - assertions.py:29 - ✅ JSONPath 断言成功：$.errcode = 0
2025-11-06 20:59:43,921 - [INFO] - schema.py:24 - ✅ JSON Schema 校验通过
2025-11-06 20:59:43,923 - [INFO] - base_api.py:16 - 请求接口为：https://qyapi.weixin.qq.com/cgi-bin/gettoken?corpid=ww779187ee7c9f7085&corpsecret=AAR4FC_5E6m4mbvKWepNrLt7qPFdIHXrjrK77sQcNqE
2025-11-06 20:59:44,375 - [INFO] - base_api.py:18 - 接口响应为：{"errcode":0,"errmsg":"ok","access_token":"aYceRi6PkF8wYvFG_-z_icSm9BWuZJgRddvQRIQNvSQXfy3V82MSLHkgtvyPlseqM0JDUMsgxI8rX8gnt94LPKrV5m_Cg0ZakshoRBWeD7Rqv3MKb6OQvFKgKKaVXuvZ5hzOv_UKiSHFI98Lalw-pHTyxihLDc9hFmZD4a1L8uBkn7BFedMG_luszW3kmqm1Wio9LXmss-cD1bRm-ozoBA","expires_in":7200}
2025-11-06 20:59:44,376 - [INFO] - tags.py:18 - 创建标签请求体: {'tagname': '测试标签A'}
2025-11-06 20:59:44,376 - [INFO] - base_api.py:16 - 请求接口为：https://qyapi.weixin.qq.com/cgi-bin/tag/create
2025-11-06 20:59:48,780 - [INFO] - base_api.py:18 - 接口响应为：{"errcode":40071,"errmsg":"UserTag Name Already Exist, hint: [1762433990611672686905952], from ip: 218.24.198.29, more info at https://open.work.weixin.qq.com/devtool/query?e=40071"}
2025-11-06 20:59:48,780 - [ERROR] - assertions.py:31 - 
❌ JSONPath 断言失败：$.errcode
期望值: 40068
实际值: 40071

2025-11-06 20:59:48,814 - [INFO] - base_api.py:16 - 请求接口为：https://qyapi.weixin.qq.com/cgi-bin/gettoken?corpid=ww779187ee7c9f7085&corpsecret=AAR4FC_5E6m4mbvKWepNrLt7qPFdIHXrjrK77sQcNqE
2025-11-06 20:59:49,550 - [INFO] - base_api.py:18 - 接口响应为：{"errcode":0,"errmsg":"ok","access_token":"aYceRi6PkF8wYvFG_-z_icSm9BWuZJgRddvQRIQNvSQXfy3V82MSLHkgtvyPlseqM0JDUMsgxI8rX8gnt94LPKrV5m_Cg0ZakshoRBWeD7Rqv3MKb6OQvFKgKKaVXuvZ5hzOv_UKiSHFI98Lalw-pHTyxihLDc9hFmZD4a1L8uBkn7BFedMG_luszW3kmqm1Wio9LXmss-cD1bRm-ozoBA","expires_in":7200}
2025-11-06 20:59:49,553 - [INFO] - tags.py:18 - 创建标签请求体: {'tagname': '标签标签标签标签标签标签标签标签标签标签标签标签标签标签标签标签 标签标签标签标签标签标签标签标签标签标签标签标签标签标签标签标签 标签标签标签标签标签标签标签标签标签标签标签标签标签标签标签标签\n'}
2025-11-06 20:59:49,553 - [INFO] - base_api.py:16 - 请求接口为：https://qyapi.weixin.qq.com/cgi-bin/tag/create
2025-11-06 20:59:50,597 - [INFO] - base_api.py:18 - 接口响应为：{"errcode":40058,"errmsg":"tagname exceed max utf8 words 32. invalid Request Parameter, hint: [1762433992445592461488091], from ip: 218.24.198.37, more info at https://open.work.weixin.qq.com/devtool/query?e=40058"}
2025-11-06 20:59:50,606 - [INFO] - assertions.py:29 - ✅ JSONPath 断言成功：$.errcode = 40058
2025-11-06 20:59:50,607 - [INFO] - schema.py:24 - ✅ JSON Schema 校验通过
2025-11-06 20:59:50,610 - [INFO] - base_api.py:16 - 请求接口为：https://qyapi.weixin.qq.com/cgi-bin/gettoken?corpid=ww779187ee7c9f7085&corpsecret=AAR4FC_5E6m4mbvKWepNrLt7qPFdIHXrjrK77sQcNqE
2025-11-06 20:59:51,035 - [INFO] - base_api.py:18 - 接口响应为：{"errcode":0,"errmsg":"ok","access_token":"aYceRi6PkF8wYvFG_-z_icSm9BWuZJgRddvQRIQNvSQXfy3V82MSLHkgtvyPlseqM0JDUMsgxI8rX8gnt94LPKrV5m_Cg0ZakshoRBWeD7Rqv3MKb6OQvFKgKKaVXuvZ5hzOv_UKiSHFI98Lalw-pHTyxihLDc9hFmZD4a1L8uBkn7BFedMG_luszW3kmqm1Wio9LXmss-cD1bRm-ozoBA","expires_in":7200}
2025-11-06 20:59:51,038 - [INFO] - tags.py:18 - 创建标签请求体: {'tagname': '@@@标签'}
2025-11-06 20:59:51,039 - [INFO] - base_api.py:16 - 请求接口为：https://qyapi.weixin.qq.com/cgi-bin/tag/create
2025-11-06 20:59:52,422 - [INFO] - base_api.py:18 - 接口响应为：{"errcode":0,"errmsg":"created","tagid":3}
2025-11-06 20:59:52,423 - [ERROR] - assertions.py:31 - 
❌ JSONPath 断言失败：$.errcode
期望值: 40058
实际值: 0

2025-11-06 20:59:52,430 - [INFO] - base_api.py:16 - 请求接口为：https://qyapi.weixin.qq.com/cgi-bin/gettoken?corpid=ww779187ee7c9f7085&corpsecret=AAR4FC_5E6m4mbvKWepNrLt7qPFdIHXrjrK77sQcNqE
2025-11-06 20:59:52,859 - [INFO] - base_api.py:18 - 接口响应为：{"errcode":0,"errmsg":"ok","access_token":"aYceRi6PkF8wYvFG_-z_icSm9BWuZJgRddvQRIQNvSQXfy3V82MSLHkgtvyPlseqM0JDUMsgxI8rX8gnt94LPKrV5m_Cg0ZakshoRBWeD7Rqv3MKb6OQvFKgKKaVXuvZ5hzOv_UKiSHFI98Lalw-pHTyxihLDc9hFmZD4a1L8uBkn7BFedMG_luszW3kmqm1Wio9LXmss-cD1bRm-ozoBA","expires_in":7200}
2025-11-06 20:59:52,862 - [INFO] - tags.py:18 - 创建标签请求体: {'tagname': ''}
2025-11-06 20:59:52,862 - [INFO] - base_api.py:16 - 请求接口为：https://qyapi.weixin.qq.com/cgi-bin/tag/create
2025-11-06 20:59:57,683 - [INFO] - base_api.py:18 - 接口响应为：{"errcode":40072,"errmsg":"unknow error, hint: [1762433999201853583093588], from ip: 218.24.198.29, more info at https://open.work.weixin.qq.com/devtool/query?e=40072"}
2025-11-06 20:59:57,683 - [ERROR] - assertions.py:31 - 
❌ JSONPath 断言失败：$.errcode
期望值: 40058
实际值: 40072

2025-11-06 21:10:19,243 - [INFO] - base_api.py:16 - 请求接口为：https://qyapi.weixin.qq.com/cgi-bin/gettoken?corpid=ww779187ee7c9f7085&corpsecret=AAR4FC_5E6m4mbvKWepNrLt7qPFdIHXrjrK77sQcNqE
2025-11-06 21:10:19,700 - [INFO] - base_api.py:18 - 接口响应为：{"errcode":0,"errmsg":"ok","access_token":"aYceRi6PkF8wYvFG_-z_icSm9BWuZJgRddvQRIQNvSQXfy3V82MSLHkgtvyPlseqM0JDUMsgxI8rX8gnt94LPKrV5m_Cg0ZakshoRBWeD7Rqv3MKb6OQvFKgKKaVXuvZ5hzOv_UKiSHFI98Lalw-pHTyxihLDc9hFmZD4a1L8uBkn7BFedMG_luszW3kmqm1Wio9LXmss-cD1bRm-ozoBA","expires_in":7200}
2025-11-06 21:10:19,701 - [INFO] - tags.py:18 - 创建标签请求体: {'tagname': '临时标签'}
2025-11-06 21:10:19,710 - [INFO] - base_api.py:16 - 请求接口为：https://qyapi.weixin.qq.com/cgi-bin/tag/create
2025-11-06 21:10:21,230 - [INFO] - base_api.py:18 - 接口响应为：{"errcode":0,"errmsg":"created","tagid":4}
2025-11-06 21:10:21,231 - [INFO] - base_api.py:16 - 请求接口为：https://qyapi.weixin.qq.com/cgi-bin/tag/update
2025-11-06 21:10:21,980 - [INFO] - base_api.py:18 - 接口响应为：{"errcode":0,"errmsg":"updated"}
2025-11-06 21:10:21,981 - [INFO] - assertions.py:29 - ✅ JSONPath 断言成功：$.errcode = 0
2025-11-06 21:10:21,982 - [INFO] - schema.py:24 - ✅ JSON Schema 校验通过
2025-11-06 21:10:21,983 - [INFO] - base_api.py:16 - 请求接口为：https://qyapi.weixin.qq.com/cgi-bin/tag/delete
2025-11-06 21:16:53,629 - [INFO] - base_api.py:16 - 请求接口为：https://qyapi.weixin.qq.com/cgi-bin/gettoken?corpid=ww779187ee7c9f7085&corpsecret=AAR4FC_5E6m4mbvKWepNrLt7qPFdIHXrjrK77sQcNqE
2025-11-06 21:16:57,027 - [INFO] - base_api.py:18 - 接口响应为：{"errcode":0,"errmsg":"ok","access_token":"aYceRi6PkF8wYvFG_-z_icSm9BWuZJgRddvQRIQNvSQXfy3V82MSLHkgtvyPlseqM0JDUMsgxI8rX8gnt94LPKrV5m_Cg0ZakshoRBWeD7Rqv3MKb6OQvFKgKKaVXuvZ5hzOv_UKiSHFI98Lalw-pHTyxihLDc9hFmZD4a1L8uBkn7BFedMG_luszW3kmqm1Wio9LXmss-cD1bRm-ozoBA","expires_in":7200}
2025-11-06 21:16:57,030 - [INFO] - tags.py:18 - 创建标签请求体: {'tagname': '临时标签'}
2025-11-06 21:16:57,030 - [INFO] - base_api.py:16 - 请求接口为：https://qyapi.weixin.qq.com/cgi-bin/tag/create
2025-11-06 21:16:58,539 - [INFO] - base_api.py:18 - 接口响应为：{"errcode":0,"errmsg":"created","tagid":5}
2025-11-06 21:16:58,542 - [INFO] - base_api.py:16 - 请求接口为：https://qyapi.weixin.qq.com/cgi-bin/tag/update
2025-11-06 21:16:59,379 - [INFO] - base_api.py:18 - 接口响应为：{"errcode":40071,"errmsg":"UserTag Name Already Exist, hint: [1762435021437732301812099], from ip: 218.24.198.29, more info at https://open.work.weixin.qq.com/devtool/query?e=40071"}
2025-11-06 21:16:59,379 - [ERROR] - assertions.py:31 - 
❌ JSONPath 断言失败：$.errcode
期望值: 0
实际值: 40071

2025-11-06 21:16:59,392 - [INFO] - base_api.py:16 - 请求接口为：https://qyapi.weixin.qq.com/cgi-bin/tag/delete
2025-11-06 21:17:00,407 - [INFO] - base_api.py:18 - 接口响应为：{"errcode":0,"errmsg":"deleted"}
2025-11-06 21:46:04,012 - [INFO] - base_api.py:16 - 请求接口为：https://qyapi.weixin.qq.com/cgi-bin/gettoken?corpid=ww779187ee7c9f7085&corpsecret=AAR4FC_5E6m4mbvKWepNrLt7qPFdIHXrjrK77sQcNqE
2025-11-06 21:46:05,757 - [INFO] - base_api.py:18 - 接口响应为：{"errcode":0,"errmsg":"ok","access_token":"aYceRi6PkF8wYvFG_-z_icSm9BWuZJgRddvQRIQNvSQXfy3V82MSLHkgtvyPlseqM0JDUMsgxI8rX8gnt94LPKrV5m_Cg0ZakshoRBWeD7Rqv3MKb6OQvFKgKKaVXuvZ5hzOv_UKiSHFI98Lalw-pHTyxihLDc9hFmZD4a1L8uBkn7BFedMG_luszW3kmqm1Wio9LXmss-cD1bRm-ozoBA","expires_in":7200}
2025-11-06 21:46:05,759 - [INFO] - tags.py:18 - 创建标签请求体: {'tagname': '测试标签A'}
2025-11-06 21:46:05,759 - [INFO] - base_api.py:16 - 请求接口为：https://qyapi.weixin.qq.com/cgi-bin/tag/create
2025-11-06 21:46:09,254 - [INFO] - base_api.py:18 - 接口响应为：{"errcode":0,"errmsg":"created","tagid":1}
2025-11-06 21:46:09,256 - [INFO] - assertions.py:29 - ✅ JSONPath 断言成功：$.errcode = 0
2025-11-06 21:46:09,258 - [INFO] - schema.py:24 - ✅ JSON Schema 校验通过
2025-11-06 21:46:09,261 - [INFO] - base_api.py:16 - 请求接口为：https://qyapi.weixin.qq.com/cgi-bin/gettoken?corpid=ww779187ee7c9f7085&corpsecret=AAR4FC_5E6m4mbvKWepNrLt7qPFdIHXrjrK77sQcNqE
2025-11-06 21:46:11,022 - [INFO] - base_api.py:18 - 接口响应为：{"errcode":0,"errmsg":"ok","access_token":"aYceRi6PkF8wYvFG_-z_icSm9BWuZJgRddvQRIQNvSQXfy3V82MSLHkgtvyPlseqM0JDUMsgxI8rX8gnt94LPKrV5m_Cg0ZakshoRBWeD7Rqv3MKb6OQvFKgKKaVXuvZ5hzOv_UKiSHFI98Lalw-pHTyxihLDc9hFmZD4a1L8uBkn7BFedMG_luszW3kmqm1Wio9LXmss-cD1bRm-ozoBA","expires_in":7200}
2025-11-06 21:46:11,025 - [INFO] - tags.py:18 - 创建标签请求体: {'tagname': 'Tag_English'}
2025-11-06 21:46:11,025 - [INFO] - base_api.py:16 - 请求接口为：https://qyapi.weixin.qq.com/cgi-bin/tag/create
2025-11-06 21:46:12,236 - [INFO] - base_api.py:18 - 接口响应为：{"errcode":0,"errmsg":"created","tagid":2}
2025-11-06 21:46:12,236 - [INFO] - assertions.py:29 - ✅ JSONPath 断言成功：$.errcode = 0
2025-11-06 21:46:12,239 - [INFO] - schema.py:24 - ✅ JSON Schema 校验通过
2025-11-06 21:46:12,242 - [INFO] - base_api.py:16 - 请求接口为：https://qyapi.weixin.qq.com/cgi-bin/gettoken?corpid=ww779187ee7c9f7085&corpsecret=AAR4FC_5E6m4mbvKWepNrLt7qPFdIHXrjrK77sQcNqE
2025-11-06 21:46:13,740 - [INFO] - base_api.py:18 - 接口响应为：{"errcode":0,"errmsg":"ok","access_token":"aYceRi6PkF8wYvFG_-z_icSm9BWuZJgRddvQRIQNvSQXfy3V82MSLHkgtvyPlseqM0JDUMsgxI8rX8gnt94LPKrV5m_Cg0ZakshoRBWeD7Rqv3MKb6OQvFKgKKaVXuvZ5hzOv_UKiSHFI98Lalw-pHTyxihLDc9hFmZD4a1L8uBkn7BFedMG_luszW3kmqm1Wio9LXmss-cD1bRm-ozoBA","expires_in":7200}
2025-11-06 21:46:13,742 - [INFO] - tags.py:18 - 创建标签请求体: {'tagname': '测试标签A'}
2025-11-06 21:46:13,742 - [INFO] - base_api.py:16 - 请求接口为：https://qyapi.weixin.qq.com/cgi-bin/tag/create
2025-11-06 21:46:14,226 - [INFO] - base_api.py:18 - 接口响应为：{"errcode":40071,"errmsg":"UserTag Name Already Exist, hint: [1762436776445591763652108], from ip: 218.24.198.29, more info at https://open.work.weixin.qq.com/devtool/query?e=40071"}
2025-11-06 21:46:14,227 - [INFO] - assertions.py:29 - ✅ JSONPath 断言成功：$.errcode = 40071
2025-11-06 21:46:14,230 - [INFO] - schema.py:24 - ✅ JSON Schema 校验通过
2025-11-06 21:46:14,243 - [INFO] - base_api.py:16 - 请求接口为：https://qyapi.weixin.qq.com/cgi-bin/gettoken?corpid=ww779187ee7c9f7085&corpsecret=AAR4FC_5E6m4mbvKWepNrLt7qPFdIHXrjrK77sQcNqE
2025-11-06 21:46:16,612 - [INFO] - base_api.py:18 - 接口响应为：{"errcode":0,"errmsg":"ok","access_token":"aYceRi6PkF8wYvFG_-z_icSm9BWuZJgRddvQRIQNvSQXfy3V82MSLHkgtvyPlseqM0JDUMsgxI8rX8gnt94LPKrV5m_Cg0ZakshoRBWeD7Rqv3MKb6OQvFKgKKaVXuvZ5hzOv_UKiSHFI98Lalw-pHTyxihLDc9hFmZD4a1L8uBkn7BFedMG_luszW3kmqm1Wio9LXmss-cD1bRm-ozoBA","expires_in":7200}
2025-11-06 21:46:16,613 - [INFO] - tags.py:18 - 创建标签请求体: {'tagname': '标签标签标签标签标签标签标签标签标签标签标签标签标签标签标签标签 标签标签标签标签标签标签标签标签标签标签标签标签标签标签标签标签 标签标签标签标签标签标签标签标签标签标签标签标签标签标签标签标签\n'}
2025-11-06 21:46:16,614 - [INFO] - base_api.py:16 - 请求接口为：https://qyapi.weixin.qq.com/cgi-bin/tag/create
2025-11-06 21:46:17,002 - [INFO] - base_api.py:18 - 接口响应为：{"errcode":40058,"errmsg":"tagname exceed max utf8 words 32. invalid Request Parameter, hint: [1762436778552650289299085], from ip: 218.24.198.37, more info at https://open.work.weixin.qq.com/devtool/query?e=40058"}
2025-11-06 21:46:17,003 - [INFO] - assertions.py:29 - ✅ JSONPath 断言成功：$.errcode = 40058
2025-11-06 21:46:17,004 - [INFO] - schema.py:24 - ✅ JSON Schema 校验通过
2025-11-06 21:46:17,006 - [INFO] - base_api.py:16 - 请求接口为：https://qyapi.weixin.qq.com/cgi-bin/gettoken?corpid=ww779187ee7c9f7085&corpsecret=AAR4FC_5E6m4mbvKWepNrLt7qPFdIHXrjrK77sQcNqE
2025-11-06 21:46:17,429 - [INFO] - base_api.py:18 - 接口响应为：{"errcode":0,"errmsg":"ok","access_token":"aYceRi6PkF8wYvFG_-z_icSm9BWuZJgRddvQRIQNvSQXfy3V82MSLHkgtvyPlseqM0JDUMsgxI8rX8gnt94LPKrV5m_Cg0ZakshoRBWeD7Rqv3MKb6OQvFKgKKaVXuvZ5hzOv_UKiSHFI98Lalw-pHTyxihLDc9hFmZD4a1L8uBkn7BFedMG_luszW3kmqm1Wio9LXmss-cD1bRm-ozoBA","expires_in":7200}
2025-11-06 21:46:17,433 - [INFO] - tags.py:18 - 创建标签请求体: {'tagname': '@@@标签'}
2025-11-06 21:46:17,433 - [INFO] - base_api.py:16 - 请求接口为：https://qyapi.weixin.qq.com/cgi-bin/tag/create
2025-11-06 21:46:21,067 - [INFO] - base_api.py:18 - 接口响应为：{"errcode":0,"errmsg":"created","tagid":3}
2025-11-06 21:46:21,067 - [INFO] - assertions.py:29 - ✅ JSONPath 断言成功：$.errcode = 0
2025-11-06 21:46:21,069 - [INFO] - schema.py:24 - ✅ JSON Schema 校验通过
2025-11-06 21:46:21,072 - [INFO] - base_api.py:16 - 请求接口为：https://qyapi.weixin.qq.com/cgi-bin/gettoken?corpid=ww779187ee7c9f7085&corpsecret=AAR4FC_5E6m4mbvKWepNrLt7qPFdIHXrjrK77sQcNqE
2025-11-06 21:46:21,499 - [INFO] - base_api.py:18 - 接口响应为：{"errcode":0,"errmsg":"ok","access_token":"aYceRi6PkF8wYvFG_-z_icSm9BWuZJgRddvQRIQNvSQXfy3V82MSLHkgtvyPlseqM0JDUMsgxI8rX8gnt94LPKrV5m_Cg0ZakshoRBWeD7Rqv3MKb6OQvFKgKKaVXuvZ5hzOv_UKiSHFI98Lalw-pHTyxihLDc9hFmZD4a1L8uBkn7BFedMG_luszW3kmqm1Wio9LXmss-cD1bRm-ozoBA","expires_in":7200}
2025-11-06 21:46:21,502 - [INFO] - tags.py:18 - 创建标签请求体: {'tagname': ''}
2025-11-06 21:46:21,502 - [INFO] - base_api.py:16 - 请求接口为：https://qyapi.weixin.qq.com/cgi-bin/tag/create
2025-11-06 21:46:21,854 - [INFO] - base_api.py:18 - 接口响应为：{"errcode":40072,"errmsg":"unknow error, hint: [1762436783204412963489018], from ip: 218.24.198.29, more info at https://open.work.weixin.qq.com/devtool/query?e=40072"}
2025-11-06 21:46:21,854 - [INFO] - assertions.py:29 - ✅ JSONPath 断言成功：$.errcode = 40072
2025-11-06 21:46:21,856 - [INFO] - schema.py:24 - ✅ JSON Schema 校验通过
