2025-11-03 18:06:12,241 - [INFO] - base_api.py:16 - 请求接口为：https://qyapi.weixin.qq.com/cgi-bin/gettoken?corpid=ww779187ee7c9f7085&corpsecret=AAR4FC_5E6m4mbvKWepNrLt7qPFdIHXrjrK77sQcNqE
2025-11-03 18:06:13,721 - [INFO] - base_api.py:18 - 接口响应为：{"errcode":0,"errmsg":"ok","access_token":"NZh3DQMMGZ98pTpbBVzFUfw2JCz1vmgkvv46HE7wSXAmyZcr_C5Rfzc1B0hLvZDf1J6GN3js4qq3qFyhnLO-zT7G7L9UqV2-vbszSSN5Um5AKc30pGUcLn-RvOSvnXeYTe3zyjJtupnlh1uTxK4rrA4q6Qlem9QBeLX_GOrfFx_zgB7eLm6nFE_w5KRsAXUbYRkpidRPH8k3jIuothn8zg","expires_in":7200}
2025-11-03 18:06:13,723 - [INFO] - base_api.py:16 - 请求接口为：https://qyapi.weixin.qq.com/cgi-bin/department/create?access_token=NZh3DQMMGZ98pTpbBVzFUfw2JCz1vmgkvv46HE7wSXAmyZcr_C5Rfzc1B0hLvZDf1J6GN3js4qq3qFyhnLO-zT7G7L9UqV2-vbszSSN5Um5AKc30pGUcLn-RvOSvnXeYTe3zyjJtupnlh1uTxK4rrA4q6Qlem9QBeLX_GOrfFx_zgB7eLm6nFE_w5KRsAXUbYRkpidRPH8k3jIuothn8zg
2025-11-03 18:06:14,244 - [INFO] - base_api.py:18 - 接口响应为：{"errcode":60004,"errmsg":"parent department not found, hint: [1762164376609663014851292], from ip: 218.24.198.37, more info at https://open.work.weixin.qq.com/devtool/query?e=60004"}
2025-11-03 18:06:14,245 - [INFO] - base_api.py:16 - 请求接口为：https://qyapi.weixin.qq.com/cgi-bin/user/create?access_token=NZh3DQMMGZ98pTpbBVzFUfw2JCz1vmgkvv46HE7wSXAmyZcr_C5Rfzc1B0hLvZDf1J6GN3js4qq3qFyhnLO-zT7G7L9UqV2-vbszSSN5Um5AKc30pGUcLn-RvOSvnXeYTe3zyjJtupnlh1uTxK4rrA4q6Qlem9QBeLX_GOrfFx_zgB7eLm6nFE_w5KRsAXUbYRkpidRPH8k3jIuothn8zg
2025-11-03 18:06:15,388 - [INFO] - base_api.py:18 - 接口响应为：{"errcode":0,"errmsg":"created"}
2025-11-03 18:06:15,391 - [INFO] - base_api.py:16 - 请求接口为：https://qyapi.weixin.qq.com/cgi-bin/user/update
2025-11-03 18:06:17,185 - [INFO] - base_api.py:18 - 接口响应为：{"errcode":0,"errmsg":"updated"}
2025-11-03 18:06:17,186 - [INFO] - assertions.py:29 - ✅ JSONPath 断言成功：$.errcode = 0
2025-11-03 18:06:17,187 - [INFO] - assertions.py:29 - ✅ JSONPath 断言成功：$.errmsg = updated
2025-11-03 18:06:17,273 - [INFO] - base_api.py:16 - 请求接口为：https://qyapi.weixin.qq.com/cgi-bin/user/delete
2025-11-03 18:06:18,059 - [INFO] - base_api.py:18 - 接口响应为：{"errcode":0,"errmsg":"deleted"}
2025-11-03 18:06:18,061 - [INFO] - base_api.py:16 - 请求接口为：https://qyapi.weixin.qq.com/cgi-bin/department/delete?access_token=NZh3DQMMGZ98pTpbBVzFUfw2JCz1vmgkvv46HE7wSXAmyZcr_C5Rfzc1B0hLvZDf1J6GN3js4qq3qFyhnLO-zT7G7L9UqV2-vbszSSN5Um5AKc30pGUcLn-RvOSvnXeYTe3zyjJtupnlh1uTxK4rrA4q6Qlem9QBeLX_GOrfFx_zgB7eLm6nFE_w5KRsAXUbYRkpidRPH8k3jIuothn8zg&id=None
2025-11-03 18:06:18,520 - [INFO] - base_api.py:18 - 接口响应为：{"errcode":40058,"errmsg":"field `id` expect type `uint32`. invalid Request Parameter, hint: [1762164380547532698497752], from ip: 218.24.198.29, more info at https://open.work.weixin.qq.com/devtool/query?e=40058"}
2025-11-03 18:46:26,652 - [INFO] - base_api.py:16 - 请求接口为：https://qyapi.weixin.qq.com/cgi-bin/gettoken?corpid=ww779187ee7c9f7085&corpsecret=AAR4FC_5E6m4mbvKWepNrLt7qPFdIHXrjrK77sQcNqE
2025-11-03 18:46:28,276 - [INFO] - base_api.py:18 - 接口响应为：{"errcode":0,"errmsg":"ok","access_token":"NZh3DQMMGZ98pTpbBVzFUfw2JCz1vmgkvv46HE7wSXAmyZcr_C5Rfzc1B0hLvZDf1J6GN3js4qq3qFyhnLO-zT7G7L9UqV2-vbszSSN5Um5AKc30pGUcLn-RvOSvnXeYTe3zyjJtupnlh1uTxK4rrA4q6Qlem9QBeLX_GOrfFx_zgB7eLm6nFE_w5KRsAXUbYRkpidRPH8k3jIuothn8zg","expires_in":7200}
2025-11-03 18:46:28,278 - [INFO] - base_api.py:16 - 请求接口为：https://qyapi.weixin.qq.com/cgi-bin/department/create?access_token=NZh3DQMMGZ98pTpbBVzFUfw2JCz1vmgkvv46HE7wSXAmyZcr_C5Rfzc1B0hLvZDf1J6GN3js4qq3qFyhnLO-zT7G7L9UqV2-vbszSSN5Um5AKc30pGUcLn-RvOSvnXeYTe3zyjJtupnlh1uTxK4rrA4q6Qlem9QBeLX_GOrfFx_zgB7eLm6nFE_w5KRsAXUbYRkpidRPH8k3jIuothn8zg
2025-11-03 18:46:28,756 - [INFO] - base_api.py:18 - 接口响应为：{"errcode":60004,"errmsg":"parent department not found, hint: [1762166791182030073001911], from ip: 218.24.198.37, more info at https://open.work.weixin.qq.com/devtool/query?e=60004"}
2025-11-03 18:46:28,756 - [INFO] - base_api.py:16 - 请求接口为：https://qyapi.weixin.qq.com/cgi-bin/user/create?access_token=NZh3DQMMGZ98pTpbBVzFUfw2JCz1vmgkvv46HE7wSXAmyZcr_C5Rfzc1B0hLvZDf1J6GN3js4qq3qFyhnLO-zT7G7L9UqV2-vbszSSN5Um5AKc30pGUcLn-RvOSvnXeYTe3zyjJtupnlh1uTxK4rrA4q6Qlem9QBeLX_GOrfFx_zgB7eLm6nFE_w5KRsAXUbYRkpidRPH8k3jIuothn8zg
2025-11-03 18:46:29,954 - [INFO] - base_api.py:18 - 接口响应为：{"errcode":0,"errmsg":"created"}
2025-11-03 18:46:29,956 - [INFO] - base_api.py:16 - 请求接口为：https://qyapi.weixin.qq.com/cgi-bin/user/update
2025-11-03 18:46:30,761 - [INFO] - base_api.py:18 - 接口响应为：{"errcode":0,"errmsg":"updated"}
2025-11-03 18:46:30,769 - [INFO] - assertions.py:29 - ✅ JSONPath 断言成功：$.errcode = 0
2025-11-03 18:46:30,769 - [INFO] - assertions.py:29 - ✅ JSONPath 断言成功：$.errmsg = updated
2025-11-03 18:46:30,771 - [INFO] - schema.py:24 - ✅ JSON Schema 校验通过
2025-11-03 18:46:30,774 - [INFO] - base_api.py:16 - 请求接口为：https://qyapi.weixin.qq.com/cgi-bin/user/delete
2025-11-03 18:46:31,628 - [INFO] - base_api.py:18 - 接口响应为：{"errcode":0,"errmsg":"deleted"}
2025-11-03 18:46:31,630 - [INFO] - base_api.py:16 - 请求接口为：https://qyapi.weixin.qq.com/cgi-bin/department/delete?access_token=NZh3DQMMGZ98pTpbBVzFUfw2JCz1vmgkvv46HE7wSXAmyZcr_C5Rfzc1B0hLvZDf1J6GN3js4qq3qFyhnLO-zT7G7L9UqV2-vbszSSN5Um5AKc30pGUcLn-RvOSvnXeYTe3zyjJtupnlh1uTxK4rrA4q6Qlem9QBeLX_GOrfFx_zgB7eLm6nFE_w5KRsAXUbYRkpidRPH8k3jIuothn8zg&id=None
2025-11-03 18:46:32,057 - [INFO] - base_api.py:18 - 接口响应为：{"errcode":40058,"errmsg":"field `id` expect type `uint32`. invalid Request Parameter, hint: [1762166794596311945932800], from ip: 218.24.198.29, more info at https://open.work.weixin.qq.com/devtool/query?e=40058"}
2025-11-03 18:48:48,618 - [INFO] - base_api.py:16 - 请求接口为：https://qyapi.weixin.qq.com/cgi-bin/gettoken?corpid=ww779187ee7c9f7085&corpsecret=AAR4FC_5E6m4mbvKWepNrLt7qPFdIHXrjrK77sQcNqE
2025-11-03 18:48:49,122 - [INFO] - base_api.py:18 - 接口响应为：{"errcode":0,"errmsg":"ok","access_token":"NZh3DQMMGZ98pTpbBVzFUfw2JCz1vmgkvv46HE7wSXAmyZcr_C5Rfzc1B0hLvZDf1J6GN3js4qq3qFyhnLO-zT7G7L9UqV2-vbszSSN5Um5AKc30pGUcLn-RvOSvnXeYTe3zyjJtupnlh1uTxK4rrA4q6Qlem9QBeLX_GOrfFx_zgB7eLm6nFE_w5KRsAXUbYRkpidRPH8k3jIuothn8zg","expires_in":7200}
2025-11-03 18:48:49,123 - [INFO] - base_api.py:16 - 请求接口为：https://qyapi.weixin.qq.com/cgi-bin/department/create?access_token=NZh3DQMMGZ98pTpbBVzFUfw2JCz1vmgkvv46HE7wSXAmyZcr_C5Rfzc1B0hLvZDf1J6GN3js4qq3qFyhnLO-zT7G7L9UqV2-vbszSSN5Um5AKc30pGUcLn-RvOSvnXeYTe3zyjJtupnlh1uTxK4rrA4q6Qlem9QBeLX_GOrfFx_zgB7eLm6nFE_w5KRsAXUbYRkpidRPH8k3jIuothn8zg
2025-11-03 18:48:49,565 - [INFO] - base_api.py:18 - 接口响应为：{"errcode":60004,"errmsg":"parent department not found, hint: [1762166932491620501240050], from ip: 218.24.198.37, more info at https://open.work.weixin.qq.com/devtool/query?e=60004"}
2025-11-03 18:48:49,566 - [INFO] - base_api.py:16 - 请求接口为：https://qyapi.weixin.qq.com/cgi-bin/user/create?access_token=NZh3DQMMGZ98pTpbBVzFUfw2JCz1vmgkvv46HE7wSXAmyZcr_C5Rfzc1B0hLvZDf1J6GN3js4qq3qFyhnLO-zT7G7L9UqV2-vbszSSN5Um5AKc30pGUcLn-RvOSvnXeYTe3zyjJtupnlh1uTxK4rrA4q6Qlem9QBeLX_GOrfFx_zgB7eLm6nFE_w5KRsAXUbYRkpidRPH8k3jIuothn8zg
2025-11-03 18:48:51,553 - [INFO] - base_api.py:18 - 接口响应为：{"errcode":0,"errmsg":"created"}
2025-11-03 18:48:51,555 - [INFO] - base_api.py:16 - 请求接口为：https://qyapi.weixin.qq.com/cgi-bin/user/delete
2025-11-03 18:48:52,361 - [INFO] - base_api.py:18 - 接口响应为：{"errcode":0,"errmsg":"deleted"}
2025-11-03 18:48:52,362 - [INFO] - assertions.py:29 - ✅ JSONPath 断言成功：$.errcode = 0
2025-11-03 18:48:52,362 - [INFO] - assertions.py:29 - ✅ JSONPath 断言成功：$.errmsg = deleted
2025-11-03 18:48:52,364 - [INFO] - schema.py:24 - ✅ JSON Schema 校验通过
2025-11-03 18:48:52,367 - [INFO] - base_api.py:16 - 请求接口为：https://qyapi.weixin.qq.com/cgi-bin/user/delete
2025-11-03 18:48:53,701 - [INFO] - base_api.py:18 - 接口响应为：{"errcode":60111,"errmsg":"invalid string value `auto_user_566b48`. userid not found, hint: [1762166936617340806542485], from ip: 218.24.198.37, more info at https://open.work.weixin.qq.com/devtool/query?e=60111"}
2025-11-03 18:48:53,702 - [INFO] - base_api.py:16 - 请求接口为：https://qyapi.weixin.qq.com/cgi-bin/department/delete?access_token=NZh3DQMMGZ98pTpbBVzFUfw2JCz1vmgkvv46HE7wSXAmyZcr_C5Rfzc1B0hLvZDf1J6GN3js4qq3qFyhnLO-zT7G7L9UqV2-vbszSSN5Um5AKc30pGUcLn-RvOSvnXeYTe3zyjJtupnlh1uTxK4rrA4q6Qlem9QBeLX_GOrfFx_zgB7eLm6nFE_w5KRsAXUbYRkpidRPH8k3jIuothn8zg&id=None
2025-11-03 18:48:54,113 - [INFO] - base_api.py:18 - 接口响应为：{"errcode":40058,"errmsg":"field `id` expect type `uint32`. invalid Request Parameter, hint: [1762166936378851376170078], from ip: 218.24.198.29, more info at https://open.work.weixin.qq.com/devtool/query?e=40058"}
2025-11-03 22:15:08,645 - [INFO] - base_api.py:16 - 请求接口为：https://qyapi.weixin.qq.com/cgi-bin/gettoken?corpid=ww779187ee7c9f7085&corpsecret=AAR4FC_5E6m4mbvKWepNrLt7qPFdIHXrjrK77sQcNqE
2025-11-03 22:15:09,526 - [INFO] - base_api.py:18 - 接口响应为：{"errcode":0,"errmsg":"ok","access_token":"-k9lVLNffwltVCeznKlG1oRFa4mt5mONTlXcv08XqAv0wUIVIrNQYsIVI4q5eJdagLHJIjujYl62meTaQZwzhj_Kk2NJnKrPRVq50WGaUesRnGOR7Q7lTOsscnUird405A5QZZrQ7LyVEt8ZBsFrK2wDSMhJgGtg_h8SPuiT0vICNKGqCSCnf0ZPxoMMmP9pgIPAVolkqU0ORYiF4Pc_Ww","expires_in":7200}
2025-11-03 22:15:09,581 - [INFO] - base_api.py:16 - 请求接口为：https://qyapi.weixin.qq.com/cgi-bin/gettoken?corpid=ww779187ee7c9f7085&corpsecret=AAR4FC_5E6m4mbvKWepNrLt7qPFdIHXrjrK77sQcNqE
2025-11-03 22:15:10,084 - [INFO] - base_api.py:18 - 接口响应为：{"errcode":0,"errmsg":"ok","access_token":"-k9lVLNffwltVCeznKlG1oRFa4mt5mONTlXcv08XqAv0wUIVIrNQYsIVI4q5eJdagLHJIjujYl62meTaQZwzhj_Kk2NJnKrPRVq50WGaUesRnGOR7Q7lTOsscnUird405A5QZZrQ7LyVEt8ZBsFrK2wDSMhJgGtg_h8SPuiT0vICNKGqCSCnf0ZPxoMMmP9pgIPAVolkqU0ORYiF4Pc_Ww","expires_in":7200}
2025-11-03 22:20:16,037 - [INFO] - base_api.py:16 - 请求接口为：https://qyapi.weixin.qq.com/cgi-bin/gettoken?corpid=ww779187ee7c9f7085&corpsecret=AAR4FC_5E6m4mbvKWepNrLt7qPFdIHXrjrK77sQcNqE
2025-11-03 22:20:18,669 - [INFO] - base_api.py:18 - 接口响应为：{"errcode":0,"errmsg":"ok","access_token":"-k9lVLNffwltVCeznKlG1oRFa4mt5mONTlXcv08XqAv0wUIVIrNQYsIVI4q5eJdagLHJIjujYl62meTaQZwzhj_Kk2NJnKrPRVq50WGaUesRnGOR7Q7lTOsscnUird405A5QZZrQ7LyVEt8ZBsFrK2wDSMhJgGtg_h8SPuiT0vICNKGqCSCnf0ZPxoMMmP9pgIPAVolkqU0ORYiF4Pc_Ww","expires_in":7200}
2025-11-03 22:20:18,711 - [INFO] - base_api.py:16 - 请求接口为：https://qyapi.weixin.qq.com/cgi-bin/gettoken?corpid=ww779187ee7c9f7085&corpsecret=AAR4FC_5E6m4mbvKWepNrLt7qPFdIHXrjrK77sQcNqE
2025-11-03 22:36:21,066 - [INFO] - base_api.py:16 - 请求接口为：https://qyapi.weixin.qq.com/cgi-bin/gettoken?corpid=ww779187ee7c9f7085&corpsecret=AAR4FC_5E6m4mbvKWepNrLt7qPFdIHXrjrK77sQcNqE
2025-11-03 22:36:22,505 - [INFO] - base_api.py:18 - 接口响应为：{"errcode":0,"errmsg":"ok","access_token":"-k9lVLNffwltVCeznKlG1oRFa4mt5mONTlXcv08XqAv0wUIVIrNQYsIVI4q5eJdagLHJIjujYl62meTaQZwzhj_Kk2NJnKrPRVq50WGaUesRnGOR7Q7lTOsscnUird405A5QZZrQ7LyVEt8ZBsFrK2wDSMhJgGtg_h8SPuiT0vICNKGqCSCnf0ZPxoMMmP9pgIPAVolkqU0ORYiF4Pc_Ww","expires_in":7200}
2025-11-03 22:36:22,548 - [INFO] - base_api.py:16 - 请求接口为：https://qyapi.weixin.qq.com/cgi-bin/gettoken?corpid=ww779187ee7c9f7085&corpsecret=AAR4FC_5E6m4mbvKWepNrLt7qPFdIHXrjrK77sQcNqE
2025-11-03 22:36:23,013 - [INFO] - base_api.py:18 - 接口响应为：{"errcode":0,"errmsg":"ok","access_token":"-k9lVLNffwltVCeznKlG1oRFa4mt5mONTlXcv08XqAv0wUIVIrNQYsIVI4q5eJdagLHJIjujYl62meTaQZwzhj_Kk2NJnKrPRVq50WGaUesRnGOR7Q7lTOsscnUird405A5QZZrQ7LyVEt8ZBsFrK2wDSMhJgGtg_h8SPuiT0vICNKGqCSCnf0ZPxoMMmP9pgIPAVolkqU0ORYiF4Pc_Ww","expires_in":7200}
2025-11-03 23:00:11,467 - [INFO] - base_api.py:16 - 请求接口为：https://qyapi.weixin.qq.com/cgi-bin/gettoken?corpid=ww779187ee7c9f7085&corpsecret=AAR4FC_5E6m4mbvKWepNrLt7qPFdIHXrjrK77sQcNqE
2025-11-03 23:00:11,968 - [INFO] - base_api.py:18 - 接口响应为：{"errcode":0,"errmsg":"ok","access_token":"-k9lVLNffwltVCeznKlG1oRFa4mt5mONTlXcv08XqAv0wUIVIrNQYsIVI4q5eJdagLHJIjujYl62meTaQZwzhj_Kk2NJnKrPRVq50WGaUesRnGOR7Q7lTOsscnUird405A5QZZrQ7LyVEt8ZBsFrK2wDSMhJgGtg_h8SPuiT0vICNKGqCSCnf0ZPxoMMmP9pgIPAVolkqU0ORYiF4Pc_Ww","expires_in":7200}
2025-11-03 23:00:11,969 - [INFO] - base_api.py:16 - 请求接口为：https://qyapi.weixin.qq.com/cgi-bin/department/create?access_token=-k9lVLNffwltVCeznKlG1oRFa4mt5mONTlXcv08XqAv0wUIVIrNQYsIVI4q5eJdagLHJIjujYl62meTaQZwzhj_Kk2NJnKrPRVq50WGaUesRnGOR7Q7lTOsscnUird405A5QZZrQ7LyVEt8ZBsFrK2wDSMhJgGtg_h8SPuiT0vICNKGqCSCnf0ZPxoMMmP9pgIPAVolkqU0ORYiF4Pc_Ww
2025-11-03 23:00:12,437 - [INFO] - base_api.py:18 - 接口响应为：{"errcode":60004,"errmsg":"parent department not found, hint: [1762182015378850052353819], from ip: 218.24.198.37, more info at https://open.work.weixin.qq.com/devtool/query?e=60004"}
2025-11-03 23:00:12,480 - [INFO] - base_api.py:16 - 请求接口为：https://qyapi.weixin.qq.com/cgi-bin/department/delete?access_token=-k9lVLNffwltVCeznKlG1oRFa4mt5mONTlXcv08XqAv0wUIVIrNQYsIVI4q5eJdagLHJIjujYl62meTaQZwzhj_Kk2NJnKrPRVq50WGaUesRnGOR7Q7lTOsscnUird405A5QZZrQ7LyVEt8ZBsFrK2wDSMhJgGtg_h8SPuiT0vICNKGqCSCnf0ZPxoMMmP9pgIPAVolkqU0ORYiF4Pc_Ww&id=None
2025-11-03 23:00:16,267 - [INFO] - base_api.py:18 - 接口响应为：{"errcode":40058,"errmsg":"field `id` expect type `uint32`. invalid Request Parameter, hint: [1762182019378853161954766], from ip: 218.24.198.37, more info at https://open.work.weixin.qq.com/devtool/query?e=40058"}
2025-11-03 23:00:16,272 - [INFO] - base_api.py:16 - 请求接口为：https://qyapi.weixin.qq.com/cgi-bin/department/create?access_token=-k9lVLNffwltVCeznKlG1oRFa4mt5mONTlXcv08XqAv0wUIVIrNQYsIVI4q5eJdagLHJIjujYl62meTaQZwzhj_Kk2NJnKrPRVq50WGaUesRnGOR7Q7lTOsscnUird405A5QZZrQ7LyVEt8ZBsFrK2wDSMhJgGtg_h8SPuiT0vICNKGqCSCnf0ZPxoMMmP9pgIPAVolkqU0ORYiF4Pc_Ww
2025-11-03 23:00:16,700 - [INFO] - base_api.py:18 - 接口响应为：{"errcode":60004,"errmsg":"parent department not found, hint: [1762182019560333812502079], from ip: 218.24.198.29, more info at https://open.work.weixin.qq.com/devtool/query?e=60004"}
2025-11-03 23:00:16,706 - [INFO] - base_api.py:16 - 请求接口为：https://qyapi.weixin.qq.com/cgi-bin/department/delete?access_token=-k9lVLNffwltVCeznKlG1oRFa4mt5mONTlXcv08XqAv0wUIVIrNQYsIVI4q5eJdagLHJIjujYl62meTaQZwzhj_Kk2NJnKrPRVq50WGaUesRnGOR7Q7lTOsscnUird405A5QZZrQ7LyVEt8ZBsFrK2wDSMhJgGtg_h8SPuiT0vICNKGqCSCnf0ZPxoMMmP9pgIPAVolkqU0ORYiF4Pc_Ww&id=None
2025-11-03 23:00:17,104 - [INFO] - base_api.py:18 - 接口响应为：{"errcode":40058,"errmsg":"field `id` expect type `uint32`. invalid Request Parameter, hint: [1762182019448150866578821], from ip: 218.24.198.37, more info at https://open.work.weixin.qq.com/devtool/query?e=40058"}
2025-11-03 23:01:24,137 - [INFO] - base_api.py:16 - 请求接口为：https://qyapi.weixin.qq.com/cgi-bin/gettoken?corpid=ww779187ee7c9f7085&corpsecret=AAR4FC_5E6m4mbvKWepNrLt7qPFdIHXrjrK77sQcNqE
2025-11-03 23:01:24,658 - [INFO] - base_api.py:18 - 接口响应为：{"errcode":0,"errmsg":"ok","access_token":"-k9lVLNffwltVCeznKlG1oRFa4mt5mONTlXcv08XqAv0wUIVIrNQYsIVI4q5eJdagLHJIjujYl62meTaQZwzhj_Kk2NJnKrPRVq50WGaUesRnGOR7Q7lTOsscnUird405A5QZZrQ7LyVEt8ZBsFrK2wDSMhJgGtg_h8SPuiT0vICNKGqCSCnf0ZPxoMMmP9pgIPAVolkqU0ORYiF4Pc_Ww","expires_in":7200}
2025-11-03 23:01:24,662 - [INFO] - tags.py:18 - 创建标签请求体: {'tagname': '自动化标签A', 'tagid': 101}
2025-11-03 23:01:24,662 - [INFO] - base_api.py:16 - 请求接口为：https://qyapi.weixin.qq.com/cgi-bin/tag/create
2025-11-03 23:01:25,236 - [INFO] - base_api.py:18 - 接口响应为：{"errcode":0,"errmsg":"created","tagid":101}
2025-11-03 23:01:25,237 - [INFO] - assertions.py:29 - ✅ JSONPath 断言成功：$.errcode = 0
2025-11-03 23:01:25,241 - [INFO] - schema.py:24 - ✅ JSON Schema 校验通过
2025-11-03 23:01:25,243 - [INFO] - base_api.py:16 - 请求接口为：https://qyapi.weixin.qq.com/cgi-bin/gettoken?corpid=ww779187ee7c9f7085&corpsecret=AAR4FC_5E6m4mbvKWepNrLt7qPFdIHXrjrK77sQcNqE
2025-11-03 23:01:25,683 - [INFO] - base_api.py:18 - 接口响应为：{"errcode":0,"errmsg":"ok","access_token":"-k9lVLNffwltVCeznKlG1oRFa4mt5mONTlXcv08XqAv0wUIVIrNQYsIVI4q5eJdagLHJIjujYl62meTaQZwzhj_Kk2NJnKrPRVq50WGaUesRnGOR7Q7lTOsscnUird405A5QZZrQ7LyVEt8ZBsFrK2wDSMhJgGtg_h8SPuiT0vICNKGqCSCnf0ZPxoMMmP9pgIPAVolkqU0ORYiF4Pc_Ww","expires_in":7200}
2025-11-03 23:01:25,686 - [INFO] - tags.py:18 - 创建标签请求体: {'tagname': '自动化标签A_重复', 'tagid': 101}
2025-11-03 23:01:25,686 - [INFO] - base_api.py:16 - 请求接口为：https://qyapi.weixin.qq.com/cgi-bin/tag/create
2025-11-03 23:01:26,111 - [INFO] - base_api.py:18 - 接口响应为：{"errcode":40068,"errmsg":"invalid tagid/groupid, hint: [1762182088016360049511446], from ip: 218.24.198.29, more info at https://open.work.weixin.qq.com/devtool/query?e=40068"}
2025-11-03 23:01:26,111 - [INFO] - assertions.py:29 - ✅ JSONPath 断言成功：$.errcode = 40068
2025-11-03 23:01:26,113 - [INFO] - schema.py:24 - ✅ JSON Schema 校验通过
2025-11-03 23:15:28,048 - [INFO] - base_api.py:16 - 请求接口为：https://qyapi.weixin.qq.com/cgi-bin/gettoken?corpid=ww779187ee7c9f7085&corpsecret=AAR4FC_5E6m4mbvKWepNrLt7qPFdIHXrjrK77sQcNqE
2025-11-03 23:15:28,535 - [INFO] - base_api.py:18 - 接口响应为：{"errcode":0,"errmsg":"ok","access_token":"v6yQtHERDCA7dKKq2b0DLBJ-bDXVEEIlJvsamcXdLmpyPT2wm2vt3FHV4XKzfq2FY_Rif_ydctX474G59vXMWtIpeyk84S6Vd5FVYdk-l8eROSmsTC8n9zT1dAXRCwcRx6ks4NsQO_XV1GmuP2FEbX82PFCPQRq25KtrTJRhPdy7Qh2bWj6oM7NY4jEZxUXNDc0wcnjT-UiBG5UhyILjyg","expires_in":7200}
2025-11-03 23:15:28,537 - [INFO] - tags.py:18 - 创建标签请求体: {'tagname': '临时标签'}
2025-11-03 23:15:28,538 - [INFO] - base_api.py:16 - 请求接口为：https://qyapi.weixin.qq.com/cgi-bin/tag/create
2025-11-03 23:15:29,165 - [INFO] - base_api.py:18 - 接口响应为：{"errcode":0,"errmsg":"created","tagid":102}
2025-11-03 23:15:29,166 - [INFO] - base_api.py:16 - 请求接口为：https://qyapi.weixin.qq.com/cgi-bin/tag/update
2025-11-03 23:15:29,629 - [INFO] - base_api.py:18 - 接口响应为：{"errcode":0,"errmsg":"updated"}
2025-11-03 23:15:29,629 - [INFO] - assertions.py:29 - ✅ JSONPath 断言成功：$.errcode = 0
2025-11-03 23:15:29,632 - [INFO] - base_api.py:16 - 请求接口为：https://qyapi.weixin.qq.com/cgi-bin/tag/delete
2025-11-03 23:15:30,326 - [INFO] - base_api.py:18 - 接口响应为：{"errcode":0,"errmsg":"deleted"}
2025-11-03 23:16:31,459 - [INFO] - base_api.py:16 - 请求接口为：https://qyapi.weixin.qq.com/cgi-bin/gettoken?corpid=ww779187ee7c9f7085&corpsecret=AAR4FC_5E6m4mbvKWepNrLt7qPFdIHXrjrK77sQcNqE
2025-11-03 23:16:31,956 - [INFO] - base_api.py:18 - 接口响应为：{"errcode":0,"errmsg":"ok","access_token":"v6yQtHERDCA7dKKq2b0DLBJ-bDXVEEIlJvsamcXdLmpyPT2wm2vt3FHV4XKzfq2FY_Rif_ydctX474G59vXMWtIpeyk84S6Vd5FVYdk-l8eROSmsTC8n9zT1dAXRCwcRx6ks4NsQO_XV1GmuP2FEbX82PFCPQRq25KtrTJRhPdy7Qh2bWj6oM7NY4jEZxUXNDc0wcnjT-UiBG5UhyILjyg","expires_in":7200}
2025-11-03 23:16:31,958 - [INFO] - tags.py:18 - 创建标签请求体: {'tagname': '临时标签'}
2025-11-03 23:16:31,967 - [INFO] - base_api.py:16 - 请求接口为：https://qyapi.weixin.qq.com/cgi-bin/tag/create
2025-11-03 23:16:32,504 - [INFO] - base_api.py:18 - 接口响应为：{"errcode":0,"errmsg":"created","tagid":102}
2025-11-03 23:16:32,506 - [INFO] - base_api.py:16 - 请求接口为：https://qyapi.weixin.qq.com/cgi-bin/tag/get
2025-11-03 23:16:32,887 - [INFO] - base_api.py:18 - 接口响应为：{"errcode":0,"errmsg":"ok","userlist":[],"partylist":[],"tagname":"临时标签"}
2025-11-03 23:16:32,888 - [INFO] - assertions.py:29 - ✅ JSONPath 断言成功：$.errcode = 0
2025-11-03 23:16:32,890 - [INFO] - base_api.py:16 - 请求接口为：https://qyapi.weixin.qq.com/cgi-bin/tag/delete
2025-11-03 23:16:34,205 - [INFO] - base_api.py:18 - 接口响应为：{"errcode":0,"errmsg":"deleted"}
2025-11-03 23:16:37,275 - [INFO] - base_api.py:16 - 请求接口为：https://qyapi.weixin.qq.com/cgi-bin/gettoken?corpid=ww779187ee7c9f7085&corpsecret=AAR4FC_5E6m4mbvKWepNrLt7qPFdIHXrjrK77sQcNqE
2025-11-03 23:16:37,711 - [INFO] - base_api.py:18 - 接口响应为：{"errcode":0,"errmsg":"ok","access_token":"v6yQtHERDCA7dKKq2b0DLBJ-bDXVEEIlJvsamcXdLmpyPT2wm2vt3FHV4XKzfq2FY_Rif_ydctX474G59vXMWtIpeyk84S6Vd5FVYdk-l8eROSmsTC8n9zT1dAXRCwcRx6ks4NsQO_XV1GmuP2FEbX82PFCPQRq25KtrTJRhPdy7Qh2bWj6oM7NY4jEZxUXNDc0wcnjT-UiBG5UhyILjyg","expires_in":7200}
2025-11-03 23:16:37,713 - [INFO] - tags.py:18 - 创建标签请求体: {'tagname': '临时标签'}
2025-11-03 23:16:37,715 - [INFO] - base_api.py:16 - 请求接口为：https://qyapi.weixin.qq.com/cgi-bin/tag/create
2025-11-03 23:16:39,143 - [INFO] - base_api.py:18 - 接口响应为：{"errcode":0,"errmsg":"created","tagid":102}
2025-11-03 23:16:39,146 - [INFO] - base_api.py:16 - 请求接口为：https://qyapi.weixin.qq.com/cgi-bin/tag/delete
2025-11-03 23:16:40,474 - [INFO] - base_api.py:18 - 接口响应为：{"errcode":0,"errmsg":"deleted"}
2025-11-03 23:16:40,475 - [INFO] - assertions.py:29 - ✅ JSONPath 断言成功：$.errcode = 0
2025-11-03 23:16:40,477 - [INFO] - base_api.py:16 - 请求接口为：https://qyapi.weixin.qq.com/cgi-bin/tag/delete
2025-11-03 23:16:40,875 - [INFO] - base_api.py:18 - 接口响应为：{"errcode":40068,"errmsg":"invalid tagid/groupid, hint: [1762183003353651737961273], from ip: 218.24.198.37, more info at https://open.work.weixin.qq.com/devtool/query?e=40068"}
