2025-11-09 00:06:16,016 - [INFO] - base_api.py:17 - 请求接口为：https://qyapi.weixin.qq.com/cgi-bin/gettoken?corpid=ww779187ee7c9f7085&corpsecret=AAR4FC_5E6m4mbvKWepNrLt7qPFdIHXrjrK77sQcNqE
2025-11-09 00:06:16,527 - [INFO] - base_api.py:19 - 接口响应为：{"errcode":0,"errmsg":"ok","access_token":"A3SM28F13s_QCXG0sttZX5itPZ_-xRjOTSxUdcuU7ztbK-nreZk-HNvNW-YgH4c9byedDmt6heNQ2CqNQeygum7o9Mql-0mnC_bbmxxD0A4-X0790TptYsTgHpwcVqE9_CWjKTXrBV_VySoyvYa5S3KvRA0VBEN9-tKf72Cbt8wD7on4T1bX4lJvvyNLFUoY5N3xcKMyd70VKUBm4pY4Sw","expires_in":7200}
2025-11-09 00:06:16,541 - [INFO] - test_department_flow.py:21 - ========== 【部门业务流测试开始】 ==========
2025-11-09 00:06:16,541 - [INFO] - test_department_flow.py:24 - Step 1: 创建部门
2025-11-09 00:06:16,542 - [INFO] - base_api.py:17 - 请求接口为：https://qyapi.weixin.qq.com/cgi-bin/department/create?access_token=A3SM28F13s_QCXG0sttZX5itPZ_-xRjOTSxUdcuU7ztbK-nreZk-HNvNW-YgH4c9byedDmt6heNQ2CqNQeygum7o9Mql-0mnC_bbmxxD0A4-X0790TptYsTgHpwcVqE9_CWjKTXrBV_VySoyvYa5S3KvRA0VBEN9-tKf72Cbt8wD7on4T1bX4lJvvyNLFUoY5N3xcKMyd70VKUBm4pY4Sw
2025-11-09 00:06:17,079 - [INFO] - base_api.py:19 - 接口响应为：{"errcode":0,"errmsg":"created","id":2}
2025-11-09 00:06:17,081 - [INFO] - test_department_flow.py:28 - 创建部门响应: {'errcode': 0, 'errmsg': 'created', 'id': 2}
2025-11-09 00:06:17,081 - [INFO] - test_department_flow.py:33 - Step 2: 修改部门名称
2025-11-09 00:06:17,081 - [INFO] - base_api.py:17 - 请求接口为：https://qyapi.weixin.qq.com/cgi-bin/department/update?access_token=A3SM28F13s_QCXG0sttZX5itPZ_-xRjOTSxUdcuU7ztbK-nreZk-HNvNW-YgH4c9byedDmt6heNQ2CqNQeygum7o9Mql-0mnC_bbmxxD0A4-X0790TptYsTgHpwcVqE9_CWjKTXrBV_VySoyvYa5S3KvRA0VBEN9-tKf72Cbt8wD7on4T1bX4lJvvyNLFUoY5N3xcKMyd70VKUBm4pY4Sw
2025-11-09 00:06:17,569 - [INFO] - base_api.py:19 - 接口响应为：{"errcode":0,"errmsg":"updated"}
2025-11-09 00:06:17,569 - [INFO] - test_department_flow.py:40 - 修改部门响应: {'errcode': 0, 'errmsg': 'updated'}
2025-11-09 00:06:17,569 - [INFO] - test_department_flow.py:44 - Step 3: 获取部门详情
2025-11-09 00:06:17,569 - [INFO] - base_api.py:17 - 请求接口为：https://qyapi.weixin.qq.com/cgi-bin/department/simplelist?access_token=A3SM28F13s_QCXG0sttZX5itPZ_-xRjOTSxUdcuU7ztbK-nreZk-HNvNW-YgH4c9byedDmt6heNQ2CqNQeygum7o9Mql-0mnC_bbmxxD0A4-X0790TptYsTgHpwcVqE9_CWjKTXrBV_VySoyvYa5S3KvRA0VBEN9-tKf72Cbt8wD7on4T1bX4lJvvyNLFUoY5N3xcKMyd70VKUBm4pY4Sw
2025-11-09 00:06:17,936 - [INFO] - base_api.py:19 - 接口响应为：{"errcode":0,"errmsg":"ok","department_id":[{"id":1,"parentid":0,"order":100000000},{"id":2,"parentid":1,"order":100000000}]}
2025-11-09 00:06:17,936 - [INFO] - test_department_flow.py:46 - 查询部门响应: {'errcode': 0, 'errmsg': 'ok', 'department_id': [{'id': 1, 'parentid': 0, 'order': 100000000}, {'id': 2, 'parentid': 1, 'order': 100000000}]}
2025-11-09 00:07:45,496 - [INFO] - base_api.py:17 - 请求接口为：https://qyapi.weixin.qq.com/cgi-bin/gettoken?corpid=ww779187ee7c9f7085&corpsecret=AAR4FC_5E6m4mbvKWepNrLt7qPFdIHXrjrK77sQcNqE
2025-11-09 00:07:46,683 - [INFO] - base_api.py:19 - 接口响应为：{"errcode":0,"errmsg":"ok","access_token":"A3SM28F13s_QCXG0sttZX5itPZ_-xRjOTSxUdcuU7ztbK-nreZk-HNvNW-YgH4c9byedDmt6heNQ2CqNQeygum7o9Mql-0mnC_bbmxxD0A4-X0790TptYsTgHpwcVqE9_CWjKTXrBV_VySoyvYa5S3KvRA0VBEN9-tKf72Cbt8wD7on4T1bX4lJvvyNLFUoY5N3xcKMyd70VKUBm4pY4Sw","expires_in":7200}
2025-11-09 00:07:46,685 - [INFO] - test_department_flow.py:21 - ========== 【部门业务流测试开始】 ==========
2025-11-09 00:07:46,685 - [INFO] - test_department_flow.py:24 - Step 1: 创建部门
2025-11-09 00:07:46,685 - [INFO] - base_api.py:17 - 请求接口为：https://qyapi.weixin.qq.com/cgi-bin/department/create?access_token=A3SM28F13s_QCXG0sttZX5itPZ_-xRjOTSxUdcuU7ztbK-nreZk-HNvNW-YgH4c9byedDmt6heNQ2CqNQeygum7o9Mql-0mnC_bbmxxD0A4-X0790TptYsTgHpwcVqE9_CWjKTXrBV_VySoyvYa5S3KvRA0VBEN9-tKf72Cbt8wD7on4T1bX4lJvvyNLFUoY5N3xcKMyd70VKUBm4pY4Sw
2025-11-09 00:07:47,713 - [INFO] - base_api.py:19 - 接口响应为：{"errcode":0,"errmsg":"created","id":2}
2025-11-09 00:07:47,715 - [INFO] - test_department_flow.py:28 - 创建部门响应: {'errcode': 0, 'errmsg': 'created', 'id': 2}
2025-11-09 00:07:47,715 - [INFO] - test_department_flow.py:33 - Step 2: 修改部门名称
2025-11-09 00:07:47,715 - [INFO] - base_api.py:17 - 请求接口为：https://qyapi.weixin.qq.com/cgi-bin/department/update?access_token=A3SM28F13s_QCXG0sttZX5itPZ_-xRjOTSxUdcuU7ztbK-nreZk-HNvNW-YgH4c9byedDmt6heNQ2CqNQeygum7o9Mql-0mnC_bbmxxD0A4-X0790TptYsTgHpwcVqE9_CWjKTXrBV_VySoyvYa5S3KvRA0VBEN9-tKf72Cbt8wD7on4T1bX4lJvvyNLFUoY5N3xcKMyd70VKUBm4pY4Sw
2025-11-09 00:07:48,215 - [INFO] - base_api.py:19 - 接口响应为：{"errcode":0,"errmsg":"updated"}
2025-11-09 00:07:48,215 - [INFO] - test_department_flow.py:40 - 修改部门响应: {'errcode': 0, 'errmsg': 'updated'}
2025-11-09 00:07:48,215 - [INFO] - test_department_flow.py:44 - Step 3: 获取部门详情
2025-11-09 00:07:48,215 - [INFO] - base_api.py:17 - 请求接口为：https://qyapi.weixin.qq.com/cgi-bin/department/simplelist?access_token=A3SM28F13s_QCXG0sttZX5itPZ_-xRjOTSxUdcuU7ztbK-nreZk-HNvNW-YgH4c9byedDmt6heNQ2CqNQeygum7o9Mql-0mnC_bbmxxD0A4-X0790TptYsTgHpwcVqE9_CWjKTXrBV_VySoyvYa5S3KvRA0VBEN9-tKf72Cbt8wD7on4T1bX4lJvvyNLFUoY5N3xcKMyd70VKUBm4pY4Sw
2025-11-09 00:07:48,561 - [INFO] - base_api.py:19 - 接口响应为：{"errcode":0,"errmsg":"ok","department_id":[{"id":1,"parentid":0,"order":100000000},{"id":2,"parentid":1,"order":100000000}]}
2025-11-09 00:07:48,561 - [INFO] - test_department_flow.py:46 - 查询部门响应: {'errcode': 0, 'errmsg': 'ok', 'department_id': [{'id': 1, 'parentid': 0, 'order': 100000000}, {'id': 2, 'parentid': 1, 'order': 100000000}]}
2025-11-09 00:10:35,975 - [INFO] - base_api.py:17 - 请求接口为：https://qyapi.weixin.qq.com/cgi-bin/gettoken?corpid=ww779187ee7c9f7085&corpsecret=AAR4FC_5E6m4mbvKWepNrLt7qPFdIHXrjrK77sQcNqE
2025-11-09 00:10:36,354 - [INFO] - base_api.py:19 - 接口响应为：{"errcode":0,"errmsg":"ok","access_token":"A3SM28F13s_QCXG0sttZX5itPZ_-xRjOTSxUdcuU7ztbK-nreZk-HNvNW-YgH4c9byedDmt6heNQ2CqNQeygum7o9Mql-0mnC_bbmxxD0A4-X0790TptYsTgHpwcVqE9_CWjKTXrBV_VySoyvYa5S3KvRA0VBEN9-tKf72Cbt8wD7on4T1bX4lJvvyNLFUoY5N3xcKMyd70VKUBm4pY4Sw","expires_in":7200}
2025-11-09 00:10:36,357 - [INFO] - test_department_flow.py:21 - ========== 【部门业务流测试开始】 ==========
2025-11-09 00:10:36,357 - [INFO] - test_department_flow.py:24 - Step 1: 创建部门
2025-11-09 00:10:36,357 - [INFO] - base_api.py:17 - 请求接口为：https://qyapi.weixin.qq.com/cgi-bin/department/create?access_token=A3SM28F13s_QCXG0sttZX5itPZ_-xRjOTSxUdcuU7ztbK-nreZk-HNvNW-YgH4c9byedDmt6heNQ2CqNQeygum7o9Mql-0mnC_bbmxxD0A4-X0790TptYsTgHpwcVqE9_CWjKTXrBV_VySoyvYa5S3KvRA0VBEN9-tKf72Cbt8wD7on4T1bX4lJvvyNLFUoY5N3xcKMyd70VKUBm4pY4Sw
2025-11-09 00:10:37,787 - [INFO] - base_api.py:19 - 接口响应为：{"errcode":0,"errmsg":"created","id":2}
2025-11-09 00:10:37,788 - [INFO] - test_department_flow.py:28 - 创建部门响应: {'errcode': 0, 'errmsg': 'created', 'id': 2}
2025-11-09 00:10:37,788 - [INFO] - test_department_flow.py:33 - Step 2: 修改部门名称
2025-11-09 00:10:37,788 - [INFO] - base_api.py:17 - 请求接口为：https://qyapi.weixin.qq.com/cgi-bin/department/update?access_token=A3SM28F13s_QCXG0sttZX5itPZ_-xRjOTSxUdcuU7ztbK-nreZk-HNvNW-YgH4c9byedDmt6heNQ2CqNQeygum7o9Mql-0mnC_bbmxxD0A4-X0790TptYsTgHpwcVqE9_CWjKTXrBV_VySoyvYa5S3KvRA0VBEN9-tKf72Cbt8wD7on4T1bX4lJvvyNLFUoY5N3xcKMyd70VKUBm4pY4Sw
2025-11-09 00:10:38,529 - [INFO] - base_api.py:19 - 接口响应为：{"errcode":0,"errmsg":"updated"}
2025-11-09 00:10:38,529 - [INFO] - test_department_flow.py:40 - 修改部门响应: {'errcode': 0, 'errmsg': 'updated'}
2025-11-09 00:10:38,529 - [INFO] - test_department_flow.py:44 - Step 3: 获取部门详情
2025-11-09 00:10:38,529 - [INFO] - base_api.py:17 - 请求接口为：https://qyapi.weixin.qq.com/cgi-bin/department/simplelist?access_token=A3SM28F13s_QCXG0sttZX5itPZ_-xRjOTSxUdcuU7ztbK-nreZk-HNvNW-YgH4c9byedDmt6heNQ2CqNQeygum7o9Mql-0mnC_bbmxxD0A4-X0790TptYsTgHpwcVqE9_CWjKTXrBV_VySoyvYa5S3KvRA0VBEN9-tKf72Cbt8wD7on4T1bX4lJvvyNLFUoY5N3xcKMyd70VKUBm4pY4Sw
2025-11-09 00:10:38,870 - [INFO] - base_api.py:19 - 接口响应为：{"errcode":0,"errmsg":"ok","department_id":[{"id":1,"parentid":0,"order":100000000},{"id":2,"parentid":1,"order":100000000}]}
2025-11-09 00:10:38,870 - [INFO] - test_department_flow.py:46 - 查询部门响应: {'errcode': 0, 'errmsg': 'ok', 'department_id': [{'id': 1, 'parentid': 0, 'order': 100000000}, {'id': 2, 'parentid': 1, 'order': 100000000}]}
2025-11-09 00:13:56,521 - [INFO] - base_api.py:17 - 请求接口为：https://qyapi.weixin.qq.com/cgi-bin/gettoken?corpid=ww779187ee7c9f7085&corpsecret=AAR4FC_5E6m4mbvKWepNrLt7qPFdIHXrjrK77sQcNqE
2025-11-09 00:13:56,935 - [INFO] - base_api.py:19 - 接口响应为：{"errcode":0,"errmsg":"ok","access_token":"A3SM28F13s_QCXG0sttZX5itPZ_-xRjOTSxUdcuU7ztbK-nreZk-HNvNW-YgH4c9byedDmt6heNQ2CqNQeygum7o9Mql-0mnC_bbmxxD0A4-X0790TptYsTgHpwcVqE9_CWjKTXrBV_VySoyvYa5S3KvRA0VBEN9-tKf72Cbt8wD7on4T1bX4lJvvyNLFUoY5N3xcKMyd70VKUBm4pY4Sw","expires_in":7200}
2025-11-09 00:13:56,937 - [INFO] - test_department_flow.py:21 - ========== 【部门业务流测试开始】 ==========
2025-11-09 00:13:56,937 - [INFO] - test_department_flow.py:24 - Step 1: 创建部门
2025-11-09 00:13:56,937 - [INFO] - base_api.py:17 - 请求接口为：https://qyapi.weixin.qq.com/cgi-bin/department/create?access_token=A3SM28F13s_QCXG0sttZX5itPZ_-xRjOTSxUdcuU7ztbK-nreZk-HNvNW-YgH4c9byedDmt6heNQ2CqNQeygum7o9Mql-0mnC_bbmxxD0A4-X0790TptYsTgHpwcVqE9_CWjKTXrBV_VySoyvYa5S3KvRA0VBEN9-tKf72Cbt8wD7on4T1bX4lJvvyNLFUoY5N3xcKMyd70VKUBm4pY4Sw
2025-11-09 00:13:57,550 - [INFO] - base_api.py:19 - 接口响应为：{"errcode":0,"errmsg":"created","id":3}
2025-11-09 00:13:57,559 - [INFO] - test_department_flow.py:28 - 创建部门响应: {'errcode': 0, 'errmsg': 'created', 'id': 3}
2025-11-09 00:13:57,560 - [INFO] - test_department_flow.py:33 - Step 2: 修改部门名称
2025-11-09 00:13:57,560 - [INFO] - base_api.py:17 - 请求接口为：https://qyapi.weixin.qq.com/cgi-bin/department/update?access_token=A3SM28F13s_QCXG0sttZX5itPZ_-xRjOTSxUdcuU7ztbK-nreZk-HNvNW-YgH4c9byedDmt6heNQ2CqNQeygum7o9Mql-0mnC_bbmxxD0A4-X0790TptYsTgHpwcVqE9_CWjKTXrBV_VySoyvYa5S3KvRA0VBEN9-tKf72Cbt8wD7on4T1bX4lJvvyNLFUoY5N3xcKMyd70VKUBm4pY4Sw
2025-11-09 00:13:58,108 - [INFO] - base_api.py:19 - 接口响应为：{"errcode":60008,"errmsg":"department existed, hint: [1762618438547533507145567], from ip: 218.24.198.37, more info at https://open.work.weixin.qq.com/devtool/query?e=60008"}
2025-11-09 00:13:58,108 - [INFO] - test_department_flow.py:40 - 修改部门响应: {'errcode': 60008, 'errmsg': 'department existed, hint: [1762618438547533507145567], from ip: 218.24.198.37, more info at https://open.work.weixin.qq.com/devtool/query?e=60008'}
2025-11-09 00:14:25,171 - [INFO] - base_api.py:17 - 请求接口为：https://qyapi.weixin.qq.com/cgi-bin/gettoken?corpid=ww779187ee7c9f7085&corpsecret=AAR4FC_5E6m4mbvKWepNrLt7qPFdIHXrjrK77sQcNqE
2025-11-09 00:14:25,607 - [INFO] - base_api.py:19 - 接口响应为：{"errcode":0,"errmsg":"ok","access_token":"A3SM28F13s_QCXG0sttZX5itPZ_-xRjOTSxUdcuU7ztbK-nreZk-HNvNW-YgH4c9byedDmt6heNQ2CqNQeygum7o9Mql-0mnC_bbmxxD0A4-X0790TptYsTgHpwcVqE9_CWjKTXrBV_VySoyvYa5S3KvRA0VBEN9-tKf72Cbt8wD7on4T1bX4lJvvyNLFUoY5N3xcKMyd70VKUBm4pY4Sw","expires_in":7200}
2025-11-09 00:14:25,611 - [INFO] - test_department_flow.py:21 - ========== 【部门业务流测试开始】 ==========
2025-11-09 00:14:25,611 - [INFO] - test_department_flow.py:24 - Step 1: 创建部门
2025-11-09 00:14:25,611 - [INFO] - base_api.py:17 - 请求接口为：https://qyapi.weixin.qq.com/cgi-bin/department/create?access_token=A3SM28F13s_QCXG0sttZX5itPZ_-xRjOTSxUdcuU7ztbK-nreZk-HNvNW-YgH4c9byedDmt6heNQ2CqNQeygum7o9Mql-0mnC_bbmxxD0A4-X0790TptYsTgHpwcVqE9_CWjKTXrBV_VySoyvYa5S3KvRA0VBEN9-tKf72Cbt8wD7on4T1bX4lJvvyNLFUoY5N3xcKMyd70VKUBm4pY4Sw
2025-11-09 00:14:26,062 - [INFO] - base_api.py:19 - 接口响应为：{"errcode":0,"errmsg":"created","id":2}
2025-11-09 00:14:26,064 - [INFO] - test_department_flow.py:28 - 创建部门响应: {'errcode': 0, 'errmsg': 'created', 'id': 2}
2025-11-09 00:14:26,064 - [INFO] - test_department_flow.py:33 - Step 2: 修改部门名称
2025-11-09 00:14:26,065 - [INFO] - base_api.py:17 - 请求接口为：https://qyapi.weixin.qq.com/cgi-bin/department/update?access_token=A3SM28F13s_QCXG0sttZX5itPZ_-xRjOTSxUdcuU7ztbK-nreZk-HNvNW-YgH4c9byedDmt6heNQ2CqNQeygum7o9Mql-0mnC_bbmxxD0A4-X0790TptYsTgHpwcVqE9_CWjKTXrBV_VySoyvYa5S3KvRA0VBEN9-tKf72Cbt8wD7on4T1bX4lJvvyNLFUoY5N3xcKMyd70VKUBm4pY4Sw
2025-11-09 00:14:26,716 - [INFO] - base_api.py:19 - 接口响应为：{"errcode":0,"errmsg":"updated"}
2025-11-09 00:14:26,716 - [INFO] - test_department_flow.py:40 - 修改部门响应: {'errcode': 0, 'errmsg': 'updated'}
2025-11-09 00:14:26,716 - [INFO] - test_department_flow.py:44 - Step 3: 获取部门详情
2025-11-09 00:14:26,716 - [INFO] - base_api.py:17 - 请求接口为：https://qyapi.weixin.qq.com/cgi-bin/department/simplelist?access_token=A3SM28F13s_QCXG0sttZX5itPZ_-xRjOTSxUdcuU7ztbK-nreZk-HNvNW-YgH4c9byedDmt6heNQ2CqNQeygum7o9Mql-0mnC_bbmxxD0A4-X0790TptYsTgHpwcVqE9_CWjKTXrBV_VySoyvYa5S3KvRA0VBEN9-tKf72Cbt8wD7on4T1bX4lJvvyNLFUoY5N3xcKMyd70VKUBm4pY4Sw
2025-11-09 00:14:27,087 - [INFO] - base_api.py:19 - 接口响应为：{"errcode":0,"errmsg":"ok","department_id":[{"id":1,"parentid":0,"order":100000000},{"id":2,"parentid":1,"order":100000000}]}
2025-11-09 00:14:27,087 - [INFO] - test_department_flow.py:46 - 查询部门响应: {'errcode': 0, 'errmsg': 'ok', 'department_id': [{'id': 1, 'parentid': 0, 'order': 100000000}, {'id': 2, 'parentid': 1, 'order': 100000000}]}
2025-11-09 00:19:13,694 - [INFO] - base_api.py:17 - 请求接口为：https://qyapi.weixin.qq.com/cgi-bin/gettoken?corpid=ww779187ee7c9f7085&corpsecret=AAR4FC_5E6m4mbvKWepNrLt7qPFdIHXrjrK77sQcNqE
2025-11-09 00:19:15,032 - [INFO] - base_api.py:19 - 接口响应为：{"errcode":0,"errmsg":"ok","access_token":"A3SM28F13s_QCXG0sttZX5itPZ_-xRjOTSxUdcuU7ztbK-nreZk-HNvNW-YgH4c9byedDmt6heNQ2CqNQeygum7o9Mql-0mnC_bbmxxD0A4-X0790TptYsTgHpwcVqE9_CWjKTXrBV_VySoyvYa5S3KvRA0VBEN9-tKf72Cbt8wD7on4T1bX4lJvvyNLFUoY5N3xcKMyd70VKUBm4pY4Sw","expires_in":7200}
2025-11-09 00:19:15,034 - [INFO] - test_department_flow.py:21 - ========== 【部门业务流测试开始】 ==========
2025-11-09 00:19:15,034 - [INFO] - test_department_flow.py:24 - Step 1: 创建部门
2025-11-09 00:19:15,034 - [INFO] - base_api.py:17 - 请求接口为：https://qyapi.weixin.qq.com/cgi-bin/department/create?access_token=A3SM28F13s_QCXG0sttZX5itPZ_-xRjOTSxUdcuU7ztbK-nreZk-HNvNW-YgH4c9byedDmt6heNQ2CqNQeygum7o9Mql-0mnC_bbmxxD0A4-X0790TptYsTgHpwcVqE9_CWjKTXrBV_VySoyvYa5S3KvRA0VBEN9-tKf72Cbt8wD7on4T1bX4lJvvyNLFUoY5N3xcKMyd70VKUBm4pY4Sw
2025-11-09 00:19:16,575 - [INFO] - base_api.py:19 - 接口响应为：{"errcode":0,"errmsg":"created","id":2}
2025-11-09 00:19:16,584 - [INFO] - test_department_flow.py:28 - 创建部门响应: {'errcode': 0, 'errmsg': 'created', 'id': 2}
2025-11-09 00:19:16,585 - [INFO] - test_department_flow.py:33 - Step 2: 修改部门名称
2025-11-09 00:19:16,585 - [INFO] - base_api.py:17 - 请求接口为：https://qyapi.weixin.qq.com/cgi-bin/department/update?access_token=A3SM28F13s_QCXG0sttZX5itPZ_-xRjOTSxUdcuU7ztbK-nreZk-HNvNW-YgH4c9byedDmt6heNQ2CqNQeygum7o9Mql-0mnC_bbmxxD0A4-X0790TptYsTgHpwcVqE9_CWjKTXrBV_VySoyvYa5S3KvRA0VBEN9-tKf72Cbt8wD7on4T1bX4lJvvyNLFUoY5N3xcKMyd70VKUBm4pY4Sw
2025-11-09 00:19:17,114 - [INFO] - base_api.py:19 - 接口响应为：{"errcode":0,"errmsg":"updated"}
2025-11-09 00:19:17,114 - [INFO] - test_department_flow.py:40 - 修改部门响应: {'errcode': 0, 'errmsg': 'updated'}
2025-11-09 00:19:17,114 - [INFO] - test_department_flow.py:44 - Step 3: 获取部门详情
2025-11-09 00:19:17,114 - [INFO] - base_api.py:17 - 请求接口为：https://qyapi.weixin.qq.com/cgi-bin/department/simplelist?access_token=A3SM28F13s_QCXG0sttZX5itPZ_-xRjOTSxUdcuU7ztbK-nreZk-HNvNW-YgH4c9byedDmt6heNQ2CqNQeygum7o9Mql-0mnC_bbmxxD0A4-X0790TptYsTgHpwcVqE9_CWjKTXrBV_VySoyvYa5S3KvRA0VBEN9-tKf72Cbt8wD7on4T1bX4lJvvyNLFUoY5N3xcKMyd70VKUBm4pY4Sw
2025-11-09 00:19:17,484 - [INFO] - base_api.py:19 - 接口响应为：{"errcode":0,"errmsg":"ok","department_id":[{"id":1,"parentid":0,"order":100000000},{"id":2,"parentid":1,"order":100000000}]}
2025-11-09 00:19:17,485 - [INFO] - test_department_flow.py:46 - 查询部门响应: {'errcode': 0, 'errmsg': 'ok', 'department_id': [{'id': 1, 'parentid': 0, 'order': 100000000}, {'id': 2, 'parentid': 1, 'order': 100000000}]}
2025-11-09 00:19:17,485 - [INFO] - test_department_flow.py:59 - Step 4: 删除部门
2025-11-09 00:19:17,485 - [INFO] - base_api.py:17 - 请求接口为：https://qyapi.weixin.qq.com/cgi-bin/department/delete?access_token=A3SM28F13s_QCXG0sttZX5itPZ_-xRjOTSxUdcuU7ztbK-nreZk-HNvNW-YgH4c9byedDmt6heNQ2CqNQeygum7o9Mql-0mnC_bbmxxD0A4-X0790TptYsTgHpwcVqE9_CWjKTXrBV_VySoyvYa5S3KvRA0VBEN9-tKf72Cbt8wD7on4T1bX4lJvvyNLFUoY5N3xcKMyd70VKUBm4pY4Sw&id=2
2025-11-09 00:19:18,019 - [INFO] - base_api.py:19 - 接口响应为：{"errcode":0,"errmsg":"deleted"}
2025-11-09 00:19:18,020 - [INFO] - test_department_flow.py:61 - 删除部门响应: {'errcode': 0, 'errmsg': 'deleted'}
2025-11-09 00:19:18,020 - [INFO] - test_department_flow.py:64 - ========== 【部门业务流测试结束】 ==========
2025-11-09 17:02:07,165 - [INFO] - base_api.py:17 - 请求接口为：https://qyapi.weixin.qq.com/cgi-bin/gettoken?corpid=ww779187ee7c9f7085&corpsecret=AAR4FC_5E6m4mbvKWepNrLt7qPFdIHXrjrK77sQcNqE
2025-11-09 17:02:07,730 - [INFO] - base_api.py:19 - 接口响应为：{"errcode":0,"errmsg":"ok","access_token":"5t7nFWxKPEObpmAFFqzo-BAlTgJSZ7kP67oqsqfcnkKkYadRq71Jrw1-eGq0D7pBZCxnAP95x67HmzganyzIz3VyTI6LhIVP-CrOS_3LrOvtLd_X9zyNPjWqMuhsmBm5ITkbT-kcZoUPkxNnD2MKhtq2nYvQIgLzBLQf0ZvmCwJXHPvEcrQPXQnwyPqJ6gnAjlBh55udiHSMzAqp95UmGg","expires_in":7200}
2025-11-09 17:02:07,733 - [INFO] - test_user_flow.py:22 - Step 1: 创建用户
2025-11-09 17:02:07,733 - [INFO] - base_api.py:17 - 请求接口为：https://qyapi.weixin.qq.com/cgi-bin/user/create?access_token=5t7nFWxKPEObpmAFFqzo-BAlTgJSZ7kP67oqsqfcnkKkYadRq71Jrw1-eGq0D7pBZCxnAP95x67HmzganyzIz3VyTI6LhIVP-CrOS_3LrOvtLd_X9zyNPjWqMuhsmBm5ITkbT-kcZoUPkxNnD2MKhtq2nYvQIgLzBLQf0ZvmCwJXHPvEcrQPXQnwyPqJ6gnAjlBh55udiHSMzAqp95UmGg
2025-11-09 17:02:09,142 - [INFO] - base_api.py:19 - 接口响应为：{"errcode":0,"errmsg":"created"}
2025-11-09 17:02:09,143 - [INFO] - test_user_flow.py:31 - 创建用户响应: {'errcode': 0, 'errmsg': 'created'}
2025-11-09 17:02:09,144 - [INFO] - test_user_flow.py:36 - Step 2: 修改用户信息
2025-11-09 17:02:09,144 - [INFO] - base_api.py:17 - 请求接口为：https://qyapi.weixin.qq.com/cgi-bin/user/update
2025-11-09 17:02:11,172 - [INFO] - base_api.py:19 - 接口响应为：{"errcode":0,"errmsg":"updated"}
2025-11-09 17:02:11,172 - [INFO] - test_user_flow.py:43 - 修改用户响应: {'errcode': 0, 'errmsg': 'updated'}
2025-11-09 17:02:11,172 - [INFO] - test_user_flow.py:47 - Step 3: 查询用户详情
2025-11-09 17:02:11,172 - [INFO] - base_api.py:17 - 请求接口为：https://qyapi.weixin.qq.com/cgi-bin/user/get
2025-11-09 17:02:11,931 - [INFO] - base_api.py:19 - 接口响应为：{"errcode":48009,"errmsg":"api forbidden for contact assistant, hint: [1762678932606550834409383], from ip: 218.24.198.37, more info at https://open.work.weixin.qq.com/devtool/query?e=48009","department":[],"order":[],"is_leader_in_dept":[],"direct_leader":[]}
2025-11-09 17:02:11,931 - [INFO] - test_user_flow.py:49 - 查询用户响应: {'errcode': 48009, 'errmsg': 'api forbidden for contact assistant, hint: [1762678932606550834409383], from ip: 218.24.198.37, more info at https://open.work.weixin.qq.com/devtool/query?e=48009', 'department': [], 'order': [], 'is_leader_in_dept': [], 'direct_leader': []}
2025-11-09 18:44:27,161 - [INFO] - base_api.py:17 - 请求接口为：https://qyapi.weixin.qq.com/cgi-bin/gettoken?corpid=ww779187ee7c9f7085&corpsecret=AAR4FC_5E6m4mbvKWepNrLt7qPFdIHXrjrK77sQcNqE
2025-11-09 18:44:27,598 - [INFO] - base_api.py:19 - 接口响应为：{"errcode":0,"errmsg":"ok","access_token":"mCrduWkaV-8SJlSJUJx06BrQwF2csoa6KxwB53H0MOPO9p-a8yzqDcGLDhC-6kwKVMWiQhekcL6p-x3Iei0OdSYrLeJOTo8HxGHMKhAj-rlJ9Vp2uwDIwUa_DIyoyIkU921_BdN21nuQcwpuON9mEMkfrn-XimjCAWXuR-g_6eE7r_WTJJUp-At1MTy2m6-snVyLfbm60vRJxSXd1uUang","expires_in":7200}
2025-11-09 18:44:27,601 - [INFO] - test_user_flow.py:22 - Step 1: 创建用户
2025-11-09 18:44:27,601 - [INFO] - base_api.py:17 - 请求接口为：https://qyapi.weixin.qq.com/cgi-bin/user/create?access_token=mCrduWkaV-8SJlSJUJx06BrQwF2csoa6KxwB53H0MOPO9p-a8yzqDcGLDhC-6kwKVMWiQhekcL6p-x3Iei0OdSYrLeJOTo8HxGHMKhAj-rlJ9Vp2uwDIwUa_DIyoyIkU921_BdN21nuQcwpuON9mEMkfrn-XimjCAWXuR-g_6eE7r_WTJJUp-At1MTy2m6-snVyLfbm60vRJxSXd1uUang
2025-11-09 18:44:28,426 - [INFO] - base_api.py:19 - 接口响应为：{"errcode":60102,"errmsg":"userid existed, hint: [1762685068557771595823591], from ip: 218.24.198.29, more info at https://open.work.weixin.qq.com/devtool/query?e=60102"}
2025-11-09 18:44:28,428 - [INFO] - test_user_flow.py:31 - 创建用户响应: {'errcode': 60102, 'errmsg': 'userid existed, hint: [1762685068557771595823591], from ip: 218.24.198.29, more info at https://open.work.weixin.qq.com/devtool/query?e=60102'}
2025-11-09 18:45:06,609 - [INFO] - base_api.py:17 - 请求接口为：https://qyapi.weixin.qq.com/cgi-bin/gettoken?corpid=ww779187ee7c9f7085&corpsecret=AAR4FC_5E6m4mbvKWepNrLt7qPFdIHXrjrK77sQcNqE
2025-11-09 18:45:49,523 - [INFO] - base_api.py:17 - 请求接口为：https://qyapi.weixin.qq.com/cgi-bin/gettoken?corpid=ww779187ee7c9f7085&corpsecret=AAR4FC_5E6m4mbvKWepNrLt7qPFdIHXrjrK77sQcNqE
2025-11-09 18:45:50,570 - [INFO] - base_api.py:19 - 接口响应为：{"errcode":0,"errmsg":"ok","access_token":"mCrduWkaV-8SJlSJUJx06BrQwF2csoa6KxwB53H0MOPO9p-a8yzqDcGLDhC-6kwKVMWiQhekcL6p-x3Iei0OdSYrLeJOTo8HxGHMKhAj-rlJ9Vp2uwDIwUa_DIyoyIkU921_BdN21nuQcwpuON9mEMkfrn-XimjCAWXuR-g_6eE7r_WTJJUp-At1MTy2m6-snVyLfbm60vRJxSXd1uUang","expires_in":7200}
2025-11-09 18:45:50,573 - [INFO] - test_user_flow.py:22 - Step 1: 创建用户
2025-11-09 18:45:50,574 - [INFO] - base_api.py:17 - 请求接口为：https://qyapi.weixin.qq.com/cgi-bin/user/create?access_token=mCrduWkaV-8SJlSJUJx06BrQwF2csoa6KxwB53H0MOPO9p-a8yzqDcGLDhC-6kwKVMWiQhekcL6p-x3Iei0OdSYrLeJOTo8HxGHMKhAj-rlJ9Vp2uwDIwUa_DIyoyIkU921_BdN21nuQcwpuON9mEMkfrn-XimjCAWXuR-g_6eE7r_WTJJUp-At1MTy2m6-snVyLfbm60vRJxSXd1uUang
2025-11-09 18:45:51,777 - [INFO] - base_api.py:19 - 接口响应为：{"errcode":0,"errmsg":"created"}
2025-11-09 18:45:51,777 - [INFO] - test_user_flow.py:31 - 创建用户响应: {'errcode': 0, 'errmsg': 'created'}
2025-11-09 18:45:51,779 - [INFO] - test_user_flow.py:36 - Step 2: 修改用户信息
2025-11-09 18:45:51,779 - [INFO] - base_api.py:17 - 请求接口为：https://qyapi.weixin.qq.com/cgi-bin/user/update
2025-11-09 18:45:52,669 - [INFO] - base_api.py:19 - 接口响应为：{"errcode":0,"errmsg":"updated"}
2025-11-09 18:45:52,669 - [INFO] - test_user_flow.py:43 - 修改用户响应: {'errcode': 0, 'errmsg': 'updated'}
2025-11-09 18:45:52,669 - [INFO] - test_user_flow.py:56 - Step 4: 删除用户
2025-11-09 18:45:52,670 - [INFO] - base_api.py:17 - 请求接口为：https://qyapi.weixin.qq.com/cgi-bin/user/delete
2025-11-09 18:45:56,484 - [INFO] - base_api.py:19 - 接口响应为：{"errcode":0,"errmsg":"deleted"}
2025-11-09 18:45:56,485 - [INFO] - test_user_flow.py:58 - 删除用户响应: {'errcode': 0, 'errmsg': 'deleted'}
2025-11-09 18:45:56,485 - [INFO] - test_user_flow.py:62 - ✅ 用户业务流测试执行完毕，所有步骤通过！
2025-11-09 19:28:32,511 - [INFO] - base_api.py:17 - 请求接口为：https://qyapi.weixin.qq.com/cgi-bin/gettoken?corpid=ww779187ee7c9f7085&corpsecret=AAR4FC_5E6m4mbvKWepNrLt7qPFdIHXrjrK77sQcNqE
2025-11-09 19:28:33,010 - [INFO] - base_api.py:19 - 接口响应为：{"errcode":0,"errmsg":"ok","access_token":"mCrduWkaV-8SJlSJUJx06BrQwF2csoa6KxwB53H0MOPO9p-a8yzqDcGLDhC-6kwKVMWiQhekcL6p-x3Iei0OdSYrLeJOTo8HxGHMKhAj-rlJ9Vp2uwDIwUa_DIyoyIkU921_BdN21nuQcwpuON9mEMkfrn-XimjCAWXuR-g_6eE7r_WTJJUp-At1MTy2m6-snVyLfbm60vRJxSXd1uUang","expires_in":7200}
2025-11-09 19:28:33,011 - [INFO] - test_tag_flow.py:20 - Step 1: 创建标签
2025-11-09 19:28:33,011 - [INFO] - tags.py:18 - 创建标签请求体: {'tagname': '业务流测试标签'}
2025-11-09 19:28:33,011 - [INFO] - base_api.py:17 - 请求接口为：https://qyapi.weixin.qq.com/cgi-bin/tag/create
2025-11-09 19:28:36,520 - [INFO] - base_api.py:19 - 接口响应为：{"errcode":0,"errmsg":"created","tagid":4}
2025-11-09 19:28:36,520 - [INFO] - test_tag_flow.py:26 - 创建标签响应: {'errcode': 0, 'errmsg': 'created', 'tagid': 4}
2025-11-09 19:28:36,520 - [INFO] - test_tag_flow.py:34 - Step 2: 更新标签名称
2025-11-09 19:28:36,521 - [INFO] - base_api.py:17 - 请求接口为：https://qyapi.weixin.qq.com/cgi-bin/tag/update
2025-11-09 19:29:21,355 - [INFO] - base_api.py:17 - 请求接口为：https://qyapi.weixin.qq.com/cgi-bin/gettoken?corpid=ww779187ee7c9f7085&corpsecret=AAR4FC_5E6m4mbvKWepNrLt7qPFdIHXrjrK77sQcNqE
2025-11-09 19:29:23,846 - [INFO] - base_api.py:19 - 接口响应为：{"errcode":0,"errmsg":"ok","access_token":"mCrduWkaV-8SJlSJUJx06BrQwF2csoa6KxwB53H0MOPO9p-a8yzqDcGLDhC-6kwKVMWiQhekcL6p-x3Iei0OdSYrLeJOTo8HxGHMKhAj-rlJ9Vp2uwDIwUa_DIyoyIkU921_BdN21nuQcwpuON9mEMkfrn-XimjCAWXuR-g_6eE7r_WTJJUp-At1MTy2m6-snVyLfbm60vRJxSXd1uUang","expires_in":7200}
2025-11-09 19:29:23,847 - [INFO] - test_tag_flow.py:20 - Step 1: 创建标签
2025-11-09 19:29:23,848 - [INFO] - tags.py:18 - 创建标签请求体: {'tagname': '业务流测试标签'}
2025-11-09 19:29:23,848 - [INFO] - base_api.py:17 - 请求接口为：https://qyapi.weixin.qq.com/cgi-bin/tag/create
2025-11-09 19:29:24,330 - [INFO] - base_api.py:19 - 接口响应为：{"errcode":0,"errmsg":"created","tagid":1}
2025-11-09 19:29:24,330 - [INFO] - test_tag_flow.py:26 - 创建标签响应: {'errcode': 0, 'errmsg': 'created', 'tagid': 1}
2025-11-09 19:29:24,330 - [INFO] - test_tag_flow.py:34 - Step 2: 更新标签名称
2025-11-09 19:29:24,331 - [INFO] - base_api.py:17 - 请求接口为：https://qyapi.weixin.qq.com/cgi-bin/tag/update
2025-11-09 19:29:25,772 - [INFO] - base_api.py:19 - 接口响应为：{"errcode":0,"errmsg":"updated"}
2025-11-09 19:29:25,773 - [INFO] - test_tag_flow.py:42 - 更新标签响应: {'errcode': 0, 'errmsg': 'updated'}
2025-11-09 19:29:25,773 - [INFO] - test_tag_flow.py:46 - Step 3: 获取标签详情
2025-11-09 19:29:25,773 - [INFO] - base_api.py:17 - 请求接口为：https://qyapi.weixin.qq.com/cgi-bin/tag/get
2025-11-09 19:29:27,133 - [INFO] - base_api.py:19 - 接口响应为：{"errcode":0,"errmsg":"ok","userlist":[],"partylist":[],"tagname":"业务流测试标签_更新"}
2025-11-09 19:29:27,134 - [INFO] - test_tag_flow.py:49 - 查询标签响应: {'errcode': 0, 'errmsg': 'ok', 'userlist': [], 'partylist': [], 'tagname': '业务流测试标签_更新'}
2025-11-09 19:29:27,134 - [INFO] - test_tag_flow.py:63 - Step 4: 删除标签
2025-11-09 19:29:27,134 - [INFO] - base_api.py:17 - 请求接口为：https://qyapi.weixin.qq.com/cgi-bin/tag/delete
2025-11-09 19:29:27,620 - [INFO] - base_api.py:19 - 接口响应为：{"errcode":0,"errmsg":"deleted"}
2025-11-09 19:29:27,620 - [INFO] - test_tag_flow.py:66 - 删除标签响应: {'errcode': 0, 'errmsg': 'deleted'}
