2025-11-04 09:35:30,227 - [INFO] - base_api.py:16 - 请求接口为：https://qyapi.weixin.qq.com/cgi-bin/gettoken?corpid=ww779187ee7c9f7085&corpsecret=AAR4FC_5E6m4mbvKWepNrLt7qPFdIHXrjrK77sQcNqE
2025-11-04 09:35:30,811 - [INFO] - base_api.py:18 - 接口响应为：{"errcode":0,"errmsg":"ok","access_token":"z4oQgouJqCrDQ0ShPnIJAm7N9J8CgUtOec4VS9NQKYA04HlHtdhbZe03rk0GYarW7mhoYnd606lv1YnBL2-prRpXZcioFfz74lCvcsNvrmvaTccgIc8_w1qZpZSTVhlXZk2dptGq6RxXMX2OEUBnBFgn_svMsVwX4xdWeWMaWg-iTRiipQP9luDAA7CzM85YJkc0EFkr5RM__htH2QDCog","expires_in":7200}
2025-11-04 09:35:30,816 - [INFO] - tags.py:18 - 创建标签请求体: {'tagname': '临时标签'}
2025-11-04 09:35:30,816 - [INFO] - base_api.py:16 - 请求接口为：https://qyapi.weixin.qq.com/cgi-bin/tag/create
2025-11-04 09:35:31,572 - [INFO] - base_api.py:18 - 接口响应为：{"errcode":0,"errmsg":"created","tagid":102}
2025-11-04 09:35:31,574 - [INFO] - base_api.py:16 - 请求接口为：https://qyapi.weixin.qq.com/cgi-bin/tag/update
2025-11-04 09:35:32,040 - [INFO] - base_api.py:18 - 接口响应为：{"errcode":0,"errmsg":"updated"}
2025-11-04 09:35:32,041 - [INFO] - assertions.py:29 - ✅ JSONPath 断言成功：$.errcode = 0
2025-11-04 09:35:32,045 - [INFO] - schema.py:24 - ✅ JSON Schema 校验通过
2025-11-04 09:35:32,048 - [INFO] - base_api.py:16 - 请求接口为：https://qyapi.weixin.qq.com/cgi-bin/tag/delete
2025-11-04 09:35:32,565 - [INFO] - base_api.py:18 - 接口响应为：{"errcode":0,"errmsg":"deleted"}
2025-11-04 18:24:52,022 - [INFO] - base_api.py:16 - 请求接口为：https://qyapi.weixin.qq.com/cgi-bin/gettoken?corpid=ww779187ee7c9f7085&corpsecret=AAR4FC_5E6m4mbvKWepNrLt7qPFdIHXrjrK77sQcNqE
2025-11-04 18:24:52,669 - [INFO] - base_api.py:18 - 接口响应为：{"errcode":0,"errmsg":"ok","access_token":"U2f3nSY2xQvc-pE5O5FI4SIz-KrNudqZPnylnTpGfac-2vgeDDdXmjjpzU4ZN-ZPAGhO2_tVgvbjk87jm800CzGbqwLtMNcVWYnmlLW1slRC5plXmA9UT1LQ8FQhlaN5qDOrN5ntpXkJ3MMbWyKT9-KuqCcsg_-ksWM-Wz1cO5400Wx-Thwq-alhe93e1lG-7WlwB78BOCxyyCveHscI6g","expires_in":7200}
2025-11-04 18:24:52,671 - [INFO] - base_api.py:16 - 请求接口为：https://qyapi.weixin.qq.com/cgi-bin/gettoken?corpid=ww779187ee7c9f7085&corpsecret=AAR4FC_5E6m4mbvKWepNrLt7qPFdIHXrjrK77sQcNqE
2025-11-04 18:24:54,383 - [INFO] - base_api.py:18 - 接口响应为：{"errcode":0,"errmsg":"ok","access_token":"U2f3nSY2xQvc-pE5O5FI4SIz-KrNudqZPnylnTpGfac-2vgeDDdXmjjpzU4ZN-ZPAGhO2_tVgvbjk87jm800CzGbqwLtMNcVWYnmlLW1slRC5plXmA9UT1LQ8FQhlaN5qDOrN5ntpXkJ3MMbWyKT9-KuqCcsg_-ksWM-Wz1cO5400Wx-Thwq-alhe93e1lG-7WlwB78BOCxyyCveHscI6g","expires_in":7200}
2025-11-04 18:24:54,384 - [INFO] - base_api.py:16 - 请求接口为：https://qyapi.weixin.qq.com/cgi-bin/gettoken?corpid=ww779187ee7c9f7085&corpsecret=AAR4FC_5E6m4mbvKWepNrLt7qPFdIHXrjrK77sQcNqE
2025-11-04 18:24:54,996 - [INFO] - base_api.py:18 - 接口响应为：{"errcode":0,"errmsg":"ok","access_token":"U2f3nSY2xQvc-pE5O5FI4SIz-KrNudqZPnylnTpGfac-2vgeDDdXmjjpzU4ZN-ZPAGhO2_tVgvbjk87jm800CzGbqwLtMNcVWYnmlLW1slRC5plXmA9UT1LQ8FQhlaN5qDOrN5ntpXkJ3MMbWyKT9-KuqCcsg_-ksWM-Wz1cO5400Wx-Thwq-alhe93e1lG-7WlwB78BOCxyyCveHscI6g","expires_in":7200}
2025-11-04 18:24:55,006 - [INFO] - base_api.py:16 - 请求接口为：https://qyapi.weixin.qq.com/cgi-bin/department/create?access_token=U2f3nSY2xQvc-pE5O5FI4SIz-KrNudqZPnylnTpGfac-2vgeDDdXmjjpzU4ZN-ZPAGhO2_tVgvbjk87jm800CzGbqwLtMNcVWYnmlLW1slRC5plXmA9UT1LQ8FQhlaN5qDOrN5ntpXkJ3MMbWyKT9-KuqCcsg_-ksWM-Wz1cO5400Wx-Thwq-alhe93e1lG-7WlwB78BOCxyyCveHscI6g
2025-11-04 18:24:55,713 - [INFO] - base_api.py:18 - 接口响应为：{"errcode":40058,"errmsg":"invalid json. invalid Request Parameter, hint: [1762251896601431870904423], from ip: 218.24.198.37, more info at https://open.work.weixin.qq.com/devtool/query?e=40058"}
2025-11-04 18:24:55,714 - [INFO] - base_api.py:16 - 请求接口为：https://qyapi.weixin.qq.com/cgi-bin/user/create?access_token=U2f3nSY2xQvc-pE5O5FI4SIz-KrNudqZPnylnTpGfac-2vgeDDdXmjjpzU4ZN-ZPAGhO2_tVgvbjk87jm800CzGbqwLtMNcVWYnmlLW1slRC5plXmA9UT1LQ8FQhlaN5qDOrN5ntpXkJ3MMbWyKT9-KuqCcsg_-ksWM-Wz1cO5400Wx-Thwq-alhe93e1lG-7WlwB78BOCxyyCveHscI6g
2025-11-04 18:46:09,653 - [INFO] - base_api.py:16 - 请求接口为：https://qyapi.weixin.qq.com/cgi-bin/gettoken?corpid=ww779187ee7c9f7085&corpsecret=AAR4FC_5E6m4mbvKWepNrLt7qPFdIHXrjrK77sQcNqE
2025-11-04 18:46:10,143 - [INFO] - base_api.py:18 - 接口响应为：{"errcode":0,"errmsg":"ok","access_token":"U2f3nSY2xQvc-pE5O5FI4SIz-KrNudqZPnylnTpGfac-2vgeDDdXmjjpzU4ZN-ZPAGhO2_tVgvbjk87jm800CzGbqwLtMNcVWYnmlLW1slRC5plXmA9UT1LQ8FQhlaN5qDOrN5ntpXkJ3MMbWyKT9-KuqCcsg_-ksWM-Wz1cO5400Wx-Thwq-alhe93e1lG-7WlwB78BOCxyyCveHscI6g","expires_in":7200}
2025-11-04 18:46:10,147 - [INFO] - base_api.py:16 - 请求接口为：https://qyapi.weixin.qq.com/cgi-bin/gettoken?corpid=ww779187ee7c9f7085&corpsecret=AAR4FC_5E6m4mbvKWepNrLt7qPFdIHXrjrK77sQcNqE
2025-11-04 18:46:10,631 - [INFO] - base_api.py:18 - 接口响应为：{"errcode":0,"errmsg":"ok","access_token":"U2f3nSY2xQvc-pE5O5FI4SIz-KrNudqZPnylnTpGfac-2vgeDDdXmjjpzU4ZN-ZPAGhO2_tVgvbjk87jm800CzGbqwLtMNcVWYnmlLW1slRC5plXmA9UT1LQ8FQhlaN5qDOrN5ntpXkJ3MMbWyKT9-KuqCcsg_-ksWM-Wz1cO5400Wx-Thwq-alhe93e1lG-7WlwB78BOCxyyCveHscI6g","expires_in":7200}
2025-11-04 18:46:10,632 - [INFO] - base_api.py:16 - 请求接口为：https://qyapi.weixin.qq.com/cgi-bin/gettoken?corpid=ww779187ee7c9f7085&corpsecret=AAR4FC_5E6m4mbvKWepNrLt7qPFdIHXrjrK77sQcNqE
2025-11-04 18:46:11,181 - [INFO] - base_api.py:18 - 接口响应为：{"errcode":0,"errmsg":"ok","access_token":"U2f3nSY2xQvc-pE5O5FI4SIz-KrNudqZPnylnTpGfac-2vgeDDdXmjjpzU4ZN-ZPAGhO2_tVgvbjk87jm800CzGbqwLtMNcVWYnmlLW1slRC5plXmA9UT1LQ8FQhlaN5qDOrN5ntpXkJ3MMbWyKT9-KuqCcsg_-ksWM-Wz1cO5400Wx-Thwq-alhe93e1lG-7WlwB78BOCxyyCveHscI6g","expires_in":7200}
2025-11-04 18:46:11,191 - [INFO] - base_api.py:16 - 请求接口为：https://qyapi.weixin.qq.com/cgi-bin/department/create?access_token=U2f3nSY2xQvc-pE5O5FI4SIz-KrNudqZPnylnTpGfac-2vgeDDdXmjjpzU4ZN-ZPAGhO2_tVgvbjk87jm800CzGbqwLtMNcVWYnmlLW1slRC5plXmA9UT1LQ8FQhlaN5qDOrN5ntpXkJ3MMbWyKT9-KuqCcsg_-ksWM-Wz1cO5400Wx-Thwq-alhe93e1lG-7WlwB78BOCxyyCveHscI6g
2025-11-04 18:46:11,732 - [INFO] - base_api.py:18 - 接口响应为：{"errcode":40058,"errmsg":"invalid json. invalid Request Parameter, hint: [1762253172038293279944114], from ip: 218.24.198.29, more info at https://open.work.weixin.qq.com/devtool/query?e=40058"}
2025-11-04 18:46:59,177 - [INFO] - base_api.py:16 - 请求接口为：https://qyapi.weixin.qq.com/cgi-bin/gettoken?corpid=ww779187ee7c9f7085&corpsecret=AAR4FC_5E6m4mbvKWepNrLt7qPFdIHXrjrK77sQcNqE
2025-11-04 18:47:00,654 - [INFO] - base_api.py:18 - 接口响应为：{"errcode":0,"errmsg":"ok","access_token":"U2f3nSY2xQvc-pE5O5FI4SIz-KrNudqZPnylnTpGfac-2vgeDDdXmjjpzU4ZN-ZPAGhO2_tVgvbjk87jm800CzGbqwLtMNcVWYnmlLW1slRC5plXmA9UT1LQ8FQhlaN5qDOrN5ntpXkJ3MMbWyKT9-KuqCcsg_-ksWM-Wz1cO5400Wx-Thwq-alhe93e1lG-7WlwB78BOCxyyCveHscI6g","expires_in":7200}
2025-11-04 18:47:00,656 - [INFO] - base_api.py:16 - 请求接口为：https://qyapi.weixin.qq.com/cgi-bin/gettoken?corpid=ww779187ee7c9f7085&corpsecret=AAR4FC_5E6m4mbvKWepNrLt7qPFdIHXrjrK77sQcNqE
2025-11-04 18:47:01,251 - [INFO] - base_api.py:18 - 接口响应为：{"errcode":0,"errmsg":"ok","access_token":"U2f3nSY2xQvc-pE5O5FI4SIz-KrNudqZPnylnTpGfac-2vgeDDdXmjjpzU4ZN-ZPAGhO2_tVgvbjk87jm800CzGbqwLtMNcVWYnmlLW1slRC5plXmA9UT1LQ8FQhlaN5qDOrN5ntpXkJ3MMbWyKT9-KuqCcsg_-ksWM-Wz1cO5400Wx-Thwq-alhe93e1lG-7WlwB78BOCxyyCveHscI6g","expires_in":7200}
2025-11-04 18:47:01,253 - [INFO] - base_api.py:16 - 请求接口为：https://qyapi.weixin.qq.com/cgi-bin/gettoken?corpid=ww779187ee7c9f7085&corpsecret=AAR4FC_5E6m4mbvKWepNrLt7qPFdIHXrjrK77sQcNqE
2025-11-04 18:47:04,926 - [INFO] - base_api.py:18 - 接口响应为：{"errcode":0,"errmsg":"ok","access_token":"U2f3nSY2xQvc-pE5O5FI4SIz-KrNudqZPnylnTpGfac-2vgeDDdXmjjpzU4ZN-ZPAGhO2_tVgvbjk87jm800CzGbqwLtMNcVWYnmlLW1slRC5plXmA9UT1LQ8FQhlaN5qDOrN5ntpXkJ3MMbWyKT9-KuqCcsg_-ksWM-Wz1cO5400Wx-Thwq-alhe93e1lG-7WlwB78BOCxyyCveHscI6g","expires_in":7200}
2025-11-04 18:47:04,937 - [INFO] - base_api.py:16 - 请求接口为：https://qyapi.weixin.qq.com/cgi-bin/department/create?access_token=U2f3nSY2xQvc-pE5O5FI4SIz-KrNudqZPnylnTpGfac-2vgeDDdXmjjpzU4ZN-ZPAGhO2_tVgvbjk87jm800CzGbqwLtMNcVWYnmlLW1slRC5plXmA9UT1LQ8FQhlaN5qDOrN5ntpXkJ3MMbWyKT9-KuqCcsg_-ksWM-Wz1cO5400Wx-Thwq-alhe93e1lG-7WlwB78BOCxyyCveHscI6g
2025-11-04 18:47:05,465 - [INFO] - base_api.py:18 - 接口响应为：{"errcode":40058,"errmsg":"invalid json. invalid Request Parameter, hint: [1762253225176913841126509], from ip: 218.24.198.29, more info at https://open.work.weixin.qq.com/devtool/query?e=40058"}
2025-11-04 18:57:08,798 - [INFO] - base_api.py:16 - 请求接口为：https://qyapi.weixin.qq.com/cgi-bin/gettoken?corpid=ww779187ee7c9f7085&corpsecret=AAR4FC_5E6m4mbvKWepNrLt7qPFdIHXrjrK77sQcNqE
2025-11-04 18:57:10,618 - [INFO] - base_api.py:18 - 接口响应为：{"errcode":0,"errmsg":"ok","access_token":"U2f3nSY2xQvc-pE5O5FI4SIz-KrNudqZPnylnTpGfac-2vgeDDdXmjjpzU4ZN-ZPAGhO2_tVgvbjk87jm800CzGbqwLtMNcVWYnmlLW1slRC5plXmA9UT1LQ8FQhlaN5qDOrN5ntpXkJ3MMbWyKT9-KuqCcsg_-ksWM-Wz1cO5400Wx-Thwq-alhe93e1lG-7WlwB78BOCxyyCveHscI6g","expires_in":7200}
2025-11-04 18:57:10,621 - [INFO] - base_api.py:16 - 请求接口为：https://qyapi.weixin.qq.com/cgi-bin/gettoken?corpid=ww779187ee7c9f7085&corpsecret=AAR4FC_5E6m4mbvKWepNrLt7qPFdIHXrjrK77sQcNqE
2025-11-04 18:57:11,135 - [INFO] - base_api.py:18 - 接口响应为：{"errcode":0,"errmsg":"ok","access_token":"U2f3nSY2xQvc-pE5O5FI4SIz-KrNudqZPnylnTpGfac-2vgeDDdXmjjpzU4ZN-ZPAGhO2_tVgvbjk87jm800CzGbqwLtMNcVWYnmlLW1slRC5plXmA9UT1LQ8FQhlaN5qDOrN5ntpXkJ3MMbWyKT9-KuqCcsg_-ksWM-Wz1cO5400Wx-Thwq-alhe93e1lG-7WlwB78BOCxyyCveHscI6g","expires_in":7200}
2025-11-04 18:57:11,137 - [INFO] - base_api.py:16 - 请求接口为：https://qyapi.weixin.qq.com/cgi-bin/gettoken?corpid=ww779187ee7c9f7085&corpsecret=AAR4FC_5E6m4mbvKWepNrLt7qPFdIHXrjrK77sQcNqE
2025-11-04 18:57:14,643 - [INFO] - base_api.py:18 - 接口响应为：{"errcode":0,"errmsg":"ok","access_token":"U2f3nSY2xQvc-pE5O5FI4SIz-KrNudqZPnylnTpGfac-2vgeDDdXmjjpzU4ZN-ZPAGhO2_tVgvbjk87jm800CzGbqwLtMNcVWYnmlLW1slRC5plXmA9UT1LQ8FQhlaN5qDOrN5ntpXkJ3MMbWyKT9-KuqCcsg_-ksWM-Wz1cO5400Wx-Thwq-alhe93e1lG-7WlwB78BOCxyyCveHscI6g","expires_in":7200}
2025-11-04 18:57:14,653 - [INFO] - base_api.py:16 - 请求接口为：https://qyapi.weixin.qq.com/cgi-bin/department/create?access_token=U2f3nSY2xQvc-pE5O5FI4SIz-KrNudqZPnylnTpGfac-2vgeDDdXmjjpzU4ZN-ZPAGhO2_tVgvbjk87jm800CzGbqwLtMNcVWYnmlLW1slRC5plXmA9UT1LQ8FQhlaN5qDOrN5ntpXkJ3MMbWyKT9-KuqCcsg_-ksWM-Wz1cO5400Wx-Thwq-alhe93e1lG-7WlwB78BOCxyyCveHscI6g
2025-11-04 18:57:16,548 - [INFO] - base_api.py:18 - 接口响应为：{"errcode":40058,"errmsg":"invalid json. invalid Request Parameter, hint: [1762253836443030888127030], from ip: 218.24.198.29, more info at https://open.work.weixin.qq.com/devtool/query?e=40058"}
2025-11-04 19:19:46,572 - [INFO] - base_api.py:16 - 请求接口为：https://qyapi.weixin.qq.com/cgi-bin/gettoken?corpid=ww779187ee7c9f7085&corpsecret=AAR4FC_5E6m4mbvKWepNrLt7qPFdIHXrjrK77sQcNqE
2025-11-04 19:20:13,024 - [INFO] - base_api.py:16 - 请求接口为：https://qyapi.weixin.qq.com/cgi-bin/gettoken?corpid=ww779187ee7c9f7085&corpsecret=AAR4FC_5E6m4mbvKWepNrLt7qPFdIHXrjrK77sQcNqE
2025-11-04 19:20:15,385 - [INFO] - base_api.py:18 - 接口响应为：{"errcode":0,"errmsg":"ok","access_token":"U2f3nSY2xQvc-pE5O5FI4SIz-KrNudqZPnylnTpGfac-2vgeDDdXmjjpzU4ZN-ZPAGhO2_tVgvbjk87jm800CzGbqwLtMNcVWYnmlLW1slRC5plXmA9UT1LQ8FQhlaN5qDOrN5ntpXkJ3MMbWyKT9-KuqCcsg_-ksWM-Wz1cO5400Wx-Thwq-alhe93e1lG-7WlwB78BOCxyyCveHscI6g","expires_in":7200}
2025-11-04 19:20:15,386 - [INFO] - base_api.py:16 - 请求接口为：https://qyapi.weixin.qq.com/cgi-bin/gettoken?corpid=ww779187ee7c9f7085&corpsecret=AAR4FC_5E6m4mbvKWepNrLt7qPFdIHXrjrK77sQcNqE
2025-11-04 19:20:15,900 - [INFO] - base_api.py:18 - 接口响应为：{"errcode":0,"errmsg":"ok","access_token":"U2f3nSY2xQvc-pE5O5FI4SIz-KrNudqZPnylnTpGfac-2vgeDDdXmjjpzU4ZN-ZPAGhO2_tVgvbjk87jm800CzGbqwLtMNcVWYnmlLW1slRC5plXmA9UT1LQ8FQhlaN5qDOrN5ntpXkJ3MMbWyKT9-KuqCcsg_-ksWM-Wz1cO5400Wx-Thwq-alhe93e1lG-7WlwB78BOCxyyCveHscI6g","expires_in":7200}
2025-11-04 19:20:15,901 - [INFO] - base_api.py:16 - 请求接口为：https://qyapi.weixin.qq.com/cgi-bin/gettoken?corpid=ww779187ee7c9f7085&corpsecret=AAR4FC_5E6m4mbvKWepNrLt7qPFdIHXrjrK77sQcNqE
2025-11-04 19:20:16,466 - [INFO] - base_api.py:18 - 接口响应为：{"errcode":0,"errmsg":"ok","access_token":"U2f3nSY2xQvc-pE5O5FI4SIz-KrNudqZPnylnTpGfac-2vgeDDdXmjjpzU4ZN-ZPAGhO2_tVgvbjk87jm800CzGbqwLtMNcVWYnmlLW1slRC5plXmA9UT1LQ8FQhlaN5qDOrN5ntpXkJ3MMbWyKT9-KuqCcsg_-ksWM-Wz1cO5400Wx-Thwq-alhe93e1lG-7WlwB78BOCxyyCveHscI6g","expires_in":7200}
2025-11-04 19:20:16,477 - [INFO] - base_api.py:16 - 请求接口为：https://qyapi.weixin.qq.com/cgi-bin/department/create?access_token=U2f3nSY2xQvc-pE5O5FI4SIz-KrNudqZPnylnTpGfac-2vgeDDdXmjjpzU4ZN-ZPAGhO2_tVgvbjk87jm800CzGbqwLtMNcVWYnmlLW1slRC5plXmA9UT1LQ8FQhlaN5qDOrN5ntpXkJ3MMbWyKT9-KuqCcsg_-ksWM-Wz1cO5400Wx-Thwq-alhe93e1lG-7WlwB78BOCxyyCveHscI6g
2025-11-04 19:20:17,995 - [INFO] - base_api.py:18 - 接口响应为：{"errcode":40058,"errmsg":"invalid json. invalid Request Parameter, hint: [1762255218593753497541345], from ip: 218.24.198.29, more info at https://open.work.weixin.qq.com/devtool/query?e=40058"}
2025-11-04 19:25:23,002 - [INFO] - base_api.py:16 - 请求接口为：https://qyapi.weixin.qq.com/cgi-bin/gettoken?corpid=ww779187ee7c9f7085&corpsecret=AAR4FC_5E6m4mbvKWepNrLt7qPFdIHXrjrK77sQcNqE
2025-11-04 19:25:25,451 - [INFO] - base_api.py:18 - 接口响应为：{"errcode":0,"errmsg":"ok","access_token":"GK0AbceWhz-W04DEqW0SIj5Rf0DErZy_O2Tt7AWZH1P-D05ipPpdvZ1bZGh7Wchzy0SGEckCIX5pNvS1Y_Y8sheNpWUw9HAwCUycYHj5-Zy19Id7tgN2cgDYvoDAZ-JArW3SyU4W3m2EA6A6SZaU0bRthf9EPngo41v4OqoNhTsAVDRTQWQ7AjURkZMzwEtwEps6l4R7j8Be8jN-A4OgOQ","expires_in":7200}
2025-11-04 19:25:25,454 - [INFO] - base_api.py:16 - 请求接口为：https://qyapi.weixin.qq.com/cgi-bin/gettoken?corpid=ww779187ee7c9f7085&corpsecret=AAR4FC_5E6m4mbvKWepNrLt7qPFdIHXrjrK77sQcNqE
2025-11-04 19:25:25,919 - [INFO] - base_api.py:18 - 接口响应为：{"errcode":0,"errmsg":"ok","access_token":"GK0AbceWhz-W04DEqW0SIj5Rf0DErZy_O2Tt7AWZH1P-D05ipPpdvZ1bZGh7Wchzy0SGEckCIX5pNvS1Y_Y8sheNpWUw9HAwCUycYHj5-Zy19Id7tgN2cgDYvoDAZ-JArW3SyU4W3m2EA6A6SZaU0bRthf9EPngo41v4OqoNhTsAVDRTQWQ7AjURkZMzwEtwEps6l4R7j8Be8jN-A4OgOQ","expires_in":7200}
2025-11-04 19:25:25,921 - [INFO] - base_api.py:16 - 请求接口为：https://qyapi.weixin.qq.com/cgi-bin/gettoken?corpid=ww779187ee7c9f7085&corpsecret=AAR4FC_5E6m4mbvKWepNrLt7qPFdIHXrjrK77sQcNqE
2025-11-04 19:25:27,300 - [INFO] - base_api.py:18 - 接口响应为：{"errcode":0,"errmsg":"ok","access_token":"GK0AbceWhz-W04DEqW0SIj5Rf0DErZy_O2Tt7AWZH1P-D05ipPpdvZ1bZGh7Wchzy0SGEckCIX5pNvS1Y_Y8sheNpWUw9HAwCUycYHj5-Zy19Id7tgN2cgDYvoDAZ-JArW3SyU4W3m2EA6A6SZaU0bRthf9EPngo41v4OqoNhTsAVDRTQWQ7AjURkZMzwEtwEps6l4R7j8Be8jN-A4OgOQ","expires_in":7200}
2025-11-04 19:25:27,303 - [INFO] - base_api.py:16 - 请求接口为：https://qyapi.weixin.qq.com/cgi-bin/department/create?access_token=GK0AbceWhz-W04DEqW0SIj5Rf0DErZy_O2Tt7AWZH1P-D05ipPpdvZ1bZGh7Wchzy0SGEckCIX5pNvS1Y_Y8sheNpWUw9HAwCUycYHj5-Zy19Id7tgN2cgDYvoDAZ-JArW3SyU4W3m2EA6A6SZaU0bRthf9EPngo41v4OqoNhTsAVDRTQWQ7AjURkZMzwEtwEps6l4R7j8Be8jN-A4OgOQ
2025-11-04 19:25:28,968 - [INFO] - base_api.py:18 - 接口响应为：{"errcode":0,"errmsg":"created","id":2}
2025-11-04 19:25:28,970 - [INFO] - base_api.py:16 - 请求接口为：https://qyapi.weixin.qq.com/cgi-bin/user/create?access_token=GK0AbceWhz-W04DEqW0SIj5Rf0DErZy_O2Tt7AWZH1P-D05ipPpdvZ1bZGh7Wchzy0SGEckCIX5pNvS1Y_Y8sheNpWUw9HAwCUycYHj5-Zy19Id7tgN2cgDYvoDAZ-JArW3SyU4W3m2EA6A6SZaU0bRthf9EPngo41v4OqoNhTsAVDRTQWQ7AjURkZMzwEtwEps6l4R7j8Be8jN-A4OgOQ
2025-11-04 19:25:30,367 - [INFO] - base_api.py:18 - 接口响应为：{"errcode":60129,"errmsg":"missing mobile or email, hint: [1762255530550094094763736], from ip: 218.24.198.37, more info at https://open.work.weixin.qq.com/devtool/query?e=60129"}
2025-11-04 21:04:46,152 - [INFO] - base_api.py:16 - 请求接口为：https://qyapi.weixin.qq.com/cgi-bin/gettoken?corpid=ww779187ee7c9f7085&corpsecret=AAR4FC_5E6m4mbvKWepNrLt7qPFdIHXrjrK77sQcNqE
2025-11-04 21:04:50,087 - [INFO] - base_api.py:18 - 接口响应为：{"errcode":0,"errmsg":"ok","access_token":"4aqiK9M7Dlij0_EJ5IlbZZw0mgabFZIHXnsymTQsOjOqvR8LQJLqZXD_5VSffaaC7Bl-qA6lDlhPNO59_mJWospb8GSZCFUGsaF6NCWA1pLgRZ7a02zkYVgJ-gFB-ozJgJPUkSWrV_conv5KLHItGBZEGFzJ-9CH3uwk7i-CrFuqgjLSkOQhtsvm1nO0K9DW1msi886plZhDnhXTgZ0UHg","expires_in":7200}
2025-11-04 21:04:50,089 - [INFO] - base_api.py:16 - 请求接口为：https://qyapi.weixin.qq.com/cgi-bin/gettoken?corpid=ww779187ee7c9f7085&corpsecret=AAR4FC_5E6m4mbvKWepNrLt7qPFdIHXrjrK77sQcNqE
2025-11-04 21:04:51,580 - [INFO] - base_api.py:18 - 接口响应为：{"errcode":0,"errmsg":"ok","access_token":"4aqiK9M7Dlij0_EJ5IlbZZw0mgabFZIHXnsymTQsOjOqvR8LQJLqZXD_5VSffaaC7Bl-qA6lDlhPNO59_mJWospb8GSZCFUGsaF6NCWA1pLgRZ7a02zkYVgJ-gFB-ozJgJPUkSWrV_conv5KLHItGBZEGFzJ-9CH3uwk7i-CrFuqgjLSkOQhtsvm1nO0K9DW1msi886plZhDnhXTgZ0UHg","expires_in":7200}
2025-11-04 21:04:51,582 - [INFO] - base_api.py:16 - 请求接口为：https://qyapi.weixin.qq.com/cgi-bin/gettoken?corpid=ww779187ee7c9f7085&corpsecret=AAR4FC_5E6m4mbvKWepNrLt7qPFdIHXrjrK77sQcNqE
2025-11-04 21:05:14,878 - [INFO] - base_api.py:16 - 请求接口为：https://qyapi.weixin.qq.com/cgi-bin/gettoken?corpid=ww779187ee7c9f7085&corpsecret=AAR4FC_5E6m4mbvKWepNrLt7qPFdIHXrjrK77sQcNqE
2025-11-04 21:09:32,674 - [INFO] - base_api.py:16 - 请求接口为：https://qyapi.weixin.qq.com/cgi-bin/gettoken?corpid=ww779187ee7c9f7085&corpsecret=AAR4FC_5E6m4mbvKWepNrLt7qPFdIHXrjrK77sQcNqE
2025-11-04 21:09:34,429 - [INFO] - base_api.py:18 - 接口响应为：{"errcode":0,"errmsg":"ok","access_token":"4aqiK9M7Dlij0_EJ5IlbZZw0mgabFZIHXnsymTQsOjOqvR8LQJLqZXD_5VSffaaC7Bl-qA6lDlhPNO59_mJWospb8GSZCFUGsaF6NCWA1pLgRZ7a02zkYVgJ-gFB-ozJgJPUkSWrV_conv5KLHItGBZEGFzJ-9CH3uwk7i-CrFuqgjLSkOQhtsvm1nO0K9DW1msi886plZhDnhXTgZ0UHg","expires_in":7200}
2025-11-04 21:09:34,430 - [INFO] - base_api.py:16 - 请求接口为：https://qyapi.weixin.qq.com/cgi-bin/gettoken?corpid=ww779187ee7c9f7085&corpsecret=AAR4FC_5E6m4mbvKWepNrLt7qPFdIHXrjrK77sQcNqE
2025-11-04 21:09:36,872 - [INFO] - base_api.py:18 - 接口响应为：{"errcode":0,"errmsg":"ok","access_token":"4aqiK9M7Dlij0_EJ5IlbZZw0mgabFZIHXnsymTQsOjOqvR8LQJLqZXD_5VSffaaC7Bl-qA6lDlhPNO59_mJWospb8GSZCFUGsaF6NCWA1pLgRZ7a02zkYVgJ-gFB-ozJgJPUkSWrV_conv5KLHItGBZEGFzJ-9CH3uwk7i-CrFuqgjLSkOQhtsvm1nO0K9DW1msi886plZhDnhXTgZ0UHg","expires_in":7200}
2025-11-04 21:09:36,874 - [INFO] - base_api.py:16 - 请求接口为：https://qyapi.weixin.qq.com/cgi-bin/gettoken?corpid=ww779187ee7c9f7085&corpsecret=AAR4FC_5E6m4mbvKWepNrLt7qPFdIHXrjrK77sQcNqE
2025-11-04 21:09:43,644 - [INFO] - base_api.py:18 - 接口响应为：{"errcode":0,"errmsg":"ok","access_token":"4aqiK9M7Dlij0_EJ5IlbZZw0mgabFZIHXnsymTQsOjOqvR8LQJLqZXD_5VSffaaC7Bl-qA6lDlhPNO59_mJWospb8GSZCFUGsaF6NCWA1pLgRZ7a02zkYVgJ-gFB-ozJgJPUkSWrV_conv5KLHItGBZEGFzJ-9CH3uwk7i-CrFuqgjLSkOQhtsvm1nO0K9DW1msi886plZhDnhXTgZ0UHg","expires_in":7200}
2025-11-04 21:09:43,648 - [INFO] - base_api.py:16 - 请求接口为：https://qyapi.weixin.qq.com/cgi-bin/department/create?access_token=4aqiK9M7Dlij0_EJ5IlbZZw0mgabFZIHXnsymTQsOjOqvR8LQJLqZXD_5VSffaaC7Bl-qA6lDlhPNO59_mJWospb8GSZCFUGsaF6NCWA1pLgRZ7a02zkYVgJ-gFB-ozJgJPUkSWrV_conv5KLHItGBZEGFzJ-9CH3uwk7i-CrFuqgjLSkOQhtsvm1nO0K9DW1msi886plZhDnhXTgZ0UHg
2025-11-04 21:09:45,172 - [INFO] - base_api.py:18 - 接口响应为：{"errcode":0,"errmsg":"created","id":2}
2025-11-04 21:09:45,174 - [INFO] - base_api.py:16 - 请求接口为：https://qyapi.weixin.qq.com/cgi-bin/user/create?access_token=4aqiK9M7Dlij0_EJ5IlbZZw0mgabFZIHXnsymTQsOjOqvR8LQJLqZXD_5VSffaaC7Bl-qA6lDlhPNO59_mJWospb8GSZCFUGsaF6NCWA1pLgRZ7a02zkYVgJ-gFB-ozJgJPUkSWrV_conv5KLHItGBZEGFzJ-9CH3uwk7i-CrFuqgjLSkOQhtsvm1nO0K9DW1msi886plZhDnhXTgZ0UHg
2025-11-04 21:09:47,460 - [INFO] - base_api.py:18 - 接口响应为：{"errcode":0,"errmsg":"created"}
2025-11-04 21:09:47,460 - [INFO] - tags.py:18 - 创建标签请求体: {'tagname': '冒烟标签', 'tagid': 999}
2025-11-04 21:09:47,460 - [INFO] - base_api.py:16 - 请求接口为：https://qyapi.weixin.qq.com/cgi-bin/tag/create
2025-11-04 21:09:51,998 - [INFO] - base_api.py:18 - 接口响应为：{"errcode":0,"errmsg":"created","tagid":999}
2025-11-04 21:09:51,999 - [INFO] - base_api.py:16 - 请求接口为：https://qyapi.weixin.qq.com/cgi-bin/tag/addtagusers
2025-11-04 21:09:52,506 - [INFO] - base_api.py:18 - 接口响应为：{"errcode":0,"errmsg":"ok","invalidparty":[]}
2025-11-04 21:09:52,508 - [INFO] - base_api.py:16 - 请求接口为：https://qyapi.weixin.qq.com/cgi-bin/tag/get
2025-11-04 21:09:53,100 - [INFO] - base_api.py:18 - 接口响应为：{"errcode":0,"errmsg":"ok","userlist":[{"name":"冒烟用户","userid":"smoke_user_001"}],"partylist":[],"tagname":"冒烟标签"}
