[2025-10-19 19:55:15] 37132:I base_api.py:14:send_api: 请求数据为{'method': 'GET', 'url': 'https://qyapi.weixin.qq.com/cgi-bin/gettoken?corpid=ww779187ee7c9f7085&corpsecret=AAR4FC_5E6m4mbvKWepNrLt7qPFdIHXrjrK77sQcNqE'}]
[2025-10-19 19:56:17] 32728:I base_api.py:14:send_api: 请求数据为{'method': 'GET', 'url': 'https://qyapi.weixin.qq.com/cgi-bin/gettoken?corpid=ww779187ee7c9f7085&corpsecret=AAR4FC_5E6m4mbvKWepNrLt7qPFdIHXrjrK77sQcNqE'}]
[2025-10-19 19:56:17] 32728:I base_api.py:16:send_api: 接口响应为{"errcode":0,"errmsg":"ok","access_token":"bi4vHYg7XMT-XeOBb6KuttYPPjObz5AW9qIURsT4xgW5TyY9a1GgP3DgAStW_NzCZf42oOCygOrvErnKDCVyH4ewmGFm7dihkF7AXkhBBtXZQ2TkwFOhSck0F6x3TdOMXvZwNly2DIKyv9Ayl6hLQQn9DcDGQsNQGCgeE1_gyx4u8408bAfwIHcLR7JostJLKIsgnbGa7OQARhaEdYcEmg","expires_in":7200}]
[2025-10-19 19:56:17] 32728:I base_api.py:14:send_api: 请求数据为{'method': 'GET', 'url': 'https://qyapi.weixin.qq.com/cgi-bin/department/simplelist?access_token=bi4vHYg7XMT-XeOBb6KuttYPPjObz5AW9qIURsT4xgW5TyY9a1GgP3DgAStW_NzCZf42oOCygOrvErnKDCVyH4ewmGFm7dihkF7AXkhBBtXZQ2TkwFOhSck0F6x3TdOMXvZwNly2DIKyv9Ayl6hLQQn9DcDGQsNQGCgeE1_gyx4u8408bAfwIHcLR7JostJLKIsgnbGa7OQARhaEdYcEmg'}]
[2025-10-19 19:56:18] 32728:I base_api.py:16:send_api: 接口响应为{"errcode":0,"errmsg":"ok","department_id":[{"id":1,"parentid":0,"order":100000000},{"id":210,"parentid":1,"order":1}]}]
[2025-10-20 09:54:27] 41476:I base_api.py:14:send_api: 请求数据为{'method': 'GET', 'url': 'https://qyapi.weixin.qq.com/cgi-bin/gettoken?corpid=ww779187ee7c9f7085&corpsecret=AAR4FC_5E6m4mbvKWepNrLt7qPFdIHXrjrK77sQcNqE'}]
[2025-10-20 09:54:29] 41476:I base_api.py:16:send_api: 接口响应为{"errcode":0,"errmsg":"ok","access_token":"l2hunYEsGrLOUn6WeW46XMN-u70QJ1PnEdqEk2-JC3J_9kv2sSeC6GBkPQTKf-r_7NwxmpYf1WBS6-U8GkY_FQ-Qof0gmOBZkLQKqsyrYZ1v3Z_STt-eJR3DRIeC3FvwHdoMH-Ojyd7SE8h_YRmnqEk7DilYFG8ZizD0HH90TwQ8FZ6EdS99Ou0hYMeAFQuyO7U4ccFgfXua8qV5wVV9Ig","expires_in":7200}]
[2025-10-20 09:54:29] 41476:I base_api.py:14:send_api: 请求数据为{'method': 'GET', 'url': 'https://qyapi.weixin.qq.com/cgi-bin/department/simplelist?access_token=l2hunYEsGrLOUn6WeW46XMN-u70QJ1PnEdqEk2-JC3J_9kv2sSeC6GBkPQTKf-r_7NwxmpYf1WBS6-U8GkY_FQ-Qof0gmOBZkLQKqsyrYZ1v3Z_STt-eJR3DRIeC3FvwHdoMH-Ojyd7SE8h_YRmnqEk7DilYFG8ZizD0HH90TwQ8FZ6EdS99Ou0hYMeAFQuyO7U4ccFgfXua8qV5wVV9Ig'}]
[2025-10-20 09:54:29] 41476:I base_api.py:16:send_api: 接口响应为{"errcode":0,"errmsg":"ok","department_id":[{"id":1,"parentid":0,"order":100000000},{"id":210,"parentid":1,"order":1}]}]
[2025-10-20 09:54:29] 41476:I base_api.py:14:send_api: 请求数据为{'method': 'GET', 'url': 'https://qyapi.weixin.qq.com/cgi-bin/gettoken?corpid=ww779187ee7c9f7085&corpsecret=AAR4FC_5E6m4mbvKWepNrLt7qPFdIHXrjrK77sQcNqE'}]
[2025-10-20 09:54:30] 41476:I base_api.py:16:send_api: 接口响应为{"errcode":0,"errmsg":"ok","access_token":"l2hunYEsGrLOUn6WeW46XMN-u70QJ1PnEdqEk2-JC3J_9kv2sSeC6GBkPQTKf-r_7NwxmpYf1WBS6-U8GkY_FQ-Qof0gmOBZkLQKqsyrYZ1v3Z_STt-eJR3DRIeC3FvwHdoMH-Ojyd7SE8h_YRmnqEk7DilYFG8ZizD0HH90TwQ8FZ6EdS99Ou0hYMeAFQuyO7U4ccFgfXua8qV5wVV9Ig","expires_in":7200}]
[2025-10-20 09:54:30] 41476:I base_api.py:14:send_api: 请求数据为{'method': 'GET', 'url': 'https://qyapi.weixin.qq.com/cgi-bin/department/simplelist?access_token=l2hunYEsGrLOUn6WeW46XMN-u70QJ1PnEdqEk2-JC3J_9kv2sSeC6GBkPQTKf-r_7NwxmpYf1WBS6-U8GkY_FQ-Qof0gmOBZkLQKqsyrYZ1v3Z_STt-eJR3DRIeC3FvwHdoMH-Ojyd7SE8h_YRmnqEk7DilYFG8ZizD0HH90TwQ8FZ6EdS99Ou0hYMeAFQuyO7U4ccFgfXua8qV5wVV9Ig'}]
[2025-10-20 09:54:31] 41476:I base_api.py:16:send_api: 接口响应为{"errcode":0,"errmsg":"ok","department_id":[{"id":1,"parentid":0,"order":100000000},{"id":210,"parentid":1,"order":1}]}]
[2025-10-20 09:58:41] 39084:I base_api.py:14:send_api: 请求数据为{'method': 'GET', 'url': 'https://qyapi.weixin.qq.com/cgi-bin/gettoken?corpid=ww779187ee7c9f7085&corpsecret=AAR4FC_5E6m4mbvKWepNrLt7qPFdIHXrjrK77sQcNqE'}]
[2025-10-20 09:58:42] 39084:I base_api.py:16:send_api: 接口响应为{"errcode":0,"errmsg":"ok","access_token":"l2hunYEsGrLOUn6WeW46XMN-u70QJ1PnEdqEk2-JC3J_9kv2sSeC6GBkPQTKf-r_7NwxmpYf1WBS6-U8GkY_FQ-Qof0gmOBZkLQKqsyrYZ1v3Z_STt-eJR3DRIeC3FvwHdoMH-Ojyd7SE8h_YRmnqEk7DilYFG8ZizD0HH90TwQ8FZ6EdS99Ou0hYMeAFQuyO7U4ccFgfXua8qV5wVV9Ig","expires_in":7200}]
[2025-10-20 09:58:42] 39084:I base_api.py:14:send_api: 请求数据为{'method': 'GET', 'url': 'https://qyapi.weixin.qq.com/cgi-bin/department/simplelist?access_token=l2hunYEsGrLOUn6WeW46XMN-u70QJ1PnEdqEk2-JC3J_9kv2sSeC6GBkPQTKf-r_7NwxmpYf1WBS6-U8GkY_FQ-Qof0gmOBZkLQKqsyrYZ1v3Z_STt-eJR3DRIeC3FvwHdoMH-Ojyd7SE8h_YRmnqEk7DilYFG8ZizD0HH90TwQ8FZ6EdS99Ou0hYMeAFQuyO7U4ccFgfXua8qV5wVV9Ig'}]
[2025-10-20 09:58:43] 39084:I base_api.py:16:send_api: 接口响应为{"errcode":0,"errmsg":"ok","department_id":[{"id":1,"parentid":0,"order":100000000},{"id":5,"parentid":1,"order":4},{"id":210,"parentid":1,"order":1}]}]
[2025-10-20 10:00:27] 28572:I base_api.py:14:send_api: 请求数据为{'method': 'GET', 'url': 'https://qyapi.weixin.qq.com/cgi-bin/gettoken?corpid=ww779187ee7c9f7085&corpsecret=AAR4FC_5E6m4mbvKWepNrLt7qPFdIHXrjrK77sQcNqE'}]
[2025-10-20 10:00:30] 28572:I base_api.py:16:send_api: 接口响应为{"errcode":0,"errmsg":"ok","access_token":"l2hunYEsGrLOUn6WeW46XMN-u70QJ1PnEdqEk2-JC3J_9kv2sSeC6GBkPQTKf-r_7NwxmpYf1WBS6-U8GkY_FQ-Qof0gmOBZkLQKqsyrYZ1v3Z_STt-eJR3DRIeC3FvwHdoMH-Ojyd7SE8h_YRmnqEk7DilYFG8ZizD0HH90TwQ8FZ6EdS99Ou0hYMeAFQuyO7U4ccFgfXua8qV5wVV9Ig","expires_in":7200}]
[2025-10-20 10:00:30] 28572:I base_api.py:14:send_api: 请求数据为{'method': 'GET', 'url': 'https://qyapi.weixin.qq.com/cgi-bin/department/simplelist?access_token=l2hunYEsGrLOUn6WeW46XMN-u70QJ1PnEdqEk2-JC3J_9kv2sSeC6GBkPQTKf-r_7NwxmpYf1WBS6-U8GkY_FQ-Qof0gmOBZkLQKqsyrYZ1v3Z_STt-eJR3DRIeC3FvwHdoMH-Ojyd7SE8h_YRmnqEk7DilYFG8ZizD0HH90TwQ8FZ6EdS99Ou0hYMeAFQuyO7U4ccFgfXua8qV5wVV9Ig'}]
[2025-10-20 10:00:31] 28572:I base_api.py:16:send_api: 接口响应为{"errcode":0,"errmsg":"ok","department_id":[{"id":1,"parentid":0,"order":100000000},{"id":5,"parentid":1,"order":4},{"id":210,"parentid":1,"order":1}]}]
[2025-10-20 10:00:31] 28572:I base_api.py:14:send_api: 请求数据为{'method': 'GET', 'url': 'https://qyapi.weixin.qq.com/cgi-bin/department/delete?access_token=l2hunYEsGrLOUn6WeW46XMN-u70QJ1PnEdqEk2-JC3J_9kv2sSeC6GBkPQTKf-r_7NwxmpYf1WBS6-U8GkY_FQ-Qof0gmOBZkLQKqsyrYZ1v3Z_STt-eJR3DRIeC3FvwHdoMH-Ojyd7SE8h_YRmnqEk7DilYFG8ZizD0HH90TwQ8FZ6EdS99Ou0hYMeAFQuyO7U4ccFgfXua8qV5wVV9Ig&id=5'}]
[2025-10-20 10:00:33] 28572:I base_api.py:16:send_api: 接口响应为{"errcode":0,"errmsg":"deleted"}]
[2025-10-20 10:00:33] 28572:I base_api.py:14:send_api: 请求数据为{'method': 'GET', 'url': 'https://qyapi.weixin.qq.com/cgi-bin/department/delete?access_token=l2hunYEsGrLOUn6WeW46XMN-u70QJ1PnEdqEk2-JC3J_9kv2sSeC6GBkPQTKf-r_7NwxmpYf1WBS6-U8GkY_FQ-Qof0gmOBZkLQKqsyrYZ1v3Z_STt-eJR3DRIeC3FvwHdoMH-Ojyd7SE8h_YRmnqEk7DilYFG8ZizD0HH90TwQ8FZ6EdS99Ou0hYMeAFQuyO7U4ccFgfXua8qV5wVV9Ig&id=210'}]
[2025-10-20 10:00:34] 28572:I base_api.py:16:send_api: 接口响应为{"errcode":0,"errmsg":"deleted"}]
[2025-10-20 10:00:34] 28572:I base_api.py:14:send_api: 请求数据为{'method': 'POST', 'url': 'https://qyapi.weixin.qq.com/cgi-bin/department/create?access_token=l2hunYEsGrLOUn6WeW46XMN-u70QJ1PnEdqEk2-JC3J_9kv2sSeC6GBkPQTKf-r_7NwxmpYf1WBS6-U8GkY_FQ-Qof0gmOBZkLQKqsyrYZ1v3Z_STt-eJR3DRIeC3FvwHdoMH-Ojyd7SE8h_YRmnqEk7DilYFG8ZizD0HH90TwQ8FZ6EdS99Ou0hYMeAFQuyO7U4ccFgfXua8qV5wVV9Ig', 'json': {'name': '技术部', 'name_en': 'JISHU1', 'parentid': 1, 'order': 1, 'id': 210}}]
[2025-10-20 10:00:34] 28572:I base_api.py:16:send_api: 接口响应为{"errcode":0,"errmsg":"created","id":210}]
[2025-10-20 10:00:34] 28572:I base_api.py:14:send_api: 请求数据为{'method': 'GET', 'url': 'https://qyapi.weixin.qq.com/cgi-bin/department/simplelist?access_token=l2hunYEsGrLOUn6WeW46XMN-u70QJ1PnEdqEk2-JC3J_9kv2sSeC6GBkPQTKf-r_7NwxmpYf1WBS6-U8GkY_FQ-Qof0gmOBZkLQKqsyrYZ1v3Z_STt-eJR3DRIeC3FvwHdoMH-Ojyd7SE8h_YRmnqEk7DilYFG8ZizD0HH90TwQ8FZ6EdS99Ou0hYMeAFQuyO7U4ccFgfXua8qV5wVV9Ig'}]
[2025-10-20 10:00:35] 28572:I base_api.py:16:send_api: 接口响应为{"errcode":0,"errmsg":"ok","department_id":[{"id":1,"parentid":0,"order":100000000},{"id":210,"parentid":1,"order":1}]}]
[2025-10-20 10:00:35] 28572:I base_api.py:14:send_api: 请求数据为{'method': 'POST', 'url': 'https://qyapi.weixin.qq.com/cgi-bin/department/update?access_token=l2hunYEsGrLOUn6WeW46XMN-u70QJ1PnEdqEk2-JC3J_9kv2sSeC6GBkPQTKf-r_7NwxmpYf1WBS6-U8GkY_FQ-Qof0gmOBZkLQKqsyrYZ1v3Z_STt-eJR3DRIeC3FvwHdoMH-Ojyd7SE8h_YRmnqEk7DilYFG8ZizD0HH90TwQ8FZ6EdS99Ou0hYMeAFQuyO7U4ccFgfXua8qV5wVV9Ig', 'json': {'name': '广州研发中心-update', 'id': 210}}]
[2025-10-20 10:00:35] 28572:I base_api.py:16:send_api: 接口响应为{"errcode":0,"errmsg":"updated"}]
[2025-10-20 10:02:17] 41240:I base_api.py:14:send_api: 请求数据为{'method': 'GET', 'url': 'https://qyapi.weixin.qq.com/cgi-bin/gettoken?corpid=ww779187ee7c9f7085&corpsecret=AAR4FC_5E6m4mbvKWepNrLt7qPFdIHXrjrK77sQcNqE'}]
[2025-10-20 10:02:17] 41240:I base_api.py:16:send_api: 接口响应为{"errcode":0,"errmsg":"ok","access_token":"l2hunYEsGrLOUn6WeW46XMN-u70QJ1PnEdqEk2-JC3J_9kv2sSeC6GBkPQTKf-r_7NwxmpYf1WBS6-U8GkY_FQ-Qof0gmOBZkLQKqsyrYZ1v3Z_STt-eJR3DRIeC3FvwHdoMH-Ojyd7SE8h_YRmnqEk7DilYFG8ZizD0HH90TwQ8FZ6EdS99Ou0hYMeAFQuyO7U4ccFgfXua8qV5wVV9Ig","expires_in":7200}]
[2025-10-20 10:02:17] 41240:I base_api.py:14:send_api: 请求数据为{'method': 'GET', 'url': 'https://qyapi.weixin.qq.com/cgi-bin/department/simplelist?access_token=l2hunYEsGrLOUn6WeW46XMN-u70QJ1PnEdqEk2-JC3J_9kv2sSeC6GBkPQTKf-r_7NwxmpYf1WBS6-U8GkY_FQ-Qof0gmOBZkLQKqsyrYZ1v3Z_STt-eJR3DRIeC3FvwHdoMH-Ojyd7SE8h_YRmnqEk7DilYFG8ZizD0HH90TwQ8FZ6EdS99Ou0hYMeAFQuyO7U4ccFgfXua8qV5wVV9Ig'}]
[2025-10-20 10:02:18] 41240:I base_api.py:16:send_api: 接口响应为{"errcode":0,"errmsg":"ok","department_id":[{"id":1,"parentid":0,"order":100000000},{"id":210,"parentid":1,"order":1}]}]
[2025-10-20 10:02:18] 41240:I base_api.py:14:send_api: 请求数据为{'method': 'GET', 'url': 'https://qyapi.weixin.qq.com/cgi-bin/department/delete?access_token=l2hunYEsGrLOUn6WeW46XMN-u70QJ1PnEdqEk2-JC3J_9kv2sSeC6GBkPQTKf-r_7NwxmpYf1WBS6-U8GkY_FQ-Qof0gmOBZkLQKqsyrYZ1v3Z_STt-eJR3DRIeC3FvwHdoMH-Ojyd7SE8h_YRmnqEk7DilYFG8ZizD0HH90TwQ8FZ6EdS99Ou0hYMeAFQuyO7U4ccFgfXua8qV5wVV9Ig&id=210'}]
[2025-10-20 10:02:19] 41240:I base_api.py:16:send_api: 接口响应为{"errcode":0,"errmsg":"deleted"}]
[2025-10-20 10:02:19] 41240:I base_api.py:14:send_api: 请求数据为{'method': 'POST', 'url': 'https://qyapi.weixin.qq.com/cgi-bin/department/create?access_token=l2hunYEsGrLOUn6WeW46XMN-u70QJ1PnEdqEk2-JC3J_9kv2sSeC6GBkPQTKf-r_7NwxmpYf1WBS6-U8GkY_FQ-Qof0gmOBZkLQKqsyrYZ1v3Z_STt-eJR3DRIeC3FvwHdoMH-Ojyd7SE8h_YRmnqEk7DilYFG8ZizD0HH90TwQ8FZ6EdS99Ou0hYMeAFQuyO7U4ccFgfXua8qV5wVV9Ig', 'json': {'name': '技术部', 'name_en': 'JISHU1', 'parentid': 1, 'order': 1, 'id': 210}}]
[2025-10-20 10:02:21] 41240:I base_api.py:16:send_api: 接口响应为{"errcode":0,"errmsg":"created","id":210}]
[2025-10-20 10:02:21] 41240:I base_api.py:14:send_api: 请求数据为{'method': 'GET', 'url': 'https://qyapi.weixin.qq.com/cgi-bin/department/simplelist?access_token=l2hunYEsGrLOUn6WeW46XMN-u70QJ1PnEdqEk2-JC3J_9kv2sSeC6GBkPQTKf-r_7NwxmpYf1WBS6-U8GkY_FQ-Qof0gmOBZkLQKqsyrYZ1v3Z_STt-eJR3DRIeC3FvwHdoMH-Ojyd7SE8h_YRmnqEk7DilYFG8ZizD0HH90TwQ8FZ6EdS99Ou0hYMeAFQuyO7U4ccFgfXua8qV5wVV9Ig'}]
[2025-10-20 10:02:21] 41240:I base_api.py:16:send_api: 接口响应为{"errcode":0,"errmsg":"ok","department_id":[{"id":1,"parentid":0,"order":100000000},{"id":210,"parentid":1,"order":1}]}]
[2025-10-20 10:02:21] 41240:I base_api.py:14:send_api: 请求数据为{'method': 'POST', 'url': 'https://qyapi.weixin.qq.com/cgi-bin/department/update?access_token=l2hunYEsGrLOUn6WeW46XMN-u70QJ1PnEdqEk2-JC3J_9kv2sSeC6GBkPQTKf-r_7NwxmpYf1WBS6-U8GkY_FQ-Qof0gmOBZkLQKqsyrYZ1v3Z_STt-eJR3DRIeC3FvwHdoMH-Ojyd7SE8h_YRmnqEk7DilYFG8ZizD0HH90TwQ8FZ6EdS99Ou0hYMeAFQuyO7U4ccFgfXua8qV5wVV9Ig', 'json': {'name': '广州研发中心-update', 'id': 210}}]
[2025-10-20 10:02:23] 41240:I base_api.py:16:send_api: 接口响应为{"errcode":0,"errmsg":"updated"}]
[2025-10-20 10:02:23] 41240:I base_api.py:14:send_api: 请求数据为{'method': 'GET', 'url': 'https://qyapi.weixin.qq.com/cgi-bin/department/delete?access_token=l2hunYEsGrLOUn6WeW46XMN-u70QJ1PnEdqEk2-JC3J_9kv2sSeC6GBkPQTKf-r_7NwxmpYf1WBS6-U8GkY_FQ-Qof0gmOBZkLQKqsyrYZ1v3Z_STt-eJR3DRIeC3FvwHdoMH-Ojyd7SE8h_YRmnqEk7DilYFG8ZizD0HH90TwQ8FZ6EdS99Ou0hYMeAFQuyO7U4ccFgfXua8qV5wVV9Ig&id=210'}]
[2025-10-20 10:02:24] 41240:I base_api.py:16:send_api: 接口响应为{"errcode":0,"errmsg":"deleted"}]
[2025-10-20 10:02:24] 41240:I base_api.py:14:send_api: 请求数据为{'method': 'GET', 'url': 'https://qyapi.weixin.qq.com/cgi-bin/department/simplelist?access_token=l2hunYEsGrLOUn6WeW46XMN-u70QJ1PnEdqEk2-JC3J_9kv2sSeC6GBkPQTKf-r_7NwxmpYf1WBS6-U8GkY_FQ-Qof0gmOBZkLQKqsyrYZ1v3Z_STt-eJR3DRIeC3FvwHdoMH-Ojyd7SE8h_YRmnqEk7DilYFG8ZizD0HH90TwQ8FZ6EdS99Ou0hYMeAFQuyO7U4ccFgfXua8qV5wVV9Ig'}]
[2025-10-20 10:02:25] 41240:I base_api.py:16:send_api: 接口响应为{"errcode":0,"errmsg":"ok","department_id":[{"id":1,"parentid":0,"order":100000000}]}]
[2025-10-20 10:03:32] 21928:I base_api.py:14:send_api: 请求数据为{'method': 'GET', 'url': 'https://qyapi.weixin.qq.com/cgi-bin/gettoken?corpid=ww779187ee7c9f7085&corpsecret=AAR4FC_5E6m4mbvKWepNrLt7qPFdIHXrjrK77sQcNqE'}]
[2025-10-20 10:03:33] 21928:I base_api.py:16:send_api: 接口响应为{"errcode":0,"errmsg":"ok","access_token":"l2hunYEsGrLOUn6WeW46XMN-u70QJ1PnEdqEk2-JC3J_9kv2sSeC6GBkPQTKf-r_7NwxmpYf1WBS6-U8GkY_FQ-Qof0gmOBZkLQKqsyrYZ1v3Z_STt-eJR3DRIeC3FvwHdoMH-Ojyd7SE8h_YRmnqEk7DilYFG8ZizD0HH90TwQ8FZ6EdS99Ou0hYMeAFQuyO7U4ccFgfXua8qV5wVV9Ig","expires_in":7200}]
[2025-10-20 10:03:33] 21928:I base_api.py:14:send_api: 请求数据为{'method': 'GET', 'url': 'https://qyapi.weixin.qq.com/cgi-bin/department/simplelist?access_token=l2hunYEsGrLOUn6WeW46XMN-u70QJ1PnEdqEk2-JC3J_9kv2sSeC6GBkPQTKf-r_7NwxmpYf1WBS6-U8GkY_FQ-Qof0gmOBZkLQKqsyrYZ1v3Z_STt-eJR3DRIeC3FvwHdoMH-Ojyd7SE8h_YRmnqEk7DilYFG8ZizD0HH90TwQ8FZ6EdS99Ou0hYMeAFQuyO7U4ccFgfXua8qV5wVV9Ig'}]
[2025-10-20 10:03:33] 21928:I base_api.py:16:send_api: 接口响应为{"errcode":0,"errmsg":"ok","department_id":[{"id":1,"parentid":0,"order":100000000}]}]
[2025-10-20 10:03:33] 21928:I base_api.py:14:send_api: 请求数据为{'method': 'POST', 'url': 'https://qyapi.weixin.qq.com/cgi-bin/department/create?access_token=l2hunYEsGrLOUn6WeW46XMN-u70QJ1PnEdqEk2-JC3J_9kv2sSeC6GBkPQTKf-r_7NwxmpYf1WBS6-U8GkY_FQ-Qof0gmOBZkLQKqsyrYZ1v3Z_STt-eJR3DRIeC3FvwHdoMH-Ojyd7SE8h_YRmnqEk7DilYFG8ZizD0HH90TwQ8FZ6EdS99Ou0hYMeAFQuyO7U4ccFgfXua8qV5wVV9Ig', 'json': {'name': '技术部', 'name_en': 'JISHU1', 'parentid': 1, 'order': 1, 'id': 2}}]
[2025-10-20 10:03:35] 21928:I base_api.py:16:send_api: 接口响应为{"errcode":0,"errmsg":"created","id":2}]
[2025-10-20 10:03:36] 21928:I base_api.py:14:send_api: 请求数据为{'method': 'POST', 'url': 'https://qyapi.weixin.qq.com/cgi-bin/department/create?access_token=l2hunYEsGrLOUn6WeW46XMN-u70QJ1PnEdqEk2-JC3J_9kv2sSeC6GBkPQTKf-r_7NwxmpYf1WBS6-U8GkY_FQ-Qof0gmOBZkLQKqsyrYZ1v3Z_STt-eJR3DRIeC3FvwHdoMH-Ojyd7SE8h_YRmnqEk7DilYFG8ZizD0HH90TwQ8FZ6EdS99Ou0hYMeAFQuyO7U4ccFgfXua8qV5wVV9Ig', 'json': {'name': ' ', 'name_en': 'JISHU2', 'parentid': 1, 'order': 2, 'id': 3}}]
[2025-10-20 10:03:36] 21928:I base_api.py:16:send_api: 接口响应为{"errcode":60001,"errmsg":"department invalid length, hint: [1760925817358771790016037], from ip: 36.155.121.72, more info at https://open.work.weixin.qq.com/devtool/query?e=60001"}]
[2025-10-20 10:03:36] 21928:I base_api.py:14:send_api: 请求数据为{'method': 'GET', 'url': 'https://qyapi.weixin.qq.com/cgi-bin/gettoken?corpid=ww779187ee7c9f7085&corpsecret=AAR4FC_5E6m4mbvKWepNrLt7qPFdIHXrjrK77sQcNqE'}]
[2025-10-20 10:03:38] 21928:I base_api.py:16:send_api: 接口响应为{"errcode":0,"errmsg":"ok","access_token":"l2hunYEsGrLOUn6WeW46XMN-u70QJ1PnEdqEk2-JC3J_9kv2sSeC6GBkPQTKf-r_7NwxmpYf1WBS6-U8GkY_FQ-Qof0gmOBZkLQKqsyrYZ1v3Z_STt-eJR3DRIeC3FvwHdoMH-Ojyd7SE8h_YRmnqEk7DilYFG8ZizD0HH90TwQ8FZ6EdS99Ou0hYMeAFQuyO7U4ccFgfXua8qV5wVV9Ig","expires_in":7200}]
[2025-10-20 10:03:38] 21928:I base_api.py:14:send_api: 请求数据为{'method': 'GET', 'url': 'https://qyapi.weixin.qq.com/cgi-bin/department/simplelist?access_token=l2hunYEsGrLOUn6WeW46XMN-u70QJ1PnEdqEk2-JC3J_9kv2sSeC6GBkPQTKf-r_7NwxmpYf1WBS6-U8GkY_FQ-Qof0gmOBZkLQKqsyrYZ1v3Z_STt-eJR3DRIeC3FvwHdoMH-Ojyd7SE8h_YRmnqEk7DilYFG8ZizD0HH90TwQ8FZ6EdS99Ou0hYMeAFQuyO7U4ccFgfXua8qV5wVV9Ig'}]
[2025-10-20 10:03:39] 21928:I base_api.py:16:send_api: 接口响应为{"errcode":0,"errmsg":"ok","department_id":[{"id":1,"parentid":0,"order":100000000},{"id":2,"parentid":1,"order":1}]}]
[2025-10-20 10:03:39] 21928:I base_api.py:14:send_api: 请求数据为{'method': 'GET', 'url': 'https://qyapi.weixin.qq.com/cgi-bin/department/delete?access_token=l2hunYEsGrLOUn6WeW46XMN-u70QJ1PnEdqEk2-JC3J_9kv2sSeC6GBkPQTKf-r_7NwxmpYf1WBS6-U8GkY_FQ-Qof0gmOBZkLQKqsyrYZ1v3Z_STt-eJR3DRIeC3FvwHdoMH-Ojyd7SE8h_YRmnqEk7DilYFG8ZizD0HH90TwQ8FZ6EdS99Ou0hYMeAFQuyO7U4ccFgfXua8qV5wVV9Ig&id=2'}]
[2025-10-20 10:03:39] 21928:I base_api.py:16:send_api: 接口响应为{"errcode":0,"errmsg":"deleted"}]
[2025-10-20 10:03:39] 21928:I base_api.py:14:send_api: 请求数据为{'method': 'POST', 'url': 'https://qyapi.weixin.qq.com/cgi-bin/department/create?access_token=l2hunYEsGrLOUn6WeW46XMN-u70QJ1PnEdqEk2-JC3J_9kv2sSeC6GBkPQTKf-r_7NwxmpYf1WBS6-U8GkY_FQ-Qof0gmOBZkLQKqsyrYZ1v3Z_STt-eJR3DRIeC3FvwHdoMH-Ojyd7SE8h_YRmnqEk7DilYFG8ZizD0HH90TwQ8FZ6EdS99Ou0hYMeAFQuyO7U4ccFgfXua8qV5wVV9Ig', 'json': {'name': '技术部', 'name_en': 'JISHU1', 'parentid': 1, 'order': 1, 'id': 210}}]
[2025-10-20 10:03:40] 21928:I base_api.py:16:send_api: 接口响应为{"errcode":0,"errmsg":"created","id":210}]
[2025-10-20 10:03:40] 21928:I base_api.py:14:send_api: 请求数据为{'method': 'GET', 'url': 'https://qyapi.weixin.qq.com/cgi-bin/department/simplelist?access_token=l2hunYEsGrLOUn6WeW46XMN-u70QJ1PnEdqEk2-JC3J_9kv2sSeC6GBkPQTKf-r_7NwxmpYf1WBS6-U8GkY_FQ-Qof0gmOBZkLQKqsyrYZ1v3Z_STt-eJR3DRIeC3FvwHdoMH-Ojyd7SE8h_YRmnqEk7DilYFG8ZizD0HH90TwQ8FZ6EdS99Ou0hYMeAFQuyO7U4ccFgfXua8qV5wVV9Ig'}]
[2025-10-20 10:03:41] 21928:I base_api.py:16:send_api: 接口响应为{"errcode":0,"errmsg":"ok","department_id":[{"id":1,"parentid":0,"order":100000000},{"id":210,"parentid":1,"order":1}]}]
[2025-10-20 10:03:41] 21928:I base_api.py:14:send_api: 请求数据为{'method': 'POST', 'url': 'https://qyapi.weixin.qq.com/cgi-bin/department/update?access_token=l2hunYEsGrLOUn6WeW46XMN-u70QJ1PnEdqEk2-JC3J_9kv2sSeC6GBkPQTKf-r_7NwxmpYf1WBS6-U8GkY_FQ-Qof0gmOBZkLQKqsyrYZ1v3Z_STt-eJR3DRIeC3FvwHdoMH-Ojyd7SE8h_YRmnqEk7DilYFG8ZizD0HH90TwQ8FZ6EdS99Ou0hYMeAFQuyO7U4ccFgfXua8qV5wVV9Ig', 'json': {'name': '广州研发中心-update', 'id': 210}}]
[2025-10-20 10:03:44] 21928:I base_api.py:16:send_api: 接口响应为{"errcode":0,"errmsg":"updated"}]
[2025-10-20 10:03:44] 21928:I base_api.py:14:send_api: 请求数据为{'method': 'GET', 'url': 'https://qyapi.weixin.qq.com/cgi-bin/department/delete?access_token=l2hunYEsGrLOUn6WeW46XMN-u70QJ1PnEdqEk2-JC3J_9kv2sSeC6GBkPQTKf-r_7NwxmpYf1WBS6-U8GkY_FQ-Qof0gmOBZkLQKqsyrYZ1v3Z_STt-eJR3DRIeC3FvwHdoMH-Ojyd7SE8h_YRmnqEk7DilYFG8ZizD0HH90TwQ8FZ6EdS99Ou0hYMeAFQuyO7U4ccFgfXua8qV5wVV9Ig&id=210'}]
[2025-10-20 10:03:46] 21928:I base_api.py:16:send_api: 接口响应为{"errcode":0,"errmsg":"deleted"}]
[2025-10-20 10:03:46] 21928:I base_api.py:14:send_api: 请求数据为{'method': 'GET', 'url': 'https://qyapi.weixin.qq.com/cgi-bin/department/simplelist?access_token=l2hunYEsGrLOUn6WeW46XMN-u70QJ1PnEdqEk2-JC3J_9kv2sSeC6GBkPQTKf-r_7NwxmpYf1WBS6-U8GkY_FQ-Qof0gmOBZkLQKqsyrYZ1v3Z_STt-eJR3DRIeC3FvwHdoMH-Ojyd7SE8h_YRmnqEk7DilYFG8ZizD0HH90TwQ8FZ6EdS99Ou0hYMeAFQuyO7U4ccFgfXua8qV5wVV9Ig'}]
[2025-10-20 10:03:46] 21928:I base_api.py:16:send_api: 接口响应为{"errcode":0,"errmsg":"ok","department_id":[{"id":1,"parentid":0,"order":100000000}]}]
[2025-10-20 10:03:46] 21928:I base_api.py:14:send_api: 请求数据为{'method': 'GET', 'url': 'https://qyapi.weixin.qq.com/cgi-bin/department/simplelist?access_token=l2hunYEsGrLOUn6WeW46XMN-u70QJ1PnEdqEk2-JC3J_9kv2sSeC6GBkPQTKf-r_7NwxmpYf1WBS6-U8GkY_FQ-Qof0gmOBZkLQKqsyrYZ1v3Z_STt-eJR3DRIeC3FvwHdoMH-Ojyd7SE8h_YRmnqEk7DilYFG8ZizD0HH90TwQ8FZ6EdS99Ou0hYMeAFQuyO7U4ccFgfXua8qV5wVV9Ig'}]
[2025-10-20 10:03:48] 21928:I base_api.py:16:send_api: 接口响应为{"errcode":0,"errmsg":"ok","department_id":[{"id":1,"parentid":0,"order":100000000}]}]
[2025-10-20 10:10:54] 42004:I base_api.py:14:send_api: 请求数据为{'method': 'GET', 'url': 'https://qyapi.weixin.qq.com/cgi-bin/gettoken?corpid=ww779187ee7c9f7085&corpsecret=AAR4FC_5E6m4mbvKWepNrLt7qPFdIHXrjrK77sQcNqE'}]
[2025-10-20 10:11:04] 42004:I base_api.py:16:send_api: 接口响应为{"errcode":0,"errmsg":"ok","access_token":"l2hunYEsGrLOUn6WeW46XMN-u70QJ1PnEdqEk2-JC3J_9kv2sSeC6GBkPQTKf-r_7NwxmpYf1WBS6-U8GkY_FQ-Qof0gmOBZkLQKqsyrYZ1v3Z_STt-eJR3DRIeC3FvwHdoMH-Ojyd7SE8h_YRmnqEk7DilYFG8ZizD0HH90TwQ8FZ6EdS99Ou0hYMeAFQuyO7U4ccFgfXua8qV5wVV9Ig","expires_in":7200}]
[2025-10-20 10:11:04] 42004:I base_api.py:14:send_api: 请求数据为{'method': 'GET', 'url': 'https://qyapi.weixin.qq.com/cgi-bin/department/simplelist?access_token=l2hunYEsGrLOUn6WeW46XMN-u70QJ1PnEdqEk2-JC3J_9kv2sSeC6GBkPQTKf-r_7NwxmpYf1WBS6-U8GkY_FQ-Qof0gmOBZkLQKqsyrYZ1v3Z_STt-eJR3DRIeC3FvwHdoMH-Ojyd7SE8h_YRmnqEk7DilYFG8ZizD0HH90TwQ8FZ6EdS99Ou0hYMeAFQuyO7U4ccFgfXua8qV5wVV9Ig'}]
[2025-10-20 10:11:05] 42004:I base_api.py:16:send_api: 接口响应为{"errcode":0,"errmsg":"ok","department_id":[{"id":1,"parentid":0,"order":100000000},{"id":2,"parentid":1,"order":1},{"id":5,"parentid":1,"order":4}]}]
[2025-10-20 10:11:05] 42004:I base_api.py:14:send_api: 请求数据为{'method': 'GET', 'url': 'https://qyapi.weixin.qq.com/cgi-bin/department/delete?access_token=l2hunYEsGrLOUn6WeW46XMN-u70QJ1PnEdqEk2-JC3J_9kv2sSeC6GBkPQTKf-r_7NwxmpYf1WBS6-U8GkY_FQ-Qof0gmOBZkLQKqsyrYZ1v3Z_STt-eJR3DRIeC3FvwHdoMH-Ojyd7SE8h_YRmnqEk7DilYFG8ZizD0HH90TwQ8FZ6EdS99Ou0hYMeAFQuyO7U4ccFgfXua8qV5wVV9Ig&id=2'}]
[2025-10-20 10:11:06] 42004:I base_api.py:16:send_api: 接口响应为{"errcode":0,"errmsg":"deleted"}]
[2025-10-20 10:11:06] 42004:I base_api.py:14:send_api: 请求数据为{'method': 'GET', 'url': 'https://qyapi.weixin.qq.com/cgi-bin/department/delete?access_token=l2hunYEsGrLOUn6WeW46XMN-u70QJ1PnEdqEk2-JC3J_9kv2sSeC6GBkPQTKf-r_7NwxmpYf1WBS6-U8GkY_FQ-Qof0gmOBZkLQKqsyrYZ1v3Z_STt-eJR3DRIeC3FvwHdoMH-Ojyd7SE8h_YRmnqEk7DilYFG8ZizD0HH90TwQ8FZ6EdS99Ou0hYMeAFQuyO7U4ccFgfXua8qV5wVV9Ig&id=5'}]
[2025-10-20 10:11:07] 42004:I base_api.py:16:send_api: 接口响应为{"errcode":0,"errmsg":"deleted"}]
[2025-10-20 10:11:07] 42004:I base_api.py:14:send_api: 请求数据为{'method': 'POST', 'url': 'https://qyapi.weixin.qq.com/cgi-bin/department/create?access_token=l2hunYEsGrLOUn6WeW46XMN-u70QJ1PnEdqEk2-JC3J_9kv2sSeC6GBkPQTKf-r_7NwxmpYf1WBS6-U8GkY_FQ-Qof0gmOBZkLQKqsyrYZ1v3Z_STt-eJR3DRIeC3FvwHdoMH-Ojyd7SE8h_YRmnqEk7DilYFG8ZizD0HH90TwQ8FZ6EdS99Ou0hYMeAFQuyO7U4ccFgfXua8qV5wVV9Ig', 'json': {'name': '技术部', 'name_en': 'JISHU1', 'parentid': 1, 'order': 1, 'id': 210}}]
[2025-10-20 10:12:20] 31032:I base_api.py:14:send_api: 请求数据为{'method': 'GET', 'url': 'https://qyapi.weixin.qq.com/cgi-bin/gettoken?corpid=ww779187ee7c9f7085&corpsecret=AAR4FC_5E6m4mbvKWepNrLt7qPFdIHXrjrK77sQcNqE'}]
[2025-10-20 10:12:21] 31032:I base_api.py:16:send_api: 接口响应为{"errcode":0,"errmsg":"ok","access_token":"l2hunYEsGrLOUn6WeW46XMN-u70QJ1PnEdqEk2-JC3J_9kv2sSeC6GBkPQTKf-r_7NwxmpYf1WBS6-U8GkY_FQ-Qof0gmOBZkLQKqsyrYZ1v3Z_STt-eJR3DRIeC3FvwHdoMH-Ojyd7SE8h_YRmnqEk7DilYFG8ZizD0HH90TwQ8FZ6EdS99Ou0hYMeAFQuyO7U4ccFgfXua8qV5wVV9Ig","expires_in":7200}]
[2025-10-20 10:12:21] 31032:I base_api.py:14:send_api: 请求数据为{'method': 'GET', 'url': 'https://qyapi.weixin.qq.com/cgi-bin/department/simplelist?access_token=l2hunYEsGrLOUn6WeW46XMN-u70QJ1PnEdqEk2-JC3J_9kv2sSeC6GBkPQTKf-r_7NwxmpYf1WBS6-U8GkY_FQ-Qof0gmOBZkLQKqsyrYZ1v3Z_STt-eJR3DRIeC3FvwHdoMH-Ojyd7SE8h_YRmnqEk7DilYFG8ZizD0HH90TwQ8FZ6EdS99Ou0hYMeAFQuyO7U4ccFgfXua8qV5wVV9Ig'}]
[2025-10-20 10:12:21] 31032:I base_api.py:16:send_api: 接口响应为{"errcode":0,"errmsg":"ok","department_id":[{"id":1,"parentid":0,"order":100000000}]}]
[2025-10-20 10:12:21] 31032:I base_api.py:14:send_api: 请求数据为{'method': 'POST', 'url': 'https://qyapi.weixin.qq.com/cgi-bin/department/create?access_token=l2hunYEsGrLOUn6WeW46XMN-u70QJ1PnEdqEk2-JC3J_9kv2sSeC6GBkPQTKf-r_7NwxmpYf1WBS6-U8GkY_FQ-Qof0gmOBZkLQKqsyrYZ1v3Z_STt-eJR3DRIeC3FvwHdoMH-Ojyd7SE8h_YRmnqEk7DilYFG8ZizD0HH90TwQ8FZ6EdS99Ou0hYMeAFQuyO7U4ccFgfXua8qV5wVV9Ig', 'json': {'name': '技术部', 'name_en': 'JISHU1', 'parentid': 1, 'order': 1, 'id': 210}}]
[2025-10-20 10:12:24] 31032:I base_api.py:16:send_api: 接口响应为{"errcode":0,"errmsg":"created","id":210}]
[2025-10-20 10:12:24] 31032:I base_api.py:14:send_api: 请求数据为{'method': 'GET', 'url': 'https://qyapi.weixin.qq.com/cgi-bin/department/simplelist?access_token=l2hunYEsGrLOUn6WeW46XMN-u70QJ1PnEdqEk2-JC3J_9kv2sSeC6GBkPQTKf-r_7NwxmpYf1WBS6-U8GkY_FQ-Qof0gmOBZkLQKqsyrYZ1v3Z_STt-eJR3DRIeC3FvwHdoMH-Ojyd7SE8h_YRmnqEk7DilYFG8ZizD0HH90TwQ8FZ6EdS99Ou0hYMeAFQuyO7U4ccFgfXua8qV5wVV9Ig'}]
[2025-10-20 10:12:25] 31032:I base_api.py:16:send_api: 接口响应为{"errcode":0,"errmsg":"ok","department_id":[{"id":1,"parentid":0,"order":100000000},{"id":210,"parentid":1,"order":1}]}]
[2025-10-20 10:12:25] 31032:I base_api.py:14:send_api: 请求数据为{'method': 'POST', 'url': 'https://qyapi.weixin.qq.com/cgi-bin/department/update?access_token=l2hunYEsGrLOUn6WeW46XMN-u70QJ1PnEdqEk2-JC3J_9kv2sSeC6GBkPQTKf-r_7NwxmpYf1WBS6-U8GkY_FQ-Qof0gmOBZkLQKqsyrYZ1v3Z_STt-eJR3DRIeC3FvwHdoMH-Ojyd7SE8h_YRmnqEk7DilYFG8ZizD0HH90TwQ8FZ6EdS99Ou0hYMeAFQuyO7U4ccFgfXua8qV5wVV9Ig', 'json': {'name': '广州研发中心-update', 'id': 210}}]
[2025-10-20 10:12:25] 31032:I base_api.py:16:send_api: 接口响应为{"errcode":0,"errmsg":"updated"}]
[2025-10-20 10:12:25] 31032:I base_api.py:14:send_api: 请求数据为{'method': 'GET', 'url': 'https://qyapi.weixin.qq.com/cgi-bin/department/delete?access_token=l2hunYEsGrLOUn6WeW46XMN-u70QJ1PnEdqEk2-JC3J_9kv2sSeC6GBkPQTKf-r_7NwxmpYf1WBS6-U8GkY_FQ-Qof0gmOBZkLQKqsyrYZ1v3Z_STt-eJR3DRIeC3FvwHdoMH-Ojyd7SE8h_YRmnqEk7DilYFG8ZizD0HH90TwQ8FZ6EdS99Ou0hYMeAFQuyO7U4ccFgfXua8qV5wVV9Ig&id=210'}]
[2025-10-20 10:12:26] 31032:I base_api.py:16:send_api: 接口响应为{"errcode":0,"errmsg":"deleted"}]
[2025-10-20 10:12:26] 31032:I base_api.py:14:send_api: 请求数据为{'method': 'GET', 'url': 'https://qyapi.weixin.qq.com/cgi-bin/department/simplelist?access_token=l2hunYEsGrLOUn6WeW46XMN-u70QJ1PnEdqEk2-JC3J_9kv2sSeC6GBkPQTKf-r_7NwxmpYf1WBS6-U8GkY_FQ-Qof0gmOBZkLQKqsyrYZ1v3Z_STt-eJR3DRIeC3FvwHdoMH-Ojyd7SE8h_YRmnqEk7DilYFG8ZizD0HH90TwQ8FZ6EdS99Ou0hYMeAFQuyO7U4ccFgfXua8qV5wVV9Ig'}]
[2025-10-20 10:12:27] 31032:I base_api.py:16:send_api: 接口响应为{"errcode":0,"errmsg":"ok","department_id":[{"id":1,"parentid":0,"order":100000000}]}]
[2025-10-20 10:12:44] 9128:I base_api.py:14:send_api: 请求数据为{'method': 'GET', 'url': 'https://qyapi.weixin.qq.com/cgi-bin/gettoken?corpid=ww779187ee7c9f7085&corpsecret=AAR4FC_5E6m4mbvKWepNrLt7qPFdIHXrjrK77sQcNqE'}]
[2025-10-20 10:12:46] 9128:I base_api.py:16:send_api: 接口响应为{"errcode":0,"errmsg":"ok","access_token":"l2hunYEsGrLOUn6WeW46XMN-u70QJ1PnEdqEk2-JC3J_9kv2sSeC6GBkPQTKf-r_7NwxmpYf1WBS6-U8GkY_FQ-Qof0gmOBZkLQKqsyrYZ1v3Z_STt-eJR3DRIeC3FvwHdoMH-Ojyd7SE8h_YRmnqEk7DilYFG8ZizD0HH90TwQ8FZ6EdS99Ou0hYMeAFQuyO7U4ccFgfXua8qV5wVV9Ig","expires_in":7200}]
[2025-10-20 10:12:46] 9128:I base_api.py:14:send_api: 请求数据为{'method': 'GET', 'url': 'https://qyapi.weixin.qq.com/cgi-bin/department/simplelist?access_token=l2hunYEsGrLOUn6WeW46XMN-u70QJ1PnEdqEk2-JC3J_9kv2sSeC6GBkPQTKf-r_7NwxmpYf1WBS6-U8GkY_FQ-Qof0gmOBZkLQKqsyrYZ1v3Z_STt-eJR3DRIeC3FvwHdoMH-Ojyd7SE8h_YRmnqEk7DilYFG8ZizD0HH90TwQ8FZ6EdS99Ou0hYMeAFQuyO7U4ccFgfXua8qV5wVV9Ig'}]
[2025-10-20 10:12:48] 9128:I base_api.py:16:send_api: 接口响应为{"errcode":0,"errmsg":"ok","department_id":[{"id":1,"parentid":0,"order":100000000}]}]
[2025-10-20 10:12:48] 9128:I base_api.py:14:send_api: 请求数据为{'method': 'POST', 'url': 'https://qyapi.weixin.qq.com/cgi-bin/department/create?access_token=l2hunYEsGrLOUn6WeW46XMN-u70QJ1PnEdqEk2-JC3J_9kv2sSeC6GBkPQTKf-r_7NwxmpYf1WBS6-U8GkY_FQ-Qof0gmOBZkLQKqsyrYZ1v3Z_STt-eJR3DRIeC3FvwHdoMH-Ojyd7SE8h_YRmnqEk7DilYFG8ZizD0HH90TwQ8FZ6EdS99Ou0hYMeAFQuyO7U4ccFgfXua8qV5wVV9Ig', 'json': {'name': '技术部', 'name_en': 'JISHU1', 'parentid': 1, 'order': 1, 'id': 2}}]
[2025-10-20 10:12:50] 9128:I base_api.py:16:send_api: 接口响应为{"errcode":0,"errmsg":"created","id":2}]
[2025-10-20 10:12:50] 9128:I base_api.py:14:send_api: 请求数据为{'method': 'POST', 'url': 'https://qyapi.weixin.qq.com/cgi-bin/department/create?access_token=l2hunYEsGrLOUn6WeW46XMN-u70QJ1PnEdqEk2-JC3J_9kv2sSeC6GBkPQTKf-r_7NwxmpYf1WBS6-U8GkY_FQ-Qof0gmOBZkLQKqsyrYZ1v3Z_STt-eJR3DRIeC3FvwHdoMH-Ojyd7SE8h_YRmnqEk7DilYFG8ZizD0HH90TwQ8FZ6EdS99Ou0hYMeAFQuyO7U4ccFgfXua8qV5wVV9Ig', 'json': {'name': ' ', 'name_en': 'JISHU2', 'parentid': 1, 'order': 2, 'id': 3}}]
[2025-10-20 10:12:52] 9128:I base_api.py:16:send_api: 接口响应为{"errcode":60001,"errmsg":"department invalid length, hint: [1760926373499303513101893], from ip: 36.155.121.64, more info at https://open.work.weixin.qq.com/devtool/query?e=60001"}]
[2025-10-20 10:12:52] 9128:I base_api.py:14:send_api: 请求数据为{'method': 'GET', 'url': 'https://qyapi.weixin.qq.com/cgi-bin/gettoken?corpid=ww779187ee7c9f7085&corpsecret=AAR4FC_5E6m4mbvKWepNrLt7qPFdIHXrjrK77sQcNqE'}]
[2025-10-20 10:12:54] 9128:I base_api.py:16:send_api: 接口响应为{"errcode":0,"errmsg":"ok","access_token":"l2hunYEsGrLOUn6WeW46XMN-u70QJ1PnEdqEk2-JC3J_9kv2sSeC6GBkPQTKf-r_7NwxmpYf1WBS6-U8GkY_FQ-Qof0gmOBZkLQKqsyrYZ1v3Z_STt-eJR3DRIeC3FvwHdoMH-Ojyd7SE8h_YRmnqEk7DilYFG8ZizD0HH90TwQ8FZ6EdS99Ou0hYMeAFQuyO7U4ccFgfXua8qV5wVV9Ig","expires_in":7200}]
[2025-10-20 10:12:54] 9128:I base_api.py:14:send_api: 请求数据为{'method': 'GET', 'url': 'https://qyapi.weixin.qq.com/cgi-bin/department/simplelist?access_token=l2hunYEsGrLOUn6WeW46XMN-u70QJ1PnEdqEk2-JC3J_9kv2sSeC6GBkPQTKf-r_7NwxmpYf1WBS6-U8GkY_FQ-Qof0gmOBZkLQKqsyrYZ1v3Z_STt-eJR3DRIeC3FvwHdoMH-Ojyd7SE8h_YRmnqEk7DilYFG8ZizD0HH90TwQ8FZ6EdS99Ou0hYMeAFQuyO7U4ccFgfXua8qV5wVV9Ig'}]
[2025-10-20 10:13:00] 9128:I base_api.py:16:send_api: 接口响应为{"errcode":0,"errmsg":"ok","department_id":[{"id":1,"parentid":0,"order":100000000},{"id":2,"parentid":1,"order":1}]}]
[2025-10-20 10:13:00] 9128:I base_api.py:14:send_api: 请求数据为{'method': 'GET', 'url': 'https://qyapi.weixin.qq.com/cgi-bin/department/delete?access_token=l2hunYEsGrLOUn6WeW46XMN-u70QJ1PnEdqEk2-JC3J_9kv2sSeC6GBkPQTKf-r_7NwxmpYf1WBS6-U8GkY_FQ-Qof0gmOBZkLQKqsyrYZ1v3Z_STt-eJR3DRIeC3FvwHdoMH-Ojyd7SE8h_YRmnqEk7DilYFG8ZizD0HH90TwQ8FZ6EdS99Ou0hYMeAFQuyO7U4ccFgfXua8qV5wVV9Ig&id=2'}]
[2025-10-20 10:13:03] 9128:I base_api.py:16:send_api: 接口响应为{"errcode":0,"errmsg":"deleted"}]
[2025-10-20 10:13:03] 9128:I base_api.py:14:send_api: 请求数据为{'method': 'POST', 'url': 'https://qyapi.weixin.qq.com/cgi-bin/department/create?access_token=l2hunYEsGrLOUn6WeW46XMN-u70QJ1PnEdqEk2-JC3J_9kv2sSeC6GBkPQTKf-r_7NwxmpYf1WBS6-U8GkY_FQ-Qof0gmOBZkLQKqsyrYZ1v3Z_STt-eJR3DRIeC3FvwHdoMH-Ojyd7SE8h_YRmnqEk7DilYFG8ZizD0HH90TwQ8FZ6EdS99Ou0hYMeAFQuyO7U4ccFgfXua8qV5wVV9Ig', 'json': {'name': '技术部', 'name_en': 'JISHU1', 'parentid': 1, 'order': 1, 'id': 210}}]
[2025-10-20 10:13:04] 9128:I base_api.py:16:send_api: 接口响应为{"errcode":0,"errmsg":"created","id":210}]
[2025-10-20 10:13:04] 9128:I base_api.py:14:send_api: 请求数据为{'method': 'GET', 'url': 'https://qyapi.weixin.qq.com/cgi-bin/department/simplelist?access_token=l2hunYEsGrLOUn6WeW46XMN-u70QJ1PnEdqEk2-JC3J_9kv2sSeC6GBkPQTKf-r_7NwxmpYf1WBS6-U8GkY_FQ-Qof0gmOBZkLQKqsyrYZ1v3Z_STt-eJR3DRIeC3FvwHdoMH-Ojyd7SE8h_YRmnqEk7DilYFG8ZizD0HH90TwQ8FZ6EdS99Ou0hYMeAFQuyO7U4ccFgfXua8qV5wVV9Ig'}]
[2025-10-20 10:13:07] 9128:I base_api.py:16:send_api: 接口响应为{"errcode":0,"errmsg":"ok","department_id":[{"id":1,"parentid":0,"order":100000000},{"id":210,"parentid":1,"order":1}]}]
[2025-10-20 10:13:07] 9128:I base_api.py:14:send_api: 请求数据为{'method': 'POST', 'url': 'https://qyapi.weixin.qq.com/cgi-bin/department/update?access_token=l2hunYEsGrLOUn6WeW46XMN-u70QJ1PnEdqEk2-JC3J_9kv2sSeC6GBkPQTKf-r_7NwxmpYf1WBS6-U8GkY_FQ-Qof0gmOBZkLQKqsyrYZ1v3Z_STt-eJR3DRIeC3FvwHdoMH-Ojyd7SE8h_YRmnqEk7DilYFG8ZizD0HH90TwQ8FZ6EdS99Ou0hYMeAFQuyO7U4ccFgfXua8qV5wVV9Ig', 'json': {'name': '广州研发中心-update', 'id': 210}}]
[2025-10-20 10:13:07] 9128:I base_api.py:16:send_api: 接口响应为{"errcode":0,"errmsg":"updated"}]
[2025-10-20 10:13:07] 9128:I base_api.py:14:send_api: 请求数据为{'method': 'GET', 'url': 'https://qyapi.weixin.qq.com/cgi-bin/department/delete?access_token=l2hunYEsGrLOUn6WeW46XMN-u70QJ1PnEdqEk2-JC3J_9kv2sSeC6GBkPQTKf-r_7NwxmpYf1WBS6-U8GkY_FQ-Qof0gmOBZkLQKqsyrYZ1v3Z_STt-eJR3DRIeC3FvwHdoMH-Ojyd7SE8h_YRmnqEk7DilYFG8ZizD0HH90TwQ8FZ6EdS99Ou0hYMeAFQuyO7U4ccFgfXua8qV5wVV9Ig&id=210'}]
[2025-10-20 10:13:09] 9128:I base_api.py:16:send_api: 接口响应为{"errcode":0,"errmsg":"deleted"}]
[2025-10-20 10:13:09] 9128:I base_api.py:14:send_api: 请求数据为{'method': 'GET', 'url': 'https://qyapi.weixin.qq.com/cgi-bin/department/simplelist?access_token=l2hunYEsGrLOUn6WeW46XMN-u70QJ1PnEdqEk2-JC3J_9kv2sSeC6GBkPQTKf-r_7NwxmpYf1WBS6-U8GkY_FQ-Qof0gmOBZkLQKqsyrYZ1v3Z_STt-eJR3DRIeC3FvwHdoMH-Ojyd7SE8h_YRmnqEk7DilYFG8ZizD0HH90TwQ8FZ6EdS99Ou0hYMeAFQuyO7U4ccFgfXua8qV5wVV9Ig'}]
[2025-10-20 10:13:10] 9128:I base_api.py:16:send_api: 接口响应为{"errcode":0,"errmsg":"ok","department_id":[{"id":1,"parentid":0,"order":100000000}]}]
[2025-10-20 10:13:10] 9128:I base_api.py:14:send_api: 请求数据为{'method': 'GET', 'url': 'https://qyapi.weixin.qq.com/cgi-bin/department/simplelist?access_token=l2hunYEsGrLOUn6WeW46XMN-u70QJ1PnEdqEk2-JC3J_9kv2sSeC6GBkPQTKf-r_7NwxmpYf1WBS6-U8GkY_FQ-Qof0gmOBZkLQKqsyrYZ1v3Z_STt-eJR3DRIeC3FvwHdoMH-Ojyd7SE8h_YRmnqEk7DilYFG8ZizD0HH90TwQ8FZ6EdS99Ou0hYMeAFQuyO7U4ccFgfXua8qV5wVV9Ig'}]
[2025-10-20 10:13:11] 9128:I base_api.py:16:send_api: 接口响应为{"errcode":0,"errmsg":"ok","department_id":[{"id":1,"parentid":0,"order":100000000}]}]
[2025-10-20 10:16:42] 34924:I base_api.py:14:send_api: 请求数据为{'method': 'GET', 'url': 'https://qyapi.weixin.qq.com/cgi-bin/gettoken?corpid=ww779187ee7c9f7085&corpsecret=AAR4FC_5E6m4mbvKWepNrLt7qPFdIHXrjrK77sQcNqE'}]
[2025-10-20 10:16:43] 34924:I base_api.py:16:send_api: 接口响应为{"errcode":0,"errmsg":"ok","access_token":"l2hunYEsGrLOUn6WeW46XMN-u70QJ1PnEdqEk2-JC3J_9kv2sSeC6GBkPQTKf-r_7NwxmpYf1WBS6-U8GkY_FQ-Qof0gmOBZkLQKqsyrYZ1v3Z_STt-eJR3DRIeC3FvwHdoMH-Ojyd7SE8h_YRmnqEk7DilYFG8ZizD0HH90TwQ8FZ6EdS99Ou0hYMeAFQuyO7U4ccFgfXua8qV5wVV9Ig","expires_in":7200}]
[2025-10-20 10:16:43] 34924:I base_api.py:14:send_api: 请求数据为{'method': 'GET', 'url': 'https://qyapi.weixin.qq.com/cgi-bin/department/simplelist?access_token=l2hunYEsGrLOUn6WeW46XMN-u70QJ1PnEdqEk2-JC3J_9kv2sSeC6GBkPQTKf-r_7NwxmpYf1WBS6-U8GkY_FQ-Qof0gmOBZkLQKqsyrYZ1v3Z_STt-eJR3DRIeC3FvwHdoMH-Ojyd7SE8h_YRmnqEk7DilYFG8ZizD0HH90TwQ8FZ6EdS99Ou0hYMeAFQuyO7U4ccFgfXua8qV5wVV9Ig'}]
[2025-10-20 10:16:44] 34924:I base_api.py:16:send_api: 接口响应为{"errcode":0,"errmsg":"ok","department_id":[{"id":1,"parentid":0,"order":100000000},{"id":2,"parentid":1,"order":1},{"id":5,"parentid":1,"order":4}]}]
[2025-10-20 10:16:44] 34924:I base_api.py:14:send_api: 请求数据为{'method': 'GET', 'url': 'https://qyapi.weixin.qq.com/cgi-bin/department/delete?access_token=l2hunYEsGrLOUn6WeW46XMN-u70QJ1PnEdqEk2-JC3J_9kv2sSeC6GBkPQTKf-r_7NwxmpYf1WBS6-U8GkY_FQ-Qof0gmOBZkLQKqsyrYZ1v3Z_STt-eJR3DRIeC3FvwHdoMH-Ojyd7SE8h_YRmnqEk7DilYFG8ZizD0HH90TwQ8FZ6EdS99Ou0hYMeAFQuyO7U4ccFgfXua8qV5wVV9Ig&id=2'}]
[2025-10-20 10:16:46] 34924:I base_api.py:16:send_api: 接口响应为{"errcode":0,"errmsg":"deleted"}]
[2025-10-20 10:16:46] 34924:I base_api.py:14:send_api: 请求数据为{'method': 'GET', 'url': 'https://qyapi.weixin.qq.com/cgi-bin/department/delete?access_token=l2hunYEsGrLOUn6WeW46XMN-u70QJ1PnEdqEk2-JC3J_9kv2sSeC6GBkPQTKf-r_7NwxmpYf1WBS6-U8GkY_FQ-Qof0gmOBZkLQKqsyrYZ1v3Z_STt-eJR3DRIeC3FvwHdoMH-Ojyd7SE8h_YRmnqEk7DilYFG8ZizD0HH90TwQ8FZ6EdS99Ou0hYMeAFQuyO7U4ccFgfXua8qV5wVV9Ig&id=5'}]
[2025-10-20 10:16:47] 34924:I base_api.py:16:send_api: 接口响应为{"errcode":0,"errmsg":"deleted"}]
[2025-10-20 10:16:47] 34924:I base_api.py:14:send_api: 请求数据为{'method': 'POST', 'url': 'https://qyapi.weixin.qq.com/cgi-bin/department/create?access_token=l2hunYEsGrLOUn6WeW46XMN-u70QJ1PnEdqEk2-JC3J_9kv2sSeC6GBkPQTKf-r_7NwxmpYf1WBS6-U8GkY_FQ-Qof0gmOBZkLQKqsyrYZ1v3Z_STt-eJR3DRIeC3FvwHdoMH-Ojyd7SE8h_YRmnqEk7DilYFG8ZizD0HH90TwQ8FZ6EdS99Ou0hYMeAFQuyO7U4ccFgfXua8qV5wVV9Ig', 'json': {'name': '技术部', 'name_en': 'JISHU1', 'parentid': 1, 'order': 1, 'id': 2}}]
[2025-10-20 10:16:49] 34924:I base_api.py:16:send_api: 接口响应为{"errcode":0,"errmsg":"created","id":2}]
[2025-10-20 10:16:49] 34924:I base_api.py:14:send_api: 请求数据为{'method': 'POST', 'url': 'https://qyapi.weixin.qq.com/cgi-bin/department/create?access_token=l2hunYEsGrLOUn6WeW46XMN-u70QJ1PnEdqEk2-JC3J_9kv2sSeC6GBkPQTKf-r_7NwxmpYf1WBS6-U8GkY_FQ-Qof0gmOBZkLQKqsyrYZ1v3Z_STt-eJR3DRIeC3FvwHdoMH-Ojyd7SE8h_YRmnqEk7DilYFG8ZizD0HH90TwQ8FZ6EdS99Ou0hYMeAFQuyO7U4ccFgfXua8qV5wVV9Ig', 'json': {'name': ' ', 'name_en': 'JISHU2', 'parentid': 1, 'order': 2, 'id': 3}}]
[2025-10-20 10:16:50] 34924:I base_api.py:16:send_api: 接口响应为{"errcode":60001,"errmsg":"department invalid length, hint: [1760926610501863503825909], from ip: 36.155.121.64, more info at https://open.work.weixin.qq.com/devtool/query?e=60001"}]
[2025-10-20 10:16:50] 34924:I base_api.py:14:send_api: 请求数据为{'method': 'GET', 'url': 'https://qyapi.weixin.qq.com/cgi-bin/gettoken?corpid=ww779187ee7c9f7085&corpsecret=AAR4FC_5E6m4mbvKWepNrLt7qPFdIHXrjrK77sQcNqE'}]
[2025-10-20 10:16:51] 34924:I base_api.py:16:send_api: 接口响应为{"errcode":0,"errmsg":"ok","access_token":"l2hunYEsGrLOUn6WeW46XMN-u70QJ1PnEdqEk2-JC3J_9kv2sSeC6GBkPQTKf-r_7NwxmpYf1WBS6-U8GkY_FQ-Qof0gmOBZkLQKqsyrYZ1v3Z_STt-eJR3DRIeC3FvwHdoMH-Ojyd7SE8h_YRmnqEk7DilYFG8ZizD0HH90TwQ8FZ6EdS99Ou0hYMeAFQuyO7U4ccFgfXua8qV5wVV9Ig","expires_in":7200}]
[2025-10-20 10:16:51] 34924:I base_api.py:14:send_api: 请求数据为{'method': 'GET', 'url': 'https://qyapi.weixin.qq.com/cgi-bin/department/simplelist?access_token=l2hunYEsGrLOUn6WeW46XMN-u70QJ1PnEdqEk2-JC3J_9kv2sSeC6GBkPQTKf-r_7NwxmpYf1WBS6-U8GkY_FQ-Qof0gmOBZkLQKqsyrYZ1v3Z_STt-eJR3DRIeC3FvwHdoMH-Ojyd7SE8h_YRmnqEk7DilYFG8ZizD0HH90TwQ8FZ6EdS99Ou0hYMeAFQuyO7U4ccFgfXua8qV5wVV9Ig'}]
[2025-10-20 10:16:52] 34924:I base_api.py:16:send_api: 接口响应为{"errcode":0,"errmsg":"ok","department_id":[{"id":1,"parentid":0,"order":100000000},{"id":2,"parentid":1,"order":1}]}]
[2025-10-20 10:16:52] 34924:I base_api.py:14:send_api: 请求数据为{'method': 'GET', 'url': 'https://qyapi.weixin.qq.com/cgi-bin/department/delete?access_token=l2hunYEsGrLOUn6WeW46XMN-u70QJ1PnEdqEk2-JC3J_9kv2sSeC6GBkPQTKf-r_7NwxmpYf1WBS6-U8GkY_FQ-Qof0gmOBZkLQKqsyrYZ1v3Z_STt-eJR3DRIeC3FvwHdoMH-Ojyd7SE8h_YRmnqEk7DilYFG8ZizD0HH90TwQ8FZ6EdS99Ou0hYMeAFQuyO7U4ccFgfXua8qV5wVV9Ig&id=2'}]
[2025-10-20 10:16:52] 34924:I base_api.py:16:send_api: 接口响应为{"errcode":0,"errmsg":"deleted"}]
[2025-10-20 10:16:52] 34924:I base_api.py:14:send_api: 请求数据为{'method': 'POST', 'url': 'https://qyapi.weixin.qq.com/cgi-bin/department/create?access_token=l2hunYEsGrLOUn6WeW46XMN-u70QJ1PnEdqEk2-JC3J_9kv2sSeC6GBkPQTKf-r_7NwxmpYf1WBS6-U8GkY_FQ-Qof0gmOBZkLQKqsyrYZ1v3Z_STt-eJR3DRIeC3FvwHdoMH-Ojyd7SE8h_YRmnqEk7DilYFG8ZizD0HH90TwQ8FZ6EdS99Ou0hYMeAFQuyO7U4ccFgfXua8qV5wVV9Ig', 'json': {'name': '技术部', 'name_en': 'JISHU1', 'parentid': 1, 'order': 1, 'id': 210}}]
[2025-10-20 10:16:54] 34924:I base_api.py:16:send_api: 接口响应为{"errcode":0,"errmsg":"created","id":210}]
[2025-10-20 10:16:54] 34924:I base_api.py:14:send_api: 请求数据为{'method': 'GET', 'url': 'https://qyapi.weixin.qq.com/cgi-bin/department/simplelist?access_token=l2hunYEsGrLOUn6WeW46XMN-u70QJ1PnEdqEk2-JC3J_9kv2sSeC6GBkPQTKf-r_7NwxmpYf1WBS6-U8GkY_FQ-Qof0gmOBZkLQKqsyrYZ1v3Z_STt-eJR3DRIeC3FvwHdoMH-Ojyd7SE8h_YRmnqEk7DilYFG8ZizD0HH90TwQ8FZ6EdS99Ou0hYMeAFQuyO7U4ccFgfXua8qV5wVV9Ig'}]
[2025-10-20 10:16:54] 34924:I base_api.py:16:send_api: 接口响应为{"errcode":0,"errmsg":"ok","department_id":[{"id":1,"parentid":0,"order":100000000},{"id":210,"parentid":1,"order":1}]}]
[2025-10-20 10:16:54] 34924:I base_api.py:14:send_api: 请求数据为{'method': 'POST', 'url': 'https://qyapi.weixin.qq.com/cgi-bin/department/update?access_token=l2hunYEsGrLOUn6WeW46XMN-u70QJ1PnEdqEk2-JC3J_9kv2sSeC6GBkPQTKf-r_7NwxmpYf1WBS6-U8GkY_FQ-Qof0gmOBZkLQKqsyrYZ1v3Z_STt-eJR3DRIeC3FvwHdoMH-Ojyd7SE8h_YRmnqEk7DilYFG8ZizD0HH90TwQ8FZ6EdS99Ou0hYMeAFQuyO7U4ccFgfXua8qV5wVV9Ig', 'json': {'name': '广州研发中心-update', 'id': 210}}]
[2025-10-20 10:16:55] 34924:I base_api.py:16:send_api: 接口响应为{"errcode":0,"errmsg":"updated"}]
[2025-10-20 10:16:55] 34924:I base_api.py:14:send_api: 请求数据为{'method': 'GET', 'url': 'https://qyapi.weixin.qq.com/cgi-bin/department/delete?access_token=l2hunYEsGrLOUn6WeW46XMN-u70QJ1PnEdqEk2-JC3J_9kv2sSeC6GBkPQTKf-r_7NwxmpYf1WBS6-U8GkY_FQ-Qof0gmOBZkLQKqsyrYZ1v3Z_STt-eJR3DRIeC3FvwHdoMH-Ojyd7SE8h_YRmnqEk7DilYFG8ZizD0HH90TwQ8FZ6EdS99Ou0hYMeAFQuyO7U4ccFgfXua8qV5wVV9Ig&id=210'}]
[2025-10-20 10:17:02] 34924:I base_api.py:16:send_api: 接口响应为{"errcode":0,"errmsg":"deleted"}]
[2025-10-20 10:17:02] 34924:I base_api.py:14:send_api: 请求数据为{'method': 'GET', 'url': 'https://qyapi.weixin.qq.com/cgi-bin/department/simplelist?access_token=l2hunYEsGrLOUn6WeW46XMN-u70QJ1PnEdqEk2-JC3J_9kv2sSeC6GBkPQTKf-r_7NwxmpYf1WBS6-U8GkY_FQ-Qof0gmOBZkLQKqsyrYZ1v3Z_STt-eJR3DRIeC3FvwHdoMH-Ojyd7SE8h_YRmnqEk7DilYFG8ZizD0HH90TwQ8FZ6EdS99Ou0hYMeAFQuyO7U4ccFgfXua8qV5wVV9Ig'}]
[2025-10-20 10:17:08] 34924:I base_api.py:16:send_api: 接口响应为{"errcode":0,"errmsg":"ok","department_id":[{"id":1,"parentid":0,"order":100000000}]}]
[2025-10-20 10:17:08] 34924:I base_api.py:14:send_api: 请求数据为{'method': 'GET', 'url': 'https://qyapi.weixin.qq.com/cgi-bin/department/simplelist?access_token=l2hunYEsGrLOUn6WeW46XMN-u70QJ1PnEdqEk2-JC3J_9kv2sSeC6GBkPQTKf-r_7NwxmpYf1WBS6-U8GkY_FQ-Qof0gmOBZkLQKqsyrYZ1v3Z_STt-eJR3DRIeC3FvwHdoMH-Ojyd7SE8h_YRmnqEk7DilYFG8ZizD0HH90TwQ8FZ6EdS99Ou0hYMeAFQuyO7U4ccFgfXua8qV5wVV9Ig'}]
[2025-10-20 10:17:08] 34924:I base_api.py:16:send_api: 接口响应为{"errcode":0,"errmsg":"ok","department_id":[{"id":1,"parentid":0,"order":100000000}]}]
[2025-10-20 10:30:27] 39276:I base_api.py:14:send_api: 请求数据为{'method': 'GET', 'url': 'https://qyapi.weixin.qq.com/cgi-bin/gettoken?corpid=ww779187ee7c9f7085&corpsecret=AAR4FC_5E6m4mbvKWepNrLt7qPFdIHXrjrK77sQcNqE'}]
[2025-10-20 10:30:27] 39276:I base_api.py:16:send_api: 接口响应为{"errcode":0,"errmsg":"ok","access_token":"l2hunYEsGrLOUn6WeW46XMN-u70QJ1PnEdqEk2-JC3J_9kv2sSeC6GBkPQTKf-r_7NwxmpYf1WBS6-U8GkY_FQ-Qof0gmOBZkLQKqsyrYZ1v3Z_STt-eJR3DRIeC3FvwHdoMH-Ojyd7SE8h_YRmnqEk7DilYFG8ZizD0HH90TwQ8FZ6EdS99Ou0hYMeAFQuyO7U4ccFgfXua8qV5wVV9Ig","expires_in":7200}]
[2025-10-20 10:30:27] 39276:I base_api.py:14:send_api: 请求数据为{'method': 'GET', 'url': 'https://qyapi.weixin.qq.com/cgi-bin/department/simplelist?access_token=l2hunYEsGrLOUn6WeW46XMN-u70QJ1PnEdqEk2-JC3J_9kv2sSeC6GBkPQTKf-r_7NwxmpYf1WBS6-U8GkY_FQ-Qof0gmOBZkLQKqsyrYZ1v3Z_STt-eJR3DRIeC3FvwHdoMH-Ojyd7SE8h_YRmnqEk7DilYFG8ZizD0HH90TwQ8FZ6EdS99Ou0hYMeAFQuyO7U4ccFgfXua8qV5wVV9Ig'}]
[2025-10-20 10:30:30] 39276:I base_api.py:16:send_api: 接口响应为{"errcode":0,"errmsg":"ok","department_id":[{"id":1,"parentid":0,"order":100000000}]}]
[2025-10-20 10:30:30] 39276:I base_api.py:14:send_api: 请求数据为{'method': 'POST', 'url': 'https://qyapi.weixin.qq.com/cgi-bin/department/create?access_token=l2hunYEsGrLOUn6WeW46XMN-u70QJ1PnEdqEk2-JC3J_9kv2sSeC6GBkPQTKf-r_7NwxmpYf1WBS6-U8GkY_FQ-Qof0gmOBZkLQKqsyrYZ1v3Z_STt-eJR3DRIeC3FvwHdoMH-Ojyd7SE8h_YRmnqEk7DilYFG8ZizD0HH90TwQ8FZ6EdS99Ou0hYMeAFQuyO7U4ccFgfXua8qV5wVV9Ig', 'json': {'name': '技术部', 'name_en': 'JISHU1', 'parentid': 1, 'order': 1, 'id': 2}}]
[2025-10-20 10:30:32] 39276:I base_api.py:16:send_api: 接口响应为{"errcode":0,"errmsg":"created","id":2}]
[2025-10-20 10:30:32] 39276:I base_api.py:14:send_api: 请求数据为{'method': 'POST', 'url': 'https://qyapi.weixin.qq.com/cgi-bin/department/create?access_token=l2hunYEsGrLOUn6WeW46XMN-u70QJ1PnEdqEk2-JC3J_9kv2sSeC6GBkPQTKf-r_7NwxmpYf1WBS6-U8GkY_FQ-Qof0gmOBZkLQKqsyrYZ1v3Z_STt-eJR3DRIeC3FvwHdoMH-Ojyd7SE8h_YRmnqEk7DilYFG8ZizD0HH90TwQ8FZ6EdS99Ou0hYMeAFQuyO7U4ccFgfXua8qV5wVV9Ig', 'json': {'name': ' ', 'name_en': 'JISHU2', 'parentid': 1, 'order': 2, 'id': 3}}]
[2025-10-20 10:30:35] 39276:I base_api.py:16:send_api: 接口响应为{"errcode":60001,"errmsg":"department invalid length, hint: [1760927436489062833726050], from ip: 36.155.121.64, more info at https://open.work.weixin.qq.com/devtool/query?e=60001"}]
[2025-10-20 10:30:35] 39276:I base_api.py:14:send_api: 请求数据为{'method': 'GET', 'url': 'https://qyapi.weixin.qq.com/cgi-bin/gettoken?corpid=ww779187ee7c9f7085&corpsecret=AAR4FC_5E6m4mbvKWepNrLt7qPFdIHXrjrK77sQcNqE'}]
[2025-10-20 10:30:37] 39276:I base_api.py:16:send_api: 接口响应为{"errcode":0,"errmsg":"ok","access_token":"l2hunYEsGrLOUn6WeW46XMN-u70QJ1PnEdqEk2-JC3J_9kv2sSeC6GBkPQTKf-r_7NwxmpYf1WBS6-U8GkY_FQ-Qof0gmOBZkLQKqsyrYZ1v3Z_STt-eJR3DRIeC3FvwHdoMH-Ojyd7SE8h_YRmnqEk7DilYFG8ZizD0HH90TwQ8FZ6EdS99Ou0hYMeAFQuyO7U4ccFgfXua8qV5wVV9Ig","expires_in":7200}]
[2025-10-20 10:30:37] 39276:I base_api.py:14:send_api: 请求数据为{'method': 'GET', 'url': 'https://qyapi.weixin.qq.com/cgi-bin/department/simplelist?access_token=l2hunYEsGrLOUn6WeW46XMN-u70QJ1PnEdqEk2-JC3J_9kv2sSeC6GBkPQTKf-r_7NwxmpYf1WBS6-U8GkY_FQ-Qof0gmOBZkLQKqsyrYZ1v3Z_STt-eJR3DRIeC3FvwHdoMH-Ojyd7SE8h_YRmnqEk7DilYFG8ZizD0HH90TwQ8FZ6EdS99Ou0hYMeAFQuyO7U4ccFgfXua8qV5wVV9Ig'}]
[2025-10-20 10:30:38] 39276:I base_api.py:16:send_api: 接口响应为{"errcode":0,"errmsg":"ok","department_id":[{"id":1,"parentid":0,"order":100000000},{"id":2,"parentid":1,"order":1}]}]
[2025-10-20 10:30:38] 39276:I base_api.py:14:send_api: 请求数据为{'method': 'GET', 'url': 'https://qyapi.weixin.qq.com/cgi-bin/department/delete?access_token=l2hunYEsGrLOUn6WeW46XMN-u70QJ1PnEdqEk2-JC3J_9kv2sSeC6GBkPQTKf-r_7NwxmpYf1WBS6-U8GkY_FQ-Qof0gmOBZkLQKqsyrYZ1v3Z_STt-eJR3DRIeC3FvwHdoMH-Ojyd7SE8h_YRmnqEk7DilYFG8ZizD0HH90TwQ8FZ6EdS99Ou0hYMeAFQuyO7U4ccFgfXua8qV5wVV9Ig&id=2'}]
[2025-10-20 10:30:55] 33552:I base_api.py:14:send_api: 请求数据为{'method': 'GET', 'url': 'https://qyapi.weixin.qq.com/cgi-bin/gettoken?corpid=ww779187ee7c9f7085&corpsecret=AAR4FC_5E6m4mbvKWepNrLt7qPFdIHXrjrK77sQcNqE'}]
[2025-10-20 10:30:55] 33552:I base_api.py:16:send_api: 接口响应为{"errcode":0,"errmsg":"ok","access_token":"l2hunYEsGrLOUn6WeW46XMN-u70QJ1PnEdqEk2-JC3J_9kv2sSeC6GBkPQTKf-r_7NwxmpYf1WBS6-U8GkY_FQ-Qof0gmOBZkLQKqsyrYZ1v3Z_STt-eJR3DRIeC3FvwHdoMH-Ojyd7SE8h_YRmnqEk7DilYFG8ZizD0HH90TwQ8FZ6EdS99Ou0hYMeAFQuyO7U4ccFgfXua8qV5wVV9Ig","expires_in":7200}]
[2025-10-20 10:30:55] 33552:I base_api.py:14:send_api: 请求数据为{'method': 'GET', 'url': 'https://qyapi.weixin.qq.com/cgi-bin/department/simplelist?access_token=l2hunYEsGrLOUn6WeW46XMN-u70QJ1PnEdqEk2-JC3J_9kv2sSeC6GBkPQTKf-r_7NwxmpYf1WBS6-U8GkY_FQ-Qof0gmOBZkLQKqsyrYZ1v3Z_STt-eJR3DRIeC3FvwHdoMH-Ojyd7SE8h_YRmnqEk7DilYFG8ZizD0HH90TwQ8FZ6EdS99Ou0hYMeAFQuyO7U4ccFgfXua8qV5wVV9Ig'}]
[2025-10-20 10:30:57] 33552:I base_api.py:16:send_api: 接口响应为{"errcode":0,"errmsg":"ok","department_id":[{"id":1,"parentid":0,"order":100000000},{"id":2,"parentid":1,"order":1}]}]
[2025-10-20 10:30:57] 33552:I base_api.py:14:send_api: 请求数据为{'method': 'GET', 'url': 'https://qyapi.weixin.qq.com/cgi-bin/department/delete?access_token=l2hunYEsGrLOUn6WeW46XMN-u70QJ1PnEdqEk2-JC3J_9kv2sSeC6GBkPQTKf-r_7NwxmpYf1WBS6-U8GkY_FQ-Qof0gmOBZkLQKqsyrYZ1v3Z_STt-eJR3DRIeC3FvwHdoMH-Ojyd7SE8h_YRmnqEk7DilYFG8ZizD0HH90TwQ8FZ6EdS99Ou0hYMeAFQuyO7U4ccFgfXua8qV5wVV9Ig&id=2'}]
[2025-10-20 10:30:58] 33552:I base_api.py:16:send_api: 接口响应为{"errcode":0,"errmsg":"deleted"}]
[2025-10-20 10:30:58] 33552:I base_api.py:14:send_api: 请求数据为{'method': 'POST', 'url': 'https://qyapi.weixin.qq.com/cgi-bin/department/create?access_token=l2hunYEsGrLOUn6WeW46XMN-u70QJ1PnEdqEk2-JC3J_9kv2sSeC6GBkPQTKf-r_7NwxmpYf1WBS6-U8GkY_FQ-Qof0gmOBZkLQKqsyrYZ1v3Z_STt-eJR3DRIeC3FvwHdoMH-Ojyd7SE8h_YRmnqEk7DilYFG8ZizD0HH90TwQ8FZ6EdS99Ou0hYMeAFQuyO7U4ccFgfXua8qV5wVV9Ig', 'json': {'name': '技术部', 'name_en': 'JISHU1', 'parentid': 1, 'order': 1, 'id': 210}}]
[2025-10-20 10:30:59] 33552:I base_api.py:16:send_api: 接口响应为{"errcode":0,"errmsg":"created","id":210}]
[2025-10-20 10:30:59] 33552:I base_api.py:14:send_api: 请求数据为{'method': 'GET', 'url': 'https://qyapi.weixin.qq.com/cgi-bin/department/simplelist?access_token=l2hunYEsGrLOUn6WeW46XMN-u70QJ1PnEdqEk2-JC3J_9kv2sSeC6GBkPQTKf-r_7NwxmpYf1WBS6-U8GkY_FQ-Qof0gmOBZkLQKqsyrYZ1v3Z_STt-eJR3DRIeC3FvwHdoMH-Ojyd7SE8h_YRmnqEk7DilYFG8ZizD0HH90TwQ8FZ6EdS99Ou0hYMeAFQuyO7U4ccFgfXua8qV5wVV9Ig'}]
[2025-10-20 10:31:00] 33552:I base_api.py:16:send_api: 接口响应为{"errcode":0,"errmsg":"ok","department_id":[{"id":1,"parentid":0,"order":100000000},{"id":210,"parentid":1,"order":1}]}]
[2025-10-20 10:31:00] 33552:I base_api.py:14:send_api: 请求数据为{'method': 'POST', 'url': 'https://qyapi.weixin.qq.com/cgi-bin/department/update?access_token=l2hunYEsGrLOUn6WeW46XMN-u70QJ1PnEdqEk2-JC3J_9kv2sSeC6GBkPQTKf-r_7NwxmpYf1WBS6-U8GkY_FQ-Qof0gmOBZkLQKqsyrYZ1v3Z_STt-eJR3DRIeC3FvwHdoMH-Ojyd7SE8h_YRmnqEk7DilYFG8ZizD0HH90TwQ8FZ6EdS99Ou0hYMeAFQuyO7U4ccFgfXua8qV5wVV9Ig', 'json': {'name': '广州研发中心-update', 'id': 210}}]
[2025-10-20 10:31:02] 33552:I base_api.py:16:send_api: 接口响应为{"errcode":0,"errmsg":"updated"}]
[2025-10-20 10:31:02] 33552:I base_api.py:14:send_api: 请求数据为{'method': 'GET', 'url': 'https://qyapi.weixin.qq.com/cgi-bin/department/delete?access_token=l2hunYEsGrLOUn6WeW46XMN-u70QJ1PnEdqEk2-JC3J_9kv2sSeC6GBkPQTKf-r_7NwxmpYf1WBS6-U8GkY_FQ-Qof0gmOBZkLQKqsyrYZ1v3Z_STt-eJR3DRIeC3FvwHdoMH-Ojyd7SE8h_YRmnqEk7DilYFG8ZizD0HH90TwQ8FZ6EdS99Ou0hYMeAFQuyO7U4ccFgfXua8qV5wVV9Ig&id=210'}]
[2025-10-20 10:31:02] 33552:I base_api.py:16:send_api: 接口响应为{"errcode":0,"errmsg":"deleted"}]
[2025-10-20 10:31:02] 33552:I base_api.py:14:send_api: 请求数据为{'method': 'GET', 'url': 'https://qyapi.weixin.qq.com/cgi-bin/department/simplelist?access_token=l2hunYEsGrLOUn6WeW46XMN-u70QJ1PnEdqEk2-JC3J_9kv2sSeC6GBkPQTKf-r_7NwxmpYf1WBS6-U8GkY_FQ-Qof0gmOBZkLQKqsyrYZ1v3Z_STt-eJR3DRIeC3FvwHdoMH-Ojyd7SE8h_YRmnqEk7DilYFG8ZizD0HH90TwQ8FZ6EdS99Ou0hYMeAFQuyO7U4ccFgfXua8qV5wVV9Ig'}]
[2025-10-20 10:31:04] 33552:I base_api.py:16:send_api: 接口响应为{"errcode":0,"errmsg":"ok","department_id":[{"id":1,"parentid":0,"order":100000000}]}]
[2025-10-20 10:31:12] 28968:I base_api.py:14:send_api: 请求数据为{'method': 'GET', 'url': 'https://qyapi.weixin.qq.com/cgi-bin/gettoken?corpid=ww779187ee7c9f7085&corpsecret=AAR4FC_5E6m4mbvKWepNrLt7qPFdIHXrjrK77sQcNqE'}]
[2025-10-20 10:31:12] 28968:I base_api.py:16:send_api: 接口响应为{"errcode":0,"errmsg":"ok","access_token":"l2hunYEsGrLOUn6WeW46XMN-u70QJ1PnEdqEk2-JC3J_9kv2sSeC6GBkPQTKf-r_7NwxmpYf1WBS6-U8GkY_FQ-Qof0gmOBZkLQKqsyrYZ1v3Z_STt-eJR3DRIeC3FvwHdoMH-Ojyd7SE8h_YRmnqEk7DilYFG8ZizD0HH90TwQ8FZ6EdS99Ou0hYMeAFQuyO7U4ccFgfXua8qV5wVV9Ig","expires_in":7200}]
[2025-10-20 10:31:12] 28968:I base_api.py:14:send_api: 请求数据为{'method': 'GET', 'url': 'https://qyapi.weixin.qq.com/cgi-bin/department/simplelist?access_token=l2hunYEsGrLOUn6WeW46XMN-u70QJ1PnEdqEk2-JC3J_9kv2sSeC6GBkPQTKf-r_7NwxmpYf1WBS6-U8GkY_FQ-Qof0gmOBZkLQKqsyrYZ1v3Z_STt-eJR3DRIeC3FvwHdoMH-Ojyd7SE8h_YRmnqEk7DilYFG8ZizD0HH90TwQ8FZ6EdS99Ou0hYMeAFQuyO7U4ccFgfXua8qV5wVV9Ig'}]
[2025-10-20 10:31:13] 28968:I base_api.py:16:send_api: 接口响应为{"errcode":0,"errmsg":"ok","department_id":[{"id":1,"parentid":0,"order":100000000}]}]
[2025-10-20 10:31:13] 28968:I base_api.py:14:send_api: 请求数据为{'method': 'POST', 'url': 'https://qyapi.weixin.qq.com/cgi-bin/department/create?access_token=l2hunYEsGrLOUn6WeW46XMN-u70QJ1PnEdqEk2-JC3J_9kv2sSeC6GBkPQTKf-r_7NwxmpYf1WBS6-U8GkY_FQ-Qof0gmOBZkLQKqsyrYZ1v3Z_STt-eJR3DRIeC3FvwHdoMH-Ojyd7SE8h_YRmnqEk7DilYFG8ZizD0HH90TwQ8FZ6EdS99Ou0hYMeAFQuyO7U4ccFgfXua8qV5wVV9Ig', 'json': {'name': '技术部', 'name_en': 'JISHU1', 'parentid': 1, 'order': 1, 'id': 2}}]
[2025-10-20 10:31:13] 28968:I base_api.py:16:send_api: 接口响应为{"errcode":0,"errmsg":"created","id":2}]
[2025-10-20 10:31:13] 28968:I base_api.py:14:send_api: 请求数据为{'method': 'POST', 'url': 'https://qyapi.weixin.qq.com/cgi-bin/department/create?access_token=l2hunYEsGrLOUn6WeW46XMN-u70QJ1PnEdqEk2-JC3J_9kv2sSeC6GBkPQTKf-r_7NwxmpYf1WBS6-U8GkY_FQ-Qof0gmOBZkLQKqsyrYZ1v3Z_STt-eJR3DRIeC3FvwHdoMH-Ojyd7SE8h_YRmnqEk7DilYFG8ZizD0HH90TwQ8FZ6EdS99Ou0hYMeAFQuyO7U4ccFgfXua8qV5wVV9Ig', 'json': {'name': ' ', 'name_en': 'JISHU2', 'parentid': 1, 'order': 2, 'id': 3}}]
[2025-10-20 10:31:14] 28968:I base_api.py:16:send_api: 接口响应为{"errcode":60001,"errmsg":"department invalid length, hint: [1760927475201852093761100], from ip: 36.155.121.64, more info at https://open.work.weixin.qq.com/devtool/query?e=60001"}]
[2025-10-20 10:31:14] 28968:I base_api.py:14:send_api: 请求数据为{'method': 'GET', 'url': 'https://qyapi.weixin.qq.com/cgi-bin/gettoken?corpid=ww779187ee7c9f7085&corpsecret=AAR4FC_5E6m4mbvKWepNrLt7qPFdIHXrjrK77sQcNqE'}]
[2025-10-20 10:31:14] 28968:I base_api.py:16:send_api: 接口响应为{"errcode":0,"errmsg":"ok","access_token":"l2hunYEsGrLOUn6WeW46XMN-u70QJ1PnEdqEk2-JC3J_9kv2sSeC6GBkPQTKf-r_7NwxmpYf1WBS6-U8GkY_FQ-Qof0gmOBZkLQKqsyrYZ1v3Z_STt-eJR3DRIeC3FvwHdoMH-Ojyd7SE8h_YRmnqEk7DilYFG8ZizD0HH90TwQ8FZ6EdS99Ou0hYMeAFQuyO7U4ccFgfXua8qV5wVV9Ig","expires_in":7200}]
[2025-10-20 10:31:14] 28968:I base_api.py:14:send_api: 请求数据为{'method': 'GET', 'url': 'https://qyapi.weixin.qq.com/cgi-bin/department/simplelist?access_token=l2hunYEsGrLOUn6WeW46XMN-u70QJ1PnEdqEk2-JC3J_9kv2sSeC6GBkPQTKf-r_7NwxmpYf1WBS6-U8GkY_FQ-Qof0gmOBZkLQKqsyrYZ1v3Z_STt-eJR3DRIeC3FvwHdoMH-Ojyd7SE8h_YRmnqEk7DilYFG8ZizD0HH90TwQ8FZ6EdS99Ou0hYMeAFQuyO7U4ccFgfXua8qV5wVV9Ig'}]
[2025-10-20 10:31:15] 28968:I base_api.py:16:send_api: 接口响应为{"errcode":0,"errmsg":"ok","department_id":[{"id":1,"parentid":0,"order":100000000},{"id":2,"parentid":1,"order":1}]}]
[2025-10-20 10:31:15] 28968:I base_api.py:14:send_api: 请求数据为{'method': 'GET', 'url': 'https://qyapi.weixin.qq.com/cgi-bin/department/delete?access_token=l2hunYEsGrLOUn6WeW46XMN-u70QJ1PnEdqEk2-JC3J_9kv2sSeC6GBkPQTKf-r_7NwxmpYf1WBS6-U8GkY_FQ-Qof0gmOBZkLQKqsyrYZ1v3Z_STt-eJR3DRIeC3FvwHdoMH-Ojyd7SE8h_YRmnqEk7DilYFG8ZizD0HH90TwQ8FZ6EdS99Ou0hYMeAFQuyO7U4ccFgfXua8qV5wVV9Ig&id=2'}]
[2025-10-20 10:31:16] 28968:I base_api.py:16:send_api: 接口响应为{"errcode":0,"errmsg":"deleted"}]
[2025-10-20 10:31:16] 28968:I base_api.py:14:send_api: 请求数据为{'method': 'POST', 'url': 'https://qyapi.weixin.qq.com/cgi-bin/department/create?access_token=l2hunYEsGrLOUn6WeW46XMN-u70QJ1PnEdqEk2-JC3J_9kv2sSeC6GBkPQTKf-r_7NwxmpYf1WBS6-U8GkY_FQ-Qof0gmOBZkLQKqsyrYZ1v3Z_STt-eJR3DRIeC3FvwHdoMH-Ojyd7SE8h_YRmnqEk7DilYFG8ZizD0HH90TwQ8FZ6EdS99Ou0hYMeAFQuyO7U4ccFgfXua8qV5wVV9Ig', 'json': {'name': '技术部', 'name_en': 'JISHU1', 'parentid': 1, 'order': 1, 'id': 210}}]
[2025-10-20 10:31:17] 28968:I base_api.py:16:send_api: 接口响应为{"errcode":0,"errmsg":"created","id":210}]
[2025-10-20 10:31:17] 28968:I base_api.py:14:send_api: 请求数据为{'method': 'GET', 'url': 'https://qyapi.weixin.qq.com/cgi-bin/department/simplelist?access_token=l2hunYEsGrLOUn6WeW46XMN-u70QJ1PnEdqEk2-JC3J_9kv2sSeC6GBkPQTKf-r_7NwxmpYf1WBS6-U8GkY_FQ-Qof0gmOBZkLQKqsyrYZ1v3Z_STt-eJR3DRIeC3FvwHdoMH-Ojyd7SE8h_YRmnqEk7DilYFG8ZizD0HH90TwQ8FZ6EdS99Ou0hYMeAFQuyO7U4ccFgfXua8qV5wVV9Ig'}]
[2025-10-20 10:31:18] 28968:I base_api.py:16:send_api: 接口响应为{"errcode":0,"errmsg":"ok","department_id":[{"id":1,"parentid":0,"order":100000000},{"id":210,"parentid":1,"order":1}]}]
[2025-10-20 10:31:18] 28968:I base_api.py:14:send_api: 请求数据为{'method': 'POST', 'url': 'https://qyapi.weixin.qq.com/cgi-bin/department/update?access_token=l2hunYEsGrLOUn6WeW46XMN-u70QJ1PnEdqEk2-JC3J_9kv2sSeC6GBkPQTKf-r_7NwxmpYf1WBS6-U8GkY_FQ-Qof0gmOBZkLQKqsyrYZ1v3Z_STt-eJR3DRIeC3FvwHdoMH-Ojyd7SE8h_YRmnqEk7DilYFG8ZizD0HH90TwQ8FZ6EdS99Ou0hYMeAFQuyO7U4ccFgfXua8qV5wVV9Ig', 'json': {'name': '广州研发中心-update', 'id': 210}}]
[2025-10-20 10:31:19] 28968:I base_api.py:16:send_api: 接口响应为{"errcode":0,"errmsg":"updated"}]
[2025-10-20 10:31:19] 28968:I base_api.py:14:send_api: 请求数据为{'method': 'GET', 'url': 'https://qyapi.weixin.qq.com/cgi-bin/department/delete?access_token=l2hunYEsGrLOUn6WeW46XMN-u70QJ1PnEdqEk2-JC3J_9kv2sSeC6GBkPQTKf-r_7NwxmpYf1WBS6-U8GkY_FQ-Qof0gmOBZkLQKqsyrYZ1v3Z_STt-eJR3DRIeC3FvwHdoMH-Ojyd7SE8h_YRmnqEk7DilYFG8ZizD0HH90TwQ8FZ6EdS99Ou0hYMeAFQuyO7U4ccFgfXua8qV5wVV9Ig&id=210'}]
[2025-10-20 10:31:19] 28968:I base_api.py:16:send_api: 接口响应为{"errcode":0,"errmsg":"deleted"}]
[2025-10-20 10:31:19] 28968:I base_api.py:14:send_api: 请求数据为{'method': 'GET', 'url': 'https://qyapi.weixin.qq.com/cgi-bin/department/simplelist?access_token=l2hunYEsGrLOUn6WeW46XMN-u70QJ1PnEdqEk2-JC3J_9kv2sSeC6GBkPQTKf-r_7NwxmpYf1WBS6-U8GkY_FQ-Qof0gmOBZkLQKqsyrYZ1v3Z_STt-eJR3DRIeC3FvwHdoMH-Ojyd7SE8h_YRmnqEk7DilYFG8ZizD0HH90TwQ8FZ6EdS99Ou0hYMeAFQuyO7U4ccFgfXua8qV5wVV9Ig'}]
[2025-10-20 10:31:22] 28968:I base_api.py:16:send_api: 接口响应为{"errcode":0,"errmsg":"ok","department_id":[{"id":1,"parentid":0,"order":100000000}]}]
[2025-10-20 10:31:22] 28968:I base_api.py:14:send_api: 请求数据为{'method': 'GET', 'url': 'https://qyapi.weixin.qq.com/cgi-bin/department/simplelist?access_token=l2hunYEsGrLOUn6WeW46XMN-u70QJ1PnEdqEk2-JC3J_9kv2sSeC6GBkPQTKf-r_7NwxmpYf1WBS6-U8GkY_FQ-Qof0gmOBZkLQKqsyrYZ1v3Z_STt-eJR3DRIeC3FvwHdoMH-Ojyd7SE8h_YRmnqEk7DilYFG8ZizD0HH90TwQ8FZ6EdS99Ou0hYMeAFQuyO7U4ccFgfXua8qV5wVV9Ig'}]
[2025-10-20 10:31:22] 28968:I base_api.py:16:send_api: 接口响应为{"errcode":0,"errmsg":"ok","department_id":[{"id":1,"parentid":0,"order":100000000}]}]
